#
# A fatal error has been detected by the Java Runtime Environment:
#
#  SIGSEGV (0xb) at pc=0x0000000000000000, pid=26518, tid=0x00007fa8c34ce700
#
# JRE version: Java(TM) SE Runtime Environment (8.0_101-b13) (build 1.8.0_101-b13)
# Java VM: Java HotSpot(TM) 64-Bit Server VM (25.101-b13 mixed mode linux-amd64 compressed oops)
# Problematic frame:
# C  0x0000000000000000
#
# Failed to write core dump. Core dumps have been disabled. To enable core dumping, try "ulimit -c unlimited" before starting Java again
#
# If you would like to submit a bug report, please visit:
#   http://bugreport.java.com/bugreport/crash.jsp
# The crash happened outside the Java Virtual Machine in native code.
# See problematic frame for where to report the bug.
#

---------------  T H R E A D  ---------------

Current thread (0x00007fa920300000):  JavaThread "AWT-EventQueue-0" [_thread_in_native, id=26547, stack(0x00007fa8c33ce000,0x00007fa8c34cf000)]

siginfo: si_signo: 11 (SIGSEGV), si_code: 1 (SEGV_MAPERR), si_addr: 0x0000000000000000

Registers:
RAX=0x00007fa909c27598, RBX=0x00000000000001fe, RCX=0x00000000000001fe, RDX=0x00000000000003f2
RSP=0x00007fa8c34ca9d8, RBP=0x00007fa8c34caa00, RSI=0x00007fa8c34caa98, RDI=0x00007fa9203001f8
R8 =0x0000000000000000, R9 =0x000000000000000c, R10=0x00007fa91101fc58, R11=0x00007fa92726fc50
R12=0x00000000000003f2, R13=0x00007fa9203001f8, R14=0x00007fa8c34caa98, R15=0x00007fa920300000
RIP=0x0000000000000000, EFLAGS=0x0000000000010202, CSGSFS=0x0000000000000033, ERR=0x0000000000000014
  TRAPNO=0x000000000000000e

Top of Stack: (sp=0x00007fa8c34ca9d8)
0x00007fa8c34ca9d8:   00007fa909a13925 0000000000000000
0x00007fa8c34ca9e8:   00007fa8c25a3a50 0000000000000000
0x00007fa8c34ca9f8:   00007fa8c25a3a50 00007fa8c34caa68
0x00007fa8c34caa08:   00007fa91101fc84 00007fa8c34caa68
0x00007fa8c34caa18:   00007fa91101f747 00007fa91101f702
0x00007fa8c34caa28:   00007fa8c34caa28 00007fa8c25a3a50
0x00007fa8c34caa38:   00007fa8c34caa98 00007fa8c25a7028
0x00007fa8c34caa48:   0000000000000000 00007fa8c25a3a50
0x00007fa8c34caa58:   0000000000000000 00007fa8c34caa88
0x00007fa8c34caa68:   00007fa8c34caae0 00007fa91100833d
0x00007fa8c34caa78:   0000000000000000 00007fa911016478
0x00007fa8c34caa88:   00000000000001fe 00000000000003f2
0x00007fa8c34caa98:   00000000d7a15ff8 00007fa8c34caaa0
0x00007fa8c34caaa8:   00007fa8c25a4c55 00007fa8c34cab20
0x00007fa8c34caab8:   00007fa8c25a7028 0000000000000000
0x00007fa8c34caac8:   00007fa8c25a4c88 00007fa8c34caa88
0x00007fa8c34caad8:   00007fa8c34caaf0 00007fa8c34cab78
0x00007fa8c34caae8:   00007fa91100833d 00000000d7a19150
0x00007fa8c34caaf8:   00000000000001fe 00000000000003f2
0x00007fa8c34cab08:   0000000000000000 0000000000000000
0x00007fa8c34cab18:   00000000d7a14ce0 00000000d7a15ff8
0x00007fa8c34cab28:   0000000000000001 00000000d70c2768
0x00007fa8c34cab38:   00007fa8c34cab28 00007fa8c32627fe
0x00007fa8c34cab48:   00007fa8c34cabe8 00007fa8c3262b88
0x00007fa8c34cab58:   0000000000000000 00007fa8c3262850
0x00007fa8c34cab68:   00007fa8c34caaf0 00007fa8c34cabb8
0x00007fa8c34cab78:   00007fa8c34cac30 00007fa911008382
0x00007fa8c34cab88:   0000000000000000 00000000d70c2768
0x00007fa8c34cab98:   0000000000000001 0000000000000400
0x00007fa8c34caba8:   00000000d79f2d50 00000000d7a14fc0
0x00007fa8c34cabb8:   00000000000001fe 00000000000003f2
0x00007fa8c34cabc8:   0000000000000000 0000000000000000 

Instructions: (pc=0x0000000000000000)
0xffffffffffffffe0:   

Register to memory mapping:

RAX=0x00007fa909c27598: <offset 0x258598> in /usr/lib/jvm/java-8-oracle/jre/lib/amd64/libawt_xawt.so at 0x00007fa9099cf000
RBX=0x00000000000001fe is an unknown value
RCX=0x00000000000001fe is an unknown value
RDX=0x00000000000003f2 is an unknown value
RSP=0x00007fa8c34ca9d8 is pointing into the stack for thread: 0x00007fa920300000
RBP=0x00007fa8c34caa00 is pointing into the stack for thread: 0x00007fa920300000
RSI=0x00007fa8c34caa98 is pointing into the stack for thread: 0x00007fa920300000
RDI=0x00007fa9203001f8 is an unknown value
R8 =0x0000000000000000 is an unknown value
R9 =0x000000000000000c is an unknown value
R10=0x00007fa91101fc58 is at code_begin+1528 in an Interpreter codelet
method entry point (kind = native)  [0x00007fa91101f660, 0x00007fa9110205a0]  3904 bytes
R11=0x00007fa92726fc50: <offset 0x9c1c50> in /usr/lib/jvm/java-8-oracle/jre/lib/amd64/server/libjvm.so at 0x00007fa9268ae000
R12=0x00000000000003f2 is an unknown value
R13=0x00007fa9203001f8 is an unknown value
R14=0x00007fa8c34caa98 is pointing into the stack for thread: 0x00007fa920300000
R15=0x00007fa920300000 is a thread


Stack: [0x00007fa8c33ce000,0x00007fa8c34cf000],  sp=0x00007fa8c34ca9d8,  free space=1010k
Java frames: (J=compiled Java code, j=interpreted, Vv=VM code)
j  com.sun.java.swing.plaf.gtk.GTKEngine.nativeStartPainting(II)V+0
j  com.sun.java.swing.plaf.gtk.GTKEngine.startPainting(Ljava/awt/Graphics;IIII[Ljava/lang/Object;)V+5
j  com.sun.java.swing.plaf.gtk.GTKPainter$TitledBorder.paintBorder(Ljava/awt/Component;Ljava/awt/Graphics;IIII)V+86
j  javax.swing.border.TitledBorder.paintBorder(Ljava/awt/Component;Ljava/awt/Graphics;IIII)V+809
j  javax.swing.JComponent.paintBorder(Ljava/awt/Graphics;)V+22
j  javax.swing.JComponent.paint(Ljava/awt/Graphics;)V+292
j  javax.swing.JComponent.paintChildren(Ljava/awt/Graphics;)V+501
j  javax.swing.JComponent.paint(Ljava/awt/Graphics;)V+318
j  javax.swing.JComponent.paintChildren(Ljava/awt/Graphics;)V+501
j  javax.swing.JComponent.paint(Ljava/awt/Graphics;)V+318
j  javax.swing.JLayeredPane.paint(Ljava/awt/Graphics;)V+73
j  javax.swing.JComponent.paintChildren(Ljava/awt/Graphics;)V+501
j  javax.swing.JComponent.paintToOffscreen(Ljava/awt/Graphics;IIIIII)V+72
j  javax.swing.BufferStrategyPaintManager.paint(Ljavax/swing/JComponent;Ljavax/swing/JComponent;Ljava/awt/Graphics;IIII)Z+164
j  javax.swing.RepaintManager.paint(Ljavax/swing/JComponent;Ljavax/swing/JComponent;Ljava/awt/Graphics;IIII)V+51
j  javax.swing.JComponent.paint(Ljava/awt/Graphics;)V+221
j  java.awt.GraphicsCallback$PaintCallback.run(Ljava/awt/Component;Ljava/awt/Graphics;)V+2
j  sun.awt.SunGraphicsCallback.runOneComponent(Ljava/awt/Component;Ljava/awt/Rectangle;Ljava/awt/Graphics;Ljava/awt/Shape;I)V+155
j  sun.awt.SunGraphicsCallback.runComponents([Ljava/awt/Component;Ljava/awt/Graphics;I)V+194
j  java.awt.Container.paint(Ljava/awt/Graphics;)V+58
j  java.awt.Window.paint(Ljava/awt/Graphics;)V+68
j  javax.swing.RepaintManager$4.run()Ljava/lang/Void;+142
j  javax.swing.RepaintManager$4.run()Ljava/lang/Object;+1
v  ~StubRoutines::call_stub
j  java.security.AccessController.doPrivileged(Ljava/security/PrivilegedAction;Ljava/security/AccessControlContext;)Ljava/lang/Object;+0
j  java.security.ProtectionDomain$JavaSecurityAccessImpl.doIntersectionPrivilege(Ljava/security/PrivilegedAction;Ljava/security/AccessControlContext;Ljava/security/AccessControlContext;)Ljava/lang/Object;+18
j  javax.swing.RepaintManager.paintDirtyRegions(Ljava/util/Map;)V+154
j  javax.swing.RepaintManager.paintDirtyRegions()V+46
j  javax.swing.RepaintManager.prePaintDirtyRegions()V+73
j  javax.swing.RepaintManager.access$1200(Ljavax/swing/RepaintManager;)V+1
j  javax.swing.RepaintManager$ProcessingRunnable.run()V+37
j  java.awt.event.InvocationEvent.dispatch()V+47
j  java.awt.EventQueue.dispatchEventImpl(Ljava/awt/AWTEvent;Ljava/lang/Object;)V+21
j  java.awt.EventQueue.access$500(Ljava/awt/EventQueue;Ljava/awt/AWTEvent;Ljava/lang/Object;)V+3
j  java.awt.EventQueue$3.run()Ljava/lang/Void;+32
j  java.awt.EventQueue$3.run()Ljava/lang/Object;+1
v  ~StubRoutines::call_stub
j  java.security.AccessController.doPrivileged(Ljava/security/PrivilegedAction;Ljava/security/AccessControlContext;)Ljava/lang/Object;+0
j  java.security.ProtectionDomain$JavaSecurityAccessImpl.doIntersectionPrivilege(Ljava/security/PrivilegedAction;Ljava/security/AccessControlContext;Ljava/security/AccessControlContext;)Ljava/lang/Object;+18
j  java.awt.EventQueue.dispatchEvent(Ljava/awt/AWTEvent;)V+46
j  java.awt.EventDispatchThread.pumpOneEventForFilters(I)V+245
j  java.awt.EventDispatchThread.pumpEventsForFilter(ILjava/awt/Conditional;Ljava/awt/EventFilter;)V+35
j  java.awt.EventDispatchThread.pumpEventsForHierarchy(ILjava/awt/Conditional;Ljava/awt/Component;)V+11
j  java.awt.EventDispatchThread.pumpEvents(ILjava/awt/Conditional;)V+4
j  java.awt.EventDispatchThread.pumpEvents(Ljava/awt/Conditional;)V+3
j  java.awt.EventDispatchThread.run()V+9
v  ~StubRoutines::call_stub

---------------  P R O C E S S  ---------------

Java Threads: ( => current thread )
  0x00007fa8b8076000 JavaThread "Image Fetcher 0" daemon [_thread_blocked, id=26552, stack(0x00007fa8c2fc8000,0x00007fa8c30c9000)]
  0x00007fa8b8004000 JavaThread "org.netbeans.modules.debugger.jpda.visual AWT Access Loop" daemon [_thread_blocked, id=26548, stack(0x00007fa8c32cd000,0x00007fa8c33ce000)]
  0x00007fa92000c000 JavaThread "DestroyJavaVM" [_thread_blocked, id=26520, stack(0x00007fa928395000,0x00007fa928496000)]
=>0x00007fa920300000 JavaThread "AWT-EventQueue-0" [_thread_in_native, id=26547, stack(0x00007fa8c33ce000,0x00007fa8c34cf000)]
  0x00007fa9202fe800 JavaThread "AWT-Shutdown" [_thread_blocked, id=26546, stack(0x00007fa8c34cf000,0x00007fa8c35d0000)]
  0x00007fa920267000 JavaThread "AWT-XAWT" daemon [_thread_in_native, id=26545, stack(0x00007fa8c3cf9000,0x00007fa8c3dfa000)]
  0x00007fa92024a000 JavaThread "Java2D Disposer" daemon [_thread_blocked, id=26544, stack(0x00007fa90825d000,0x00007fa90835e000)]
  0x00007fa9200d2800 JavaThread "Service Thread" daemon [_thread_blocked, id=26542, stack(0x00007fa909ffb000,0x00007fa90a0fc000)]
  0x00007fa9200cf000 JavaThread "C1 CompilerThread2" daemon [_thread_blocked, id=26541, stack(0x00007fa90a0fc000,0x00007fa90a1fd000)]
  0x00007fa9200cd800 JavaThread "C2 CompilerThread1" daemon [_thread_blocked, id=26540, stack(0x00007fa90a1fd000,0x00007fa90a2fe000)]
  0x00007fa9200ca800 JavaThread "C2 CompilerThread0" daemon [_thread_blocked, id=26539, stack(0x00007fa90a2fe000,0x00007fa90a3ff000)]
  0x00007fa8e8001000 JavaThread "JDWP Command Reader" daemon [_thread_in_native, id=26537, stack(0x00007fa90a3ff000,0x00007fa90a500000)]
  0x00007fa9200c8000 JavaThread "JDWP Event Helper Thread" daemon [_thread_blocked, id=26536, stack(0x00007fa90a500000,0x00007fa90a601000)]
  0x00007fa9200c4800 JavaThread "JDWP Transport Listener: dt_socket" daemon [_thread_blocked, id=26533, stack(0x00007fa90a601000,0x00007fa90a702000)]
  0x00007fa9200b8000 JavaThread "Signal Dispatcher" daemon [_thread_blocked, id=26532, stack(0x00007fa90a906000,0x00007fa90aa07000)]
  0x00007fa920086000 JavaThread "Finalizer" daemon [_thread_blocked, id=26530, stack(0x00007fa90aa07000,0x00007fa90ab08000)]
  0x00007fa920081800 JavaThread "Reference Handler" daemon [_thread_blocked, id=26529, stack(0x00007fa90ab08000,0x00007fa90ac09000)]

Other Threads:
  0x00007fa92007a000 VMThread [stack: 0x00007fa90ac09000,0x00007fa90ad0a000] [id=26528]
  0x00007fa9200d5800 WatcherThread [stack: 0x00007fa909efa000,0x00007fa909ffb000] [id=26543]

VM state:not at safepoint (normal execution)

VM Mutex/Monitor currently owned by a thread: None

Heap:
 PSYoungGen      total 36864K, used 13338K [0x00000000d6d80000, 0x00000000d9680000, 0x0000000100000000)
  eden space 31744K, 42% used [0x00000000d6d80000,0x00000000d7a868f8,0x00000000d8c80000)
  from space 5120K, 0% used [0x00000000d9180000,0x00000000d9180000,0x00000000d9680000)
  to   space 5120K, 0% used [0x00000000d8c80000,0x00000000d8c80000,0x00000000d9180000)
 ParOldGen       total 84992K, used 0K [0x0000000084800000, 0x0000000089b00000, 0x00000000d6d80000)
  object space 84992K, 0% used [0x0000000084800000,0x0000000084800000,0x0000000089b00000)
 Metaspace       used 13882K, capacity 14146K, committed 14336K, reserved 1062912K
  class space    used 1691K, capacity 1789K, committed 1792K, reserved 1048576K

Card table byte_map: [0x00007fa910c23000,0x00007fa911000000] byte_map_base: 0x00007fa9107ff000

Marking Bits: (ParMarkBitMap*) 0x00007fa92786f120
 Begin Bits: [0x00007fa90ca5f000, 0x00007fa90e93f000)
 End Bits:   [0x00007fa90e93f000, 0x00007fa91081f000)

Polling page: 0x00007fa9284be000

CodeCache: size=245760Kb used=2727Kb max_used=2727Kb free=243032Kb
 bounds [0x00007fa911000000, 0x00007fa9112b0000, 0x00007fa920000000]
 total_blobs=1262 nmethods=693 adapters=491
 compilation: enabled

Compilation events (10 events):
Event: 1,132 Thread 0x00007fa9200cf000  694       3       javax.swing.plaf.nimbus.NimbusStyle::get (240 bytes)
Event: 1,134 Thread 0x00007fa9200cf000 nmethod 694 0x00007fa9112a0d50 code [0x00007fa9112a1040, 0x00007fa9112a2528]
Event: 1,134 Thread 0x00007fa9200cf000  688       3       java.awt.geom.Rectangle2D::<init> (5 bytes)
Event: 1,134 Thread 0x00007fa9200cf000 nmethod 688 0x00007fa9112a08d0 code [0x00007fa9112a0a40, 0x00007fa9112a0c50]
Event: 1,134 Thread 0x00007fa9200cf000  689       3       javax.swing.plaf.nimbus.NimbusStyle::getExtendedState (247 bytes)
Event: 1,137 Thread 0x00007fa9200cf000 nmethod 689 0x00007fa9112a7450 code [0x00007fa9112a76c0, 0x00007fa9112a8848]
Event: 1,137 Thread 0x00007fa9200cf000  690       1       sun.swing.MenuItemLayoutHelper::getText (5 bytes)
Event: 1,138 Thread 0x00007fa9200cf000 nmethod 690 0x00007fa9112a9250 code [0x00007fa9112a93a0, 0x00007fa9112a94b0]
Event: 1,138 Thread 0x00007fa9200cf000  692       1       sun.swing.MenuItemLayoutHelper::getIcon (5 bytes)
Event: 1,138 Thread 0x00007fa9200cf000 nmethod 692 0x00007fa9112a9510 code [0x00007fa9112a9660, 0x00007fa9112a9770]

GC Heap History (0 events):
No events

Deoptimization events (8 events):
Event: 0,698 Thread 0x00007fa920300000 Uncommon trap: reason=unstable_if action=reinterpret pc=0x00007fa9111c6cec method=java.lang.AbstractStringBuilder.append(Ljava/lang/String;)Ljava/lang/AbstractStringBuilder; @ 1
Event: 0,698 Thread 0x00007fa920300000 Uncommon trap: reason=unstable_if action=reinterpret pc=0x00007fa9111c7870 method=java.lang.AbstractStringBuilder.append(Ljava/lang/String;)Ljava/lang/AbstractStringBuilder; @ 1
Event: 0,795 Thread 0x00007fa920300000 Uncommon trap: reason=unstable_if action=reinterpret pc=0x00007fa9111bca34 method=java.lang.String.<init>([CII)V @ 18
Event: 1,017 Thread 0x00007fa920300000 Uncommon trap: reason=class_check action=maybe_recompile pc=0x00007fa9111e4f54 method=java.util.HashMap.putVal(ILjava/lang/Object;Ljava/lang/Object;ZZ)Ljava/lang/Object; @ 253
Event: 1,018 Thread 0x00007fa920300000 Uncommon trap: reason=class_check action=maybe_recompile pc=0x00007fa9111e4f54 method=java.util.HashMap.putVal(ILjava/lang/Object;Ljava/lang/Object;ZZ)Ljava/lang/Object; @ 253
Event: 1,019 Thread 0x00007fa920300000 Uncommon trap: reason=class_check action=maybe_recompile pc=0x00007fa9111e4f54 method=java.util.HashMap.putVal(ILjava/lang/Object;Ljava/lang/Object;ZZ)Ljava/lang/Object; @ 253
Event: 1,019 Thread 0x00007fa920300000 Uncommon trap: reason=class_check action=maybe_recompile pc=0x00007fa9111e4f54 method=java.util.HashMap.putVal(ILjava/lang/Object;Ljava/lang/Object;ZZ)Ljava/lang/Object; @ 253
Event: 1,019 Thread 0x00007fa920300000 Uncommon trap: reason=class_check action=maybe_recompile pc=0x00007fa9111e6544 method=java.util.HashMap.putVal(ILjava/lang/Object;Ljava/lang/Object;ZZ)Ljava/lang/Object; @ 253

Internal exceptions (10 events):
Event: 0,795 Thread 0x00007fa920300000 Exception <a 'java/lang/NoSuchMethodError': <clinit>> (0x00000000d76308a8) thrown at [/HUDSON3/workspace/8-2-build-linux-amd64/jdk8u101/7261/hotspot/src/share/vm/prims/jni.cpp, line 1613]
Event: 0,806 Thread 0x00007fa920300000 Exception <a 'java/lang/NoSuchMethodError': <clinit>> (0x00000000d7656e78) thrown at [/HUDSON3/workspace/8-2-build-linux-amd64/jdk8u101/7261/hotspot/src/share/vm/prims/jni.cpp, line 1613]
Event: 0,808 Thread 0x00007fa920300000 Exception <a 'java/lang/NoSuchMethodError': <clinit>> (0x00000000d766e978) thrown at [/HUDSON3/workspace/8-2-build-linux-amd64/jdk8u101/7261/hotspot/src/share/vm/prims/jni.cpp, line 1613]
Event: 0,814 Thread 0x00007fa920300000 Exception <a 'java/lang/NoSuchMethodError': <clinit>> (0x00000000d7694950) thrown at [/HUDSON3/workspace/8-2-build-linux-amd64/jdk8u101/7261/hotspot/src/share/vm/prims/jni.cpp, line 1613]
Event: 0,815 Thread 0x00007fa920300000 Exception <a 'java/lang/NoSuchMethodError': <clinit>> (0x00000000d769ce98) thrown at [/HUDSON3/workspace/8-2-build-linux-amd64/jdk8u101/7261/hotspot/src/share/vm/prims/jni.cpp, line 1613]
Event: 0,826 Thread 0x00007fa920300000 Exception <a 'java/lang/NoSuchMethodError': <clinit>> (0x00000000d76c9190) thrown at [/HUDSON3/workspace/8-2-build-linux-amd64/jdk8u101/7261/hotspot/src/share/vm/prims/jni.cpp, line 1613]
Event: 0,828 Thread 0x00007fa920300000 Exception <a 'java/lang/NoSuchMethodError': <clinit>> (0x00000000d76dfb98) thrown at [/HUDSON3/workspace/8-2-build-linux-amd64/jdk8u101/7261/hotspot/src/share/vm/prims/jni.cpp, line 1613]
Event: 0,850 Thread 0x00007fa920300000 Exception <a 'java/lang/NoSuchMethodError': <clinit>> (0x00000000d7757f28) thrown at [/HUDSON3/workspace/8-2-build-linux-amd64/jdk8u101/7261/hotspot/src/share/vm/prims/jni.cpp, line 1613]
Event: 0,852 Thread 0x00007fa920300000 Exception <a 'java/lang/NoSuchMethodError': <clinit>> (0x00000000d776b048) thrown at [/HUDSON3/workspace/8-2-build-linux-amd64/jdk8u101/7261/hotspot/src/share/vm/prims/jni.cpp, line 1613]
Event: 0,853 Thread 0x00007fa920300000 Exception <a 'java/lang/NoSuchMethodError': <clinit>> (0x00000000d777f050) thrown at [/HUDSON3/workspace/8-2-build-linux-amd64/jdk8u101/7261/hotspot/src/share/vm/prims/jni.cpp, line 1613]

Events (10 events):
Event: 1,138 loading class com/sun/java/swing/plaf/gtk/GTKEngine
Event: 1,138 loading class com/sun/java/swing/plaf/gtk/GTKEngine done
Event: 1,139 loading class sun/swing/ImageCache
Event: 1,139 loading class sun/swing/ImageCache done
Event: 1,139 loading class com/sun/java/swing/plaf/gtk/GTKEngine$WidgetType
Event: 1,139 loading class com/sun/java/swing/plaf/gtk/GTKEngine$WidgetType done
Event: 1,140 loading class com/sun/java/swing/plaf/gtk/GTKRegion
Event: 1,140 loading class com/sun/java/swing/plaf/gtk/GTKRegion done
Event: 1,140 loading class sun/swing/ImageCache$Entry
Event: 1,141 loading class sun/swing/ImageCache$Entry done


Dynamic libraries:
00400000-00401000 r-xp 00000000 08:05 1447353                            /usr/lib/jvm/java-8-oracle/bin/java
00600000-00601000 rw-p 00000000 08:05 1447353                            /usr/lib/jvm/java-8-oracle/bin/java
0135b000-0137c000 rw-p 00000000 00:00 0                                  [heap]
84800000-89b00000 rw-p 00000000 00:00 0 
89b00000-d6d80000 ---p 00000000 00:00 0 
d6d80000-d9680000 rw-p 00000000 00:00 0 
d9680000-100000000 ---p 00000000 00:00 0 
100000000-1001c0000 rw-p 00000000 00:00 0 
1001c0000-140000000 ---p 00000000 00:00 0 
7fa8ac000000-7fa8ac021000 rw-p 00000000 00:00 0 
7fa8ac021000-7fa8b0000000 ---p 00000000 00:00 0 
7fa8b0000000-7fa8b032b000 rw-p 00000000 00:00 0 
7fa8b032b000-7fa8b4000000 ---p 00000000 00:00 0 
7fa8b4000000-7fa8b4021000 rw-p 00000000 00:00 0 
7fa8b4021000-7fa8b8000000 ---p 00000000 00:00 0 
7fa8b8000000-7fa8b82f3000 rw-p 00000000 00:00 0 
7fa8b82f3000-7fa8bc000000 ---p 00000000 00:00 0 
7fa8bc000000-7fa8bc021000 rw-p 00000000 00:00 0 
7fa8bc021000-7fa8c0000000 ---p 00000000 00:00 0 
7fa8c2587000-7fa8c25c7000 rw-p 00000000 00:00 0 
7fa8c25c7000-7fa8c2787000 ---p 00000000 00:00 0 
7fa8c2787000-7fa8c27b1000 r-xp 00000000 08:05 1447485                    /usr/lib/jvm/java-8-oracle/jre/lib/amd64/libdcpr.so
7fa8c27b1000-7fa8c29b1000 ---p 0002a000 08:05 1447485                    /usr/lib/jvm/java-8-oracle/jre/lib/amd64/libdcpr.so
7fa8c29b1000-7fa8c29b4000 rw-p 0002a000 08:05 1447485                    /usr/lib/jvm/java-8-oracle/jre/lib/amd64/libdcpr.so
7fa8c29b4000-7fa8c2a1d000 r-xp 00000000 08:05 1447534                    /usr/lib/jvm/java-8-oracle/jre/lib/amd64/libt2k.so
7fa8c2a1d000-7fa8c2c1d000 ---p 00069000 08:05 1447534                    /usr/lib/jvm/java-8-oracle/jre/lib/amd64/libt2k.so
7fa8c2c1d000-7fa8c2c24000 rw-p 00069000 08:05 1447534                    /usr/lib/jvm/java-8-oracle/jre/lib/amd64/libt2k.so
7fa8c2c24000-7fa8c2c34000 rw-p 00000000 00:00 0 
7fa8c2c34000-7fa8c2c3f000 r--s 00000000 08:05 917767                     /var/cache/fontconfig/945677eb7aeaf62f1d50efc3fb3ec7d8-le64.cache-6
7fa8c2c3f000-7fa8c2c41000 r--s 00000000 08:05 917765                     /var/cache/fontconfig/99e8ed0e538f840c565b6ed5dad60d56-le64.cache-6
7fa8c2c41000-7fa8c2c4a000 r--s 00000000 08:05 917764                     /var/cache/fontconfig/a6d8cf8e4ec09cdbc8633c31745a07dd-le64.cache-6
7fa8c2c4a000-7fa8c2c50000 r--s 00000000 08:05 917763                     /var/cache/fontconfig/2cd17615ca594fa2959ae173292e504c-le64.cache-6
7fa8c2c50000-7fa8c2c51000 r--s 00000000 08:05 917762                     /var/cache/fontconfig/0d8c3b2ac0904cb8a57a757ad11a4a08-le64.cache-6
7fa8c2c51000-7fa8c2c8c000 r--s 00000000 08:05 917753                     /var/cache/fontconfig/365b55f210c0a22e9a19e35191240f32-le64.cache-6
7fa8c2dc8000-7fa8c2fc8000 rw-p 00000000 00:00 0 
7fa8c2fc8000-7fa8c2fcb000 ---p 00000000 00:00 0 
7fa8c2fcb000-7fa8c30c9000 rw-p 00000000 00:00 0 
7fa8c30c9000-7fa8c30cd000 r--s 00097000 08:05 1447379                    /usr/lib/jvm/java-8-oracle/jre/lib/jsse.jar
7fa8c30cd000-7fa8c32cd000 rw-p 00000000 00:00 0 
7fa8c32cd000-7fa8c32d0000 ---p 00000000 00:00 0 
7fa8c32d0000-7fa8c33ce000 rw-p 00000000 00:00 0 
7fa8c33ce000-7fa8c33d1000 ---p 00000000 00:00 0 
7fa8c33d1000-7fa8c34cf000 rw-p 00000000 00:00 0 
7fa8c34cf000-7fa8c34d2000 ---p 00000000 00:00 0 
7fa8c34d2000-7fa8c35d0000 rw-p 00000000 00:00 0 
7fa8c35d0000-7fa8c35e1000 r-xp 00000000 08:05 1447503                    /usr/lib/jvm/java-8-oracle/jre/lib/amd64/libnio.so
7fa8c35e1000-7fa8c37e0000 ---p 00011000 08:05 1447503                    /usr/lib/jvm/java-8-oracle/jre/lib/amd64/libnio.so
7fa8c37e0000-7fa8c37e1000 rw-p 00010000 08:05 1447503                    /usr/lib/jvm/java-8-oracle/jre/lib/amd64/libnio.so
7fa8c37e1000-7fa8c3ae2000 rw-p 00000000 00:00 0 
7fa8c3ae2000-7fa8c3af8000 r-xp 00000000 08:05 1447480                    /usr/lib/jvm/java-8-oracle/jre/lib/amd64/libnet.so
7fa8c3af8000-7fa8c3cf8000 ---p 00016000 08:05 1447480                    /usr/lib/jvm/java-8-oracle/jre/lib/amd64/libnet.so
7fa8c3cf8000-7fa8c3cf9000 rw-p 00016000 08:05 1447480                    /usr/lib/jvm/java-8-oracle/jre/lib/amd64/libnet.so
7fa8c3cf9000-7fa8c3cfc000 ---p 00000000 00:00 0 
7fa8c3cfc000-7fa8c3dfa000 rw-p 00000000 00:00 0 
7fa8c3dfa000-7fa8c3dff000 r-xp 00000000 08:05 794871                     /usr/lib/x86_64-linux-gnu/libXfixes.so.3.1.0
7fa8c3dff000-7fa8c3ffe000 ---p 00005000 08:05 794871                     /usr/lib/x86_64-linux-gnu/libXfixes.so.3.1.0
7fa8c3ffe000-7fa8c3fff000 r--p 00004000 08:05 794871                     /usr/lib/x86_64-linux-gnu/libXfixes.so.3.1.0
7fa8c3fff000-7fa8c4000000 rw-p 00005000 08:05 794871                     /usr/lib/x86_64-linux-gnu/libXfixes.so.3.1.0
7fa8c4000000-7fa8c4021000 rw-p 00000000 00:00 0 
7fa8c4021000-7fa8c8000000 ---p 00000000 00:00 0 
7fa8c8000000-7fa8c8021000 rw-p 00000000 00:00 0 
7fa8c8021000-7fa8cc000000 ---p 00000000 00:00 0 
7fa8cc000000-7fa8cc22b000 rw-p 00000000 00:00 0 
7fa8cc22b000-7fa8d0000000 ---p 00000000 00:00 0 
7fa8d0000000-7fa8d0021000 rw-p 00000000 00:00 0 
7fa8d0021000-7fa8d4000000 ---p 00000000 00:00 0 
7fa8d4000000-7fa8d40ef000 rw-p 00000000 00:00 0 
7fa8d40ef000-7fa8d8000000 ---p 00000000 00:00 0 
7fa8d8000000-7fa8d80e8000 rw-p 00000000 00:00 0 
7fa8d80e8000-7fa8dc000000 ---p 00000000 00:00 0 
7fa8dc000000-7fa8dc032000 rw-p 00000000 00:00 0 
7fa8dc032000-7fa8e0000000 ---p 00000000 00:00 0 
7fa8e0000000-7fa8e0021000 rw-p 00000000 00:00 0 
7fa8e0021000-7fa8e4000000 ---p 00000000 00:00 0 
7fa8e4000000-7fa8e4021000 rw-p 00000000 00:00 0 
7fa8e4021000-7fa8e8000000 ---p 00000000 00:00 0 
7fa8e8000000-7fa8e8021000 rw-p 00000000 00:00 0 
7fa8e8021000-7fa8ec000000 ---p 00000000 00:00 0 
7fa8ec000000-7fa8ec021000 rw-p 00000000 00:00 0 
7fa8ec021000-7fa8f0000000 ---p 00000000 00:00 0 
7fa8f0000000-7fa8f0021000 rw-p 00000000 00:00 0 
7fa8f0021000-7fa8f4000000 ---p 00000000 00:00 0 
7fa8f4000000-7fa8f4021000 rw-p 00000000 00:00 0 
7fa8f4021000-7fa8f8000000 ---p 00000000 00:00 0 
7fa8f8000000-7fa8f8021000 rw-p 00000000 00:00 0 
7fa8f8021000-7fa8fc000000 ---p 00000000 00:00 0 
7fa8fc000000-7fa8fc021000 rw-p 00000000 00:00 0 
7fa8fc021000-7fa900000000 ---p 00000000 00:00 0 
7fa900000000-7fa900021000 rw-p 00000000 00:00 0 
7fa900021000-7fa904000000 ---p 00000000 00:00 0 
7fa904000000-7fa904021000 rw-p 00000000 00:00 0 
7fa904021000-7fa908000000 ---p 00000000 00:00 0 
7fa908000000-7fa908004000 r--s 00000000 08:05 917761                     /var/cache/fontconfig/de156ccd2eddbdc19d37a45b8b2aac9c-le64.cache-6
7fa908004000-7fa908019000 r--s 00000000 08:05 917760                     /var/cache/fontconfig/04aabc0a78ac019cf9454389977116d2-le64.cache-6
7fa908019000-7fa90801a000 r--s 00000000 08:05 917759                     /var/cache/fontconfig/1ac9eb803944fde146138c791f5cc56a-le64.cache-6
7fa90801a000-7fa90801e000 r--s 00000000 08:05 917758                     /var/cache/fontconfig/385c0604a188198f04d133e54aba7fe7-le64.cache-6
7fa90801e000-7fa908023000 r--s 00000000 08:05 917754                     /var/cache/fontconfig/8801497958630a81b71ace7c5f9b32a8-le64.cache-6
7fa908023000-7fa90802a000 r--s 00000000 08:05 917751                     /var/cache/fontconfig/3047814df9a2f067bd2d96a2b9c36e5a-le64.cache-6
7fa90802a000-7fa90803d000 r--s 00000000 08:05 917743                     /var/cache/fontconfig/d52a8644073d54c13679302ca1180695-le64.cache-6
7fa90803d000-7fa908048000 r--s 00000000 08:05 917741                     /var/cache/fontconfig/d589a48862398ed80a3d6066f4f56f4c-le64.cache-6
7fa908048000-7fa908053000 r--s 00000000 08:05 917736                     /var/cache/fontconfig/83bf95040141907cd45bb53cf7c1c148-le64.cache-6
7fa908053000-7fa90805c000 r-xp 00000000 08:05 794863                     /usr/lib/x86_64-linux-gnu/libXcursor.so.1.0.2
7fa90805c000-7fa90825b000 ---p 00009000 08:05 794863                     /usr/lib/x86_64-linux-gnu/libXcursor.so.1.0.2
7fa90825b000-7fa90825c000 r--p 00008000 08:05 794863                     /usr/lib/x86_64-linux-gnu/libXcursor.so.1.0.2
7fa90825c000-7fa90825d000 rw-p 00009000 08:05 794863                     /usr/lib/x86_64-linux-gnu/libXcursor.so.1.0.2
7fa90825d000-7fa908260000 ---p 00000000 00:00 0 
7fa908260000-7fa90835e000 rw-p 00000000 00:00 0 
7fa90835e000-7fa908374000 r-xp 00000000 08:05 6820371                    /lib/x86_64-linux-gnu/libgcc_s.so.1
7fa908374000-7fa908573000 ---p 00016000 08:05 6820371                    /lib/x86_64-linux-gnu/libgcc_s.so.1
7fa908573000-7fa908574000 rw-p 00015000 08:05 6820371                    /lib/x86_64-linux-gnu/libgcc_s.so.1
7fa908574000-7fa90857a000 r--s 00000000 08:05 917745                     /var/cache/fontconfig/b47c4e1ecd0709278f4910c18777a504-le64.cache-6
7fa90857a000-7fa90858c000 r--s 00000000 08:05 918876                     /var/cache/fontconfig/9b89f8e3dae116d678bbf48e5f21f69b-le64.cache-6
7fa90858c000-7fa908599000 r--s 00000000 08:05 917723                     /var/cache/fontconfig/e13b20fdb08344e0e664864cc2ede53d-le64.cache-6
7fa908599000-7fa9085fe000 r-xp 00000000 08:05 1447497                    /usr/lib/jvm/java-8-oracle/jre/lib/amd64/libfontmanager.so
7fa9085fe000-7fa9087fd000 ---p 00065000 08:05 1447497                    /usr/lib/jvm/java-8-oracle/jre/lib/amd64/libfontmanager.so
7fa9087fd000-7fa908802000 rw-p 00064000 08:05 1447497                    /usr/lib/jvm/java-8-oracle/jre/lib/amd64/libfontmanager.so
7fa908802000-7fa908812000 rw-p 00000000 00:00 0 
7fa908812000-7fa908817000 r-xp 00000000 08:05 794867                     /usr/lib/x86_64-linux-gnu/libXdmcp.so.6.0.0
7fa908817000-7fa908a16000 ---p 00005000 08:05 794867                     /usr/lib/x86_64-linux-gnu/libXdmcp.so.6.0.0
7fa908a16000-7fa908a17000 r--p 00004000 08:05 794867                     /usr/lib/x86_64-linux-gnu/libXdmcp.so.6.0.0
7fa908a17000-7fa908a18000 rw-p 00005000 08:05 794867                     /usr/lib/x86_64-linux-gnu/libXdmcp.so.6.0.0
7fa908a18000-7fa908a1a000 r-xp 00000000 08:05 794856                     /usr/lib/x86_64-linux-gnu/libXau.so.6.0.0
7fa908a1a000-7fa908c1a000 ---p 00002000 08:05 794856                     /usr/lib/x86_64-linux-gnu/libXau.so.6.0.0
7fa908c1a000-7fa908c1b000 r--p 00002000 08:05 794856                     /usr/lib/x86_64-linux-gnu/libXau.so.6.0.0
7fa908c1b000-7fa908c1c000 rw-p 00003000 08:05 794856                     /usr/lib/x86_64-linux-gnu/libXau.so.6.0.0
7fa908c1c000-7fa908c3d000 r-xp 00000000 08:05 796234                     /usr/lib/x86_64-linux-gnu/libxcb.so.1.1.0
7fa908c3d000-7fa908e3c000 ---p 00021000 08:05 796234                     /usr/lib/x86_64-linux-gnu/libxcb.so.1.1.0
7fa908e3c000-7fa908e3d000 r--p 00020000 08:05 796234                     /usr/lib/x86_64-linux-gnu/libxcb.so.1.1.0
7fa908e3d000-7fa908e3e000 rw-p 00021000 08:05 796234                     /usr/lib/x86_64-linux-gnu/libxcb.so.1.1.0
7fa908e3e000-7fa908e4d000 r-xp 00000000 08:05 794877                     /usr/lib/x86_64-linux-gnu/libXi.so.6.1.0
7fa908e4d000-7fa90904c000 ---p 0000f000 08:05 794877                     /usr/lib/x86_64-linux-gnu/libXi.so.6.1.0
7fa90904c000-7fa90904d000 r--p 0000e000 08:05 794877                     /usr/lib/x86_64-linux-gnu/libXi.so.6.1.0
7fa90904d000-7fa90904e000 rw-p 0000f000 08:05 794877                     /usr/lib/x86_64-linux-gnu/libXi.so.6.1.0
7fa90904e000-7fa909053000 r-xp 00000000 08:05 794895                     /usr/lib/x86_64-linux-gnu/libXtst.so.6.1.0
7fa909053000-7fa909252000 ---p 00005000 08:05 794895                     /usr/lib/x86_64-linux-gnu/libXtst.so.6.1.0
7fa909252000-7fa909253000 r--p 00004000 08:05 794895                     /usr/lib/x86_64-linux-gnu/libXtst.so.6.1.0
7fa909253000-7fa909254000 rw-p 00005000 08:05 794895                     /usr/lib/x86_64-linux-gnu/libXtst.so.6.1.0
7fa909254000-7fa90925d000 r-xp 00000000 08:05 794889                     /usr/lib/x86_64-linux-gnu/libXrender.so.1.3.0
7fa90925d000-7fa90945c000 ---p 00009000 08:05 794889                     /usr/lib/x86_64-linux-gnu/libXrender.so.1.3.0
7fa90945c000-7fa90945d000 r--p 00008000 08:05 794889                     /usr/lib/x86_64-linux-gnu/libXrender.so.1.3.0
7fa90945d000-7fa90945e000 rw-p 00009000 08:05 794889                     /usr/lib/x86_64-linux-gnu/libXrender.so.1.3.0
7fa90945e000-7fa909593000 r-xp 00000000 08:05 794852                     /usr/lib/x86_64-linux-gnu/libX11.so.6.3.0
7fa909593000-7fa909793000 ---p 00135000 08:05 794852                     /usr/lib/x86_64-linux-gnu/libX11.so.6.3.0
7fa909793000-7fa909794000 r--p 00135000 08:05 794852                     /usr/lib/x86_64-linux-gnu/libX11.so.6.3.0
7fa909794000-7fa909798000 rw-p 00136000 08:05 794852                     /usr/lib/x86_64-linux-gnu/libX11.so.6.3.0
7fa909798000-7fa9097a9000 r-xp 00000000 08:05 794869                     /usr/lib/x86_64-linux-gnu/libXext.so.6.4.0
7fa9097a9000-7fa9099a8000 ---p 00011000 08:05 794869                     /usr/lib/x86_64-linux-gnu/libXext.so.6.4.0
7fa9099a8000-7fa9099a9000 r--p 00010000 08:05 794869                     /usr/lib/x86_64-linux-gnu/libXext.so.6.4.0
7fa9099a9000-7fa9099aa000 rw-p 00011000 08:05 794869                     /usr/lib/x86_64-linux-gnu/libXext.so.6.4.0
7fa9099aa000-7fa9099ab000 r--s 00000000 08:05 917757                     /var/cache/fontconfig/dc05db6664285cc2f12bf69c139ae4c3-le64.cache-6
7fa9099ab000-7fa9099ae000 r--s 00000000 08:05 917756                     /var/cache/fontconfig/767a8244fc0220cfb567a839d0392e0b-le64.cache-6
7fa9099ae000-7fa9099cf000 r--p 00000000 08:05 1849286                    /usr/share/locale-langpack/pt_BR/LC_MESSAGES/libc.mo
7fa9099cf000-7fa909a23000 r-xp 00000000 08:05 1447505                    /usr/lib/jvm/java-8-oracle/jre/lib/amd64/libawt_xawt.so
7fa909a23000-7fa909c23000 ---p 00054000 08:05 1447505                    /usr/lib/jvm/java-8-oracle/jre/lib/amd64/libawt_xawt.so
7fa909c23000-7fa909c27000 rw-p 00054000 08:05 1447505                    /usr/lib/jvm/java-8-oracle/jre/lib/amd64/libawt_xawt.so
7fa909c27000-7fa909c28000 rw-p 00000000 00:00 0 
7fa909c28000-7fa909cca000 r-xp 00000000 08:05 1447537                    /usr/lib/jvm/java-8-oracle/jre/lib/amd64/libawt.so
7fa909cca000-7fa909eca000 ---p 000a2000 08:05 1447537                    /usr/lib/jvm/java-8-oracle/jre/lib/amd64/libawt.so
7fa909eca000-7fa909ed6000 rw-p 000a2000 08:05 1447537                    /usr/lib/jvm/java-8-oracle/jre/lib/amd64/libawt.so
7fa909ed6000-7fa909efa000 rw-p 00000000 00:00 0 
7fa909efa000-7fa909efb000 ---p 00000000 00:00 0 
7fa909efb000-7fa909ffb000 rw-p 00000000 00:00 0 
7fa909ffb000-7fa909ffe000 ---p 00000000 00:00 0 
7fa909ffe000-7fa90a0fc000 rw-p 00000000 00:00 0 
7fa90a0fc000-7fa90a0ff000 ---p 00000000 00:00 0 
7fa90a0ff000-7fa90a1fd000 rw-p 00000000 00:00 0 
7fa90a1fd000-7fa90a200000 ---p 00000000 00:00 0 
7fa90a200000-7fa90a2fe000 rw-p 00000000 00:00 0 
7fa90a2fe000-7fa90a301000 ---p 00000000 00:00 0 
7fa90a301000-7fa90a3ff000 rw-p 00000000 00:00 0 
7fa90a3ff000-7fa90a402000 ---p 00000000 00:00 0 
7fa90a402000-7fa90a500000 rw-p 00000000 00:00 0 
7fa90a500000-7fa90a503000 ---p 00000000 00:00 0 
7fa90a503000-7fa90a601000 rw-p 00000000 00:00 0 
7fa90a601000-7fa90a604000 ---p 00000000 00:00 0 
7fa90a604000-7fa90a702000 rw-p 00000000 00:00 0 
7fa90a702000-7fa90a706000 r-xp 00000000 08:05 1447519                    /usr/lib/jvm/java-8-oracle/jre/lib/amd64/libdt_socket.so
7fa90a706000-7fa90a905000 ---p 00004000 08:05 1447519                    /usr/lib/jvm/java-8-oracle/jre/lib/amd64/libdt_socket.so
7fa90a905000-7fa90a906000 rw-p 00003000 08:05 1447519                    /usr/lib/jvm/java-8-oracle/jre/lib/amd64/libdt_socket.so
7fa90a906000-7fa90a909000 ---p 00000000 00:00 0 
7fa90a909000-7fa90aa07000 rw-p 00000000 00:00 0 
7fa90aa07000-7fa90aa0a000 ---p 00000000 00:00 0 
7fa90aa0a000-7fa90ab08000 rw-p 00000000 00:00 0 
7fa90ab08000-7fa90ab0b000 ---p 00000000 00:00 0 
7fa90ab0b000-7fa90ac09000 rw-p 00000000 00:00 0 
7fa90ac09000-7fa90ac0a000 ---p 00000000 00:00 0 
7fa90ac0a000-7fa90bcaa000 rw-p 00000000 00:00 0 
7fa90bcaa000-7fa90be83000 r--s 03d29000 08:05 1447427                    /usr/lib/jvm/java-8-oracle/jre/lib/rt.jar
7fa90be83000-7fa91081f000 rw-p 00000000 00:00 0 
7fa91081f000-7fa910820000 ---p 00000000 00:00 0 
7fa910820000-7fa910920000 rw-p 00000000 00:00 0 
7fa910920000-7fa910921000 ---p 00000000 00:00 0 
7fa910921000-7fa910a21000 rw-p 00000000 00:00 0 
7fa910a21000-7fa910a22000 ---p 00000000 00:00 0 
7fa910a22000-7fa910b22000 rw-p 00000000 00:00 0 
7fa910b22000-7fa910b23000 ---p 00000000 00:00 0 
7fa910b23000-7fa910c4d000 rw-p 00000000 00:00 0 
7fa910c4d000-7fa910eb5000 ---p 00000000 00:00 0 
7fa910eb5000-7fa910ecb000 rw-p 00000000 00:00 0 
7fa910ecb000-7fa910fff000 ---p 00000000 00:00 0 
7fa910fff000-7fa911000000 rw-p 00000000 00:00 0 
7fa911000000-7fa9112b0000 rwxp 00000000 00:00 0 
7fa9112b0000-7fa920000000 ---p 00000000 00:00 0 
7fa920000000-7fa920308000 rw-p 00000000 00:00 0 
7fa920308000-7fa924000000 ---p 00000000 00:00 0 
7fa924000000-7fa9240e2000 rw-p 00000000 00:00 0 
7fa9240e2000-7fa92434b000 ---p 00000000 00:00 0 
7fa92434b000-7fa924356000 rw-p 00000000 00:00 0 
7fa924356000-7fa92470b000 ---p 00000000 00:00 0 
7fa92470b000-7fa924725000 r-xp 00000000 08:05 1447501                    /usr/lib/jvm/java-8-oracle/jre/lib/amd64/libzip.so
7fa924725000-7fa924925000 ---p 0001a000 08:05 1447501                    /usr/lib/jvm/java-8-oracle/jre/lib/amd64/libzip.so
7fa924925000-7fa924926000 rw-p 0001a000 08:05 1447501                    /usr/lib/jvm/java-8-oracle/jre/lib/amd64/libzip.so
7fa924926000-7fa924931000 r-xp 00000000 08:05 6820432                    /lib/x86_64-linux-gnu/libnss_files-2.23.so
7fa924931000-7fa924b30000 ---p 0000b000 08:05 6820432                    /lib/x86_64-linux-gnu/libnss_files-2.23.so
7fa924b30000-7fa924b31000 r--p 0000a000 08:05 6820432                    /lib/x86_64-linux-gnu/libnss_files-2.23.so
7fa924b31000-7fa924b32000 rw-p 0000b000 08:05 6820432                    /lib/x86_64-linux-gnu/libnss_files-2.23.so
7fa924b32000-7fa924b38000 rw-p 00000000 00:00 0 
7fa924b38000-7fa924b43000 r-xp 00000000 08:05 6820442                    /lib/x86_64-linux-gnu/libnss_nis-2.23.so
7fa924b43000-7fa924d42000 ---p 0000b000 08:05 6820442                    /lib/x86_64-linux-gnu/libnss_nis-2.23.so
7fa924d42000-7fa924d43000 r--p 0000a000 08:05 6820442                    /lib/x86_64-linux-gnu/libnss_nis-2.23.so
7fa924d43000-7fa924d44000 rw-p 0000b000 08:05 6820442                    /lib/x86_64-linux-gnu/libnss_nis-2.23.so
7fa924d44000-7fa924d5a000 r-xp 00000000 08:05 6820426                    /lib/x86_64-linux-gnu/libnsl-2.23.so
7fa924d5a000-7fa924f59000 ---p 00016000 08:05 6820426                    /lib/x86_64-linux-gnu/libnsl-2.23.so
7fa924f59000-7fa924f5a000 r--p 00015000 08:05 6820426                    /lib/x86_64-linux-gnu/libnsl-2.23.so
7fa924f5a000-7fa924f5b000 rw-p 00016000 08:05 6820426                    /lib/x86_64-linux-gnu/libnsl-2.23.so
7fa924f5b000-7fa924f5d000 rw-p 00000000 00:00 0 
7fa924f5d000-7fa924f65000 r-xp 00000000 08:05 6820428                    /lib/x86_64-linux-gnu/libnss_compat-2.23.so
7fa924f65000-7fa925164000 ---p 00008000 08:05 6820428                    /lib/x86_64-linux-gnu/libnss_compat-2.23.so
7fa925164000-7fa925165000 r--p 00007000 08:05 6820428                    /lib/x86_64-linux-gnu/libnss_compat-2.23.so
7fa925165000-7fa925166000 rw-p 00008000 08:05 6820428                    /lib/x86_64-linux-gnu/libnss_compat-2.23.so
7fa925166000-7fa925b25000 r--p 00000000 08:05 793865                     /usr/lib/locale/locale-archive
7fa925b25000-7fa925b27000 r-xp 00000000 08:05 1447509                    /usr/lib/jvm/java-8-oracle/jre/lib/amd64/libnpt.so
7fa925b27000-7fa925d27000 ---p 00002000 08:05 1447509                    /usr/lib/jvm/java-8-oracle/jre/lib/amd64/libnpt.so
7fa925d27000-7fa925d28000 rw-p 00002000 08:05 1447509                    /usr/lib/jvm/java-8-oracle/jre/lib/amd64/libnpt.so
7fa925d28000-7fa925d61000 r-xp 00000000 08:05 1447477                    /usr/lib/jvm/java-8-oracle/jre/lib/amd64/libjdwp.so
7fa925d61000-7fa925f60000 ---p 00039000 08:05 1447477                    /usr/lib/jvm/java-8-oracle/jre/lib/amd64/libjdwp.so
7fa925f60000-7fa925f62000 rw-p 00038000 08:05 1447477                    /usr/lib/jvm/java-8-oracle/jre/lib/amd64/libjdwp.so
7fa925f62000-7fa925f8c000 r-xp 00000000 08:05 1447527                    /usr/lib/jvm/java-8-oracle/jre/lib/amd64/libjava.so
7fa925f8c000-7fa92618c000 ---p 0002a000 08:05 1447527                    /usr/lib/jvm/java-8-oracle/jre/lib/amd64/libjava.so
7fa92618c000-7fa92618e000 rw-p 0002a000 08:05 1447527                    /usr/lib/jvm/java-8-oracle/jre/lib/amd64/libjava.so
7fa92618e000-7fa92619b000 r-xp 00000000 08:05 1447481                    /usr/lib/jvm/java-8-oracle/jre/lib/amd64/libverify.so
7fa92619b000-7fa92639b000 ---p 0000d000 08:05 1447481                    /usr/lib/jvm/java-8-oracle/jre/lib/amd64/libverify.so
7fa92639b000-7fa92639d000 rw-p 0000d000 08:05 1447481                    /usr/lib/jvm/java-8-oracle/jre/lib/amd64/libverify.so
7fa92639d000-7fa9263a4000 r-xp 00000000 08:05 6820487                    /lib/x86_64-linux-gnu/librt-2.23.so
7fa9263a4000-7fa9265a3000 ---p 00007000 08:05 6820487                    /lib/x86_64-linux-gnu/librt-2.23.so
7fa9265a3000-7fa9265a4000 r--p 00006000 08:05 6820487                    /lib/x86_64-linux-gnu/librt-2.23.so
7fa9265a4000-7fa9265a5000 rw-p 00007000 08:05 6820487                    /lib/x86_64-linux-gnu/librt-2.23.so
7fa9265a5000-7fa9266ad000 r-xp 00000000 08:05 6820403                    /lib/x86_64-linux-gnu/libm-2.23.so
7fa9266ad000-7fa9268ac000 ---p 00108000 08:05 6820403                    /lib/x86_64-linux-gnu/libm-2.23.so
7fa9268ac000-7fa9268ad000 r--p 00107000 08:05 6820403                    /lib/x86_64-linux-gnu/libm-2.23.so
7fa9268ad000-7fa9268ae000 rw-p 00108000 08:05 6820403                    /lib/x86_64-linux-gnu/libm-2.23.so
7fa9268ae000-7fa927579000 r-xp 00000000 08:05 1447531                    /usr/lib/jvm/java-8-oracle/jre/lib/amd64/server/libjvm.so
7fa927579000-7fa927778000 ---p 00ccb000 08:05 1447531                    /usr/lib/jvm/java-8-oracle/jre/lib/amd64/server/libjvm.so
7fa927778000-7fa927851000 rw-p 00cca000 08:05 1447531                    /usr/lib/jvm/java-8-oracle/jre/lib/amd64/server/libjvm.so
7fa927851000-7fa92789c000 rw-p 00000000 00:00 0 
7fa92789c000-7fa927a5c000 r-xp 00000000 08:05 6820333                    /lib/x86_64-linux-gnu/libc-2.23.so
7fa927a5c000-7fa927c5b000 ---p 001c0000 08:05 6820333                    /lib/x86_64-linux-gnu/libc-2.23.so
7fa927c5b000-7fa927c5f000 r--p 001bf000 08:05 6820333                    /lib/x86_64-linux-gnu/libc-2.23.so
7fa927c5f000-7fa927c61000 rw-p 001c3000 08:05 6820333                    /lib/x86_64-linux-gnu/libc-2.23.so
7fa927c61000-7fa927c65000 rw-p 00000000 00:00 0 
7fa927c65000-7fa927c68000 r-xp 00000000 08:05 6820357                    /lib/x86_64-linux-gnu/libdl-2.23.so
7fa927c68000-7fa927e67000 ---p 00003000 08:05 6820357                    /lib/x86_64-linux-gnu/libdl-2.23.so
7fa927e67000-7fa927e68000 r--p 00002000 08:05 6820357                    /lib/x86_64-linux-gnu/libdl-2.23.so
7fa927e68000-7fa927e69000 rw-p 00003000 08:05 6820357                    /lib/x86_64-linux-gnu/libdl-2.23.so
7fa927e69000-7fa927e7e000 r-xp 00000000 08:05 1184579                    /usr/lib/jvm/java-8-oracle/lib/amd64/jli/libjli.so
7fa927e7e000-7fa92807e000 ---p 00015000 08:05 1184579                    /usr/lib/jvm/java-8-oracle/lib/amd64/jli/libjli.so
7fa92807e000-7fa92807f000 rw-p 00015000 08:05 1184579                    /usr/lib/jvm/java-8-oracle/lib/amd64/jli/libjli.so
7fa92807f000-7fa928097000 r-xp 00000000 08:05 6820479                    /lib/x86_64-linux-gnu/libpthread-2.23.so
7fa928097000-7fa928296000 ---p 00018000 08:05 6820479                    /lib/x86_64-linux-gnu/libpthread-2.23.so
7fa928296000-7fa928297000 r--p 00017000 08:05 6820479                    /lib/x86_64-linux-gnu/libpthread-2.23.so
7fa928297000-7fa928298000 rw-p 00018000 08:05 6820479                    /lib/x86_64-linux-gnu/libpthread-2.23.so
7fa928298000-7fa92829c000 rw-p 00000000 00:00 0 
7fa92829c000-7fa9282c2000 r-xp 00000000 08:05 6820305                    /lib/x86_64-linux-gnu/ld-2.23.so
7fa9282c2000-7fa9282ca000 r--s 00000000 08:05 917744                     /var/cache/fontconfig/52f7bdb7ce746bfd7eaa1985bd9cfa93-le64.cache-6
7fa9282ca000-7fa928395000 rw-p 00000000 00:00 0 
7fa928395000-7fa928398000 ---p 00000000 00:00 0 
7fa928398000-7fa92849a000 rw-p 00000000 00:00 0 
7fa92849a000-7fa92849b000 r--s 00000000 08:05 917755                     /var/cache/fontconfig/4794a0821666d79190d59a36cb4f44b5-le64.cache-6
7fa92849b000-7fa92849c000 r--s 00000000 08:05 917752                     /var/cache/fontconfig/bab58bb527bb656aaa9f116d68a48d89-le64.cache-6
7fa92849c000-7fa92849d000 r--s 00000000 08:05 917750                     /var/cache/fontconfig/56cf4f4769d0f4abc89a4895d7bd3ae1-le64.cache-6
7fa92849d000-7fa92849e000 r--s 00000000 08:05 917749                     /var/cache/fontconfig/b9d506c9ac06c20b433354fa67a72993-le64.cache-6
7fa92849e000-7fa92849f000 r--s 00000000 08:05 917742                     /var/cache/fontconfig/551ecf3b0e8b0bca0f25c0944f561853-le64.cache-6
7fa92849f000-7fa9284a0000 r--s 00000000 08:05 917740                     /var/cache/fontconfig/30829fa25452a46451e813d634d7f916-le64.cache-6
7fa9284a0000-7fa9284a1000 r--s 00000000 08:05 917739                     /var/cache/fontconfig/0c9eb80ebd1c36541ebe2852d3bb0c49-le64.cache-6
7fa9284a1000-7fa9284a4000 r--s 00000000 08:05 917737                     /var/cache/fontconfig/75114ca45c98e8a441da0ff356701271-le64.cache-6
7fa9284a4000-7fa9284a8000 r--s 00000000 08:05 917728                     /var/cache/fontconfig/7ef2298fde41cc6eeb7af42e48b7d293-le64.cache-6
7fa9284a8000-7fa9284af000 r--s 00000000 08:05 1051769                    /usr/lib/x86_64-linux-gnu/gconv/gconv-modules.cache
7fa9284af000-7fa9284b4000 r--s 002f9000 08:05 1447380                    /usr/lib/jvm/java-8-oracle/jre/lib/charsets.jar
7fa9284b4000-7fa9284b5000 r--s 00000000 08:05 1185931                    /usr/share/java/AbsoluteLayout-8.1.jar
7fa9284b5000-7fa9284bd000 rw-s 00000000 08:05 5636379                    /tmp/hsperfdata_thallys/26518
7fa9284bd000-7fa9284be000 rw-p 00000000 00:00 0 
7fa9284be000-7fa9284bf000 r--p 00000000 00:00 0 
7fa9284bf000-7fa9284c1000 rw-p 00000000 00:00 0 
7fa9284c1000-7fa9284c2000 r--p 00025000 08:05 6820305                    /lib/x86_64-linux-gnu/ld-2.23.so
7fa9284c2000-7fa9284c3000 rw-p 00026000 08:05 6820305                    /lib/x86_64-linux-gnu/ld-2.23.so
7fa9284c3000-7fa9284c4000 rw-p 00000000 00:00 0 
7ffc902d0000-7ffc902f1000 rw-p 00000000 00:00 0                          [stack]
7ffc903e4000-7ffc903e6000 r--p 00000000 00:00 0                          [vvar]
7ffc903e6000-7ffc903e8000 r-xp 00000000 00:00 0                          [vdso]
ffffffffff600000-ffffffffff601000 r-xp 00000000 00:00 0                  [vsyscall]

VM Arguments:
jvm_args: -Xdebug -Xrunjdwp:transport=dt_socket,address=localhost:38076 -Dfile.encoding=UTF-8 
java_command: prototipotela.TelaPrincipal
java_class_path (initial): /usr/share/netbeans/8.1/java/modules/ext/AbsoluteLayout.jar:/home/thallys/Área de Trabalho/PrototipoTela/build/classes
Launcher Type: SUN_STANDARD

Environment Variables:
PATH=/home/thallys/netkit-ng/bin:/usr/local/sbin:/usr/local/bin:/usr/sbin:/usr/bin:/sbin:/bin:/usr/games:/usr/local/games:/snap/bin
LD_LIBRARY_PATH=/usr/lib/jvm/java-8-oracle/bin/../jre/lib/amd64:/usr/lib/jvm/java-8-oracle/bin/../jre/lib/i386:
SHELL=/bin/bash
DISPLAY=:0

Signal Handlers:
SIGSEGV: [libjvm.so+0xac4790], sa_mask[0]=11111111011111111101111111111110, sa_flags=SA_RESTART|SA_SIGINFO
SIGBUS: [libjvm.so+0xac4790], sa_mask[0]=11111111011111111101111111111110, sa_flags=SA_RESTART|SA_SIGINFO
SIGFPE: [libjvm.so+0x91f140], sa_mask[0]=11111111011111111101111111111110, sa_flags=SA_RESTART|SA_SIGINFO
SIGPIPE: [libjvm.so+0x91f140], sa_mask[0]=11111111011111111101111111111110, sa_flags=SA_RESTART|SA_SIGINFO
SIGXFSZ: [libjvm.so+0x91f140], sa_mask[0]=11111111011111111101111111111110, sa_flags=SA_RESTART|SA_SIGINFO
SIGILL: [libjvm.so+0x91f140], sa_mask[0]=11111111011111111101111111111110, sa_flags=SA_RESTART|SA_SIGINFO
SIGUSR1: SIG_DFL, sa_mask[0]=00000000000000000000000000000000, sa_flags=none
SIGUSR2: [libjvm.so+0x920770], sa_mask[0]=00100000000000000000000000000000, sa_flags=SA_RESTART|SA_SIGINFO
SIGHUP: [libjvm.so+0x921b70], sa_mask[0]=11111111011111111101111111111110, sa_flags=SA_RESTART|SA_SIGINFO
SIGINT: SIG_IGN, sa_mask[0]=00000000000000000000000000000000, sa_flags=none
SIGTERM: [libjvm.so+0x921b70], sa_mask[0]=11111111011111111101111111111110, sa_flags=SA_RESTART|SA_SIGINFO
SIGQUIT: [libjvm.so+0x921b70], sa_mask[0]=11111111011111111101111111111110, sa_flags=SA_RESTART|SA_SIGINFO


---------------  S Y S T E M  ---------------

OS:DISTRIB_ID=Ubuntu
DISTRIB_RELEASE=16.04
DISTRIB_CODENAME=xenial
DISTRIB_DESCRIPTION="Ubuntu 16.04.1 LTS"

uname:Linux 4.4.0-36-generic #55-Ubuntu SMP Thu Aug 11 18:01:55 UTC 2016 x86_64
libc:glibc 2.23 NPTL 2.23 
rlimit: STACK 8192k, CORE 0k, NPROC 31462, NOFILE 65536, AS infinity
load average:1,97 1,68 1,63

/proc/meminfo:
MemTotal:        8092972 kB
MemFree:          672184 kB
MemAvailable:    3096504 kB
Buffers:          308468 kB
Cached:          2906780 kB
SwapCached:            0 kB
Active:          5393172 kB
Inactive:        1573744 kB
Active(anon):    3774980 kB
Inactive(anon):   722880 kB
Active(file):    1618192 kB
Inactive(file):   850864 kB
Unevictable:         168 kB
Mlocked:             168 kB
SwapTotal:             0 kB
SwapFree:              0 kB
Dirty:               432 kB
Writeback:             0 kB
AnonPages:       3752032 kB
Mapped:           702548 kB
Shmem:            746192 kB
Slab:             314924 kB
SReclaimable:     263212 kB
SUnreclaim:        51712 kB
KernelStack:       11744 kB
PageTables:        50576 kB
NFS_Unstable:          0 kB
Bounce:                0 kB
WritebackTmp:          0 kB
CommitLimit:     4046484 kB
Committed_AS:   10390048 kB
VmallocTotal:   34359738367 kB
VmallocUsed:           0 kB
VmallocChunk:          0 kB
HardwareCorrupted:     0 kB
AnonHugePages:   2263040 kB
CmaTotal:              0 kB
CmaFree:               0 kB
HugePages_Total:       0
HugePages_Free:        0
HugePages_Rsvd:        0
HugePages_Surp:        0
Hugepagesize:       2048 kB
DirectMap4k:      229568 kB
DirectMap2M:     7028736 kB
DirectMap1G:     2097152 kB


CPU:total 4 (2 cores per cpu, 2 threads per core) family 6 model 61 stepping 4, cmov, cx8, fxsr, mmx, sse, sse2, sse3, ssse3, sse4.1, sse4.2, popcnt, avx, avx2, aes, clmul, erms, 3dnowpref, lzcnt, ht, tsc, tscinvbit, bmi1, bmi2, adx

/proc/cpuinfo:
processor	: 0
vendor_id	: GenuineIntel
cpu family	: 6
model		: 61
model name	: Intel(R) Core(TM) i5-5200U CPU @ 2.20GHz
stepping	: 4
microcode	: 0x1f
cpu MHz		: 2499.921
cache size	: 3072 KB
physical id	: 0
siblings	: 4
core id		: 0
cpu cores	: 2
apicid		: 0
initial apicid	: 0
fpu		: yes
fpu_exception	: yes
cpuid level	: 20
wp		: yes
flags		: fpu vme de pse tsc msr pae mce cx8 apic sep mtrr pge mca cmov pat pse36 clflush dts acpi mmx fxsr sse sse2 ss ht tm pbe syscall nx pdpe1gb rdtscp lm constant_tsc arch_perfmon pebs bts rep_good nopl xtopology nonstop_tsc aperfmperf eagerfpu pni pclmulqdq dtes64 monitor ds_cpl vmx est tm2 ssse3 sdbg fma cx16 xtpr pdcm pcid sse4_1 sse4_2 x2apic movbe popcnt tsc_deadline_timer aes xsave avx f16c rdrand lahf_lm abm 3dnowprefetch epb intel_pt tpr_shadow vnmi flexpriority ept vpid fsgsbase tsc_adjust bmi1 avx2 smep bmi2 erms invpcid rdseed adx smap xsaveopt dtherm ida arat pln pts
bugs		:
bogomips	: 4399.86
clflush size	: 64
cache_alignment	: 64
address sizes	: 39 bits physical, 48 bits virtual
power management:

processor	: 1
vendor_id	: GenuineIntel
cpu family	: 6
model		: 61
model name	: Intel(R) Core(TM) i5-5200U CPU @ 2.20GHz
stepping	: 4
microcode	: 0x1f
cpu MHz		: 2499.921
cache size	: 3072 KB
physical id	: 0
siblings	: 4
core id		: 1
cpu cores	: 2
apicid		: 2
initial apicid	: 2
fpu		: yes
fpu_exception	: yes
cpuid level	: 20
wp		: yes
flags		: fpu vme de pse tsc msr pae mce cx8 apic sep mtrr pge mca cmov pat pse36 clflush dts acpi mmx fxsr sse sse2 ss ht tm pbe syscall nx pdpe1gb rdtscp lm constant_tsc arch_perfmon pebs bts rep_good nopl xtopology nonstop_tsc aperfmperf eagerfpu pni pclmulqdq dtes64 monitor ds_cpl vmx est tm2 ssse3 sdbg fma cx16 xtpr pdcm pcid sse4_1 sse4_2 x2apic movbe popcnt tsc_deadline_timer aes xsave avx f16c rdrand lahf_lm abm 3dnowprefetch epb intel_pt tpr_shadow vnmi flexpriority ept vpid fsgsbase tsc_adjust bmi1 avx2 smep bmi2 erms invpcid rdseed adx smap xsaveopt dtherm ida arat pln pts
bugs		:
bogomips	: 4399.86
clflush size	: 64
cache_alignment	: 64
address sizes	: 39 bits physical, 48 bits virtual
power management:

processor	: 2
vendor_id	: GenuineIntel
cpu family	: 6
model		: 61
model name	: Intel(R) Core(TM) i5-5200U CPU @ 2.20GHz
stepping	: 4
microcode	: 0x1f
cpu MHz		: 2499.921
cache size	: 3072 KB
physical id	: 0
siblings	: 4
core id		: 0
cpu cores	: 2
apicid		: 1
initial apicid	: 1
fpu		: yes
fpu_exception	: yes
cpuid level	: 20
wp		: yes
flags		: fpu vme de pse tsc msr pae mce cx8 apic sep mtrr pge mca cmov pat pse36 clflush dts acpi mmx fxsr sse sse2 ss ht tm pbe syscall nx pdpe1gb rdtscp lm constant_tsc arch_perfmon pebs bts rep_good nopl xtopology nonstop_tsc aperfmperf eagerfpu pni pclmulqdq dtes64 monitor ds_cpl vmx est tm2 ssse3 sdbg fma cx16 xtpr pdcm pcid sse4_1 sse4_2 x2apic movbe popcnt tsc_deadline_timer aes xsave avx f16c rdrand lahf_lm abm 3dnowprefetch epb intel_pt tpr_shadow vnmi flexpriority ept vpid fsgsbase tsc_adjust bmi1 avx2 smep bmi2 erms invpcid rdseed adx smap xsaveopt dtherm ida arat pln pts
bugs		:
bogomips	: 4399.86
clflush size	: 64
cache_alignment	: 64
address sizes	: 39 bits physical, 48 bits virtual
power management:

processor	: 3
vendor_id	: GenuineIntel
cpu family	: 6
model		: 61
model name	: Intel(R) Core(TM) i5-5200U CPU @ 2.20GHz
stepping	: 4
microcode	: 0x1f
cpu MHz		: 2499.921
cache size	: 3072 KB
physical id	: 0
siblings	: 4
core id		: 1
cpu cores	: 2
apicid		: 3
initial apicid	: 3
fpu		: yes
fpu_exception	: yes
cpuid level	: 20
wp		: yes
flags		: fpu vme de pse tsc msr pae mce cx8 apic sep mtrr pge mca cmov pat pse36 clflush dts acpi mmx fxsr sse sse2 ss ht tm pbe syscall nx pdpe1gb rdtscp lm constant_tsc arch_perfmon pebs bts rep_good nopl xtopology nonstop_tsc aperfmperf eagerfpu pni pclmulqdq dtes64 monitor ds_cpl vmx est tm2 ssse3 sdbg fma cx16 xtpr pdcm pcid sse4_1 sse4_2 x2apic movbe popcnt tsc_deadline_timer aes xsave avx f16c rdrand lahf_lm abm 3dnowprefetch epb intel_pt tpr_shadow vnmi flexpriority ept vpid fsgsbase tsc_adjust bmi1 avx2 smep bmi2 erms invpcid rdseed adx smap xsaveopt dtherm ida arat pln pts
bugs		:
bogomips	: 4399.86
clflush size	: 64
cache_alignment	: 64
address sizes	: 39 bits physical, 48 bits virtual
power management:



Memory: 4k page, physical 8092972k(672184k free), swap 0k(0k free)

vm_info: Java HotSpot(TM) 64-Bit Server VM (25.101-b13) for linux-amd64 JRE (1.8.0_101-b13), built on Jun 22 2016 02:59:44 by "java_re" with gcc 4.3.0 20080428 (Red Hat 4.3.0-8)

time: Wed Sep 21 14:11:25 2016
elapsed time: 1 seconds (0d 0h 0m 1s)

