#
# A fatal error has been detected by the Java Runtime Environment:
#
#  SIGSEGV (0xb) at pc=0x0000000000000000, pid=7074, tid=0x00007f354b7d5700
#
# JRE version: Java(TM) SE Runtime Environment (8.0_101-b13) (build 1.8.0_101-b13)
# Java VM: Java HotSpot(TM) 64-Bit Server VM (25.101-b13 mixed mode linux-amd64 compressed oops)
# Problematic frame:
# C  0x0000000000000000
#
# Failed to write core dump. Core dumps have been disabled. To enable core dumping, try "ulimit -c unlimited" before starting Java again
#
# If you would like to submit a bug report, please visit:
#   http://bugreport.java.com/bugreport/crash.jsp
# The crash happened outside the Java Virtual Machine in native code.
# See problematic frame for where to report the bug.
#

---------------  T H R E A D  ---------------

Current thread (0x00007f35a8307800):  JavaThread "AWT-EventQueue-0" [_thread_in_native, id=7108, stack(0x00007f354b6d5000,0x00007f354b7d6000)]

siginfo: si_signo: 11 (SIGSEGV), si_code: 1 (SEGV_MAPERR), si_addr: 0x0000000000000000

Registers:
RAX=0x00007f3581f2c598, RBX=0x00000000000001fe, RCX=0x00000000000001fe, RDX=0x00000000000003f2
RSP=0x00007f354b7d1bd8, RBP=0x00007f354b7d1c00, RSI=0x00007f354b7d1c98, RDI=0x00007f35a83079f8
R8 =0x0000000000000000, R9 =0x000000000000000c, R10=0x00007f359901fc58, R11=0x00007f35af5a8c50
R12=0x00000000000003f2, R13=0x00007f35a83079f8, R14=0x00007f354b7d1c98, R15=0x00007f35a8307800
RIP=0x0000000000000000, EFLAGS=0x0000000000010202, CSGSFS=0x0000000000000033, ERR=0x0000000000000014
  TRAPNO=0x000000000000000e

Top of Stack: (sp=0x00007f354b7d1bd8)
0x00007f354b7d1bd8:   00007f3581d18925 0000000000000000
0x00007f354b7d1be8:   00007f354a8c2a18 0000000000000000
0x00007f354b7d1bf8:   00007f354a8c2a18 00007f354b7d1c68
0x00007f354b7d1c08:   00007f359901fc84 00007f354b7d1c68
0x00007f354b7d1c18:   00007f359901f747 00007f359901f702
0x00007f354b7d1c28:   00007f354b7d1c28 00007f354a8c2a18
0x00007f354b7d1c38:   00007f354b7d1c98 00007f354a8c46f0
0x00007f354b7d1c48:   0000000000000000 00007f354a8c2a18
0x00007f354b7d1c58:   0000000000000000 00007f354b7d1c88
0x00007f354b7d1c68:   00007f354b7d1ce0 00007f359900833d
0x00007f354b7d1c78:   0000000000000000 00007f3599016478
0x00007f354b7d1c88:   00000000000001fe 00000000000003f2
0x00007f354b7d1c98:   00000000d7ab5a30 00007f354b7d1ca0
0x00007f354b7d1ca8:   00007f354a8c3c1d 00007f354b7d1d20
0x00007f354b7d1cb8:   00007f354a8c46f0 0000000000000000
0x00007f354b7d1cc8:   00007f354a8c3c50 00007f354b7d1c88
0x00007f354b7d1cd8:   00007f354b7d1cf0 00007f354b7d1d78
0x00007f354b7d1ce8:   00007f359900833d 00000000d7ab8b88
0x00007f354b7d1cf8:   00000000000001fe 00000000000003f2
0x00007f354b7d1d08:   0000000000000000 0000000000000000
0x00007f354b7d1d18:   00000000d7ab4718 00000000d7ab5a30
0x00007f354b7d1d28:   0000000000000001 00000000d70c2768
0x00007f354b7d1d38:   00007f354b7d1d28 00007f354b56d2a6
0x00007f354b7d1d48:   00007f354b7d1de8 00007f354b56d7a8
0x00007f354b7d1d58:   0000000000000000 00007f354b56d2f8
0x00007f354b7d1d68:   00007f354b7d1cf0 00007f354b7d1db8
0x00007f354b7d1d78:   00007f354b7d1e30 00007f3599008382
0x00007f354b7d1d88:   0000000000000000 00000000d70c2768
0x00007f354b7d1d98:   0000000000000001 0000000000000400
0x00007f354b7d1da8:   00000000d7a92c08 00000000d7ab49f8
0x00007f354b7d1db8:   00000000000001fe 00000000000003f2
0x00007f354b7d1dc8:   0000000000000000 0000000000000000 

Instructions: (pc=0x0000000000000000)
0xffffffffffffffe0:   

Register to memory mapping:

RAX=0x00007f3581f2c598: <offset 0x258598> in /usr/lib/jvm/java-8-oracle/jre/lib/amd64/libawt_xawt.so at 0x00007f3581cd4000
RBX=0x00000000000001fe is an unknown value
RCX=0x00000000000001fe is an unknown value
RDX=0x00000000000003f2 is an unknown value
RSP=0x00007f354b7d1bd8 is pointing into the stack for thread: 0x00007f35a8307800
RBP=0x00007f354b7d1c00 is pointing into the stack for thread: 0x00007f35a8307800
RSI=0x00007f354b7d1c98 is pointing into the stack for thread: 0x00007f35a8307800
RDI=0x00007f35a83079f8 is an unknown value
R8 =0x0000000000000000 is an unknown value
R9 =0x000000000000000c is an unknown value
R10=0x00007f359901fc58 is at code_begin+1528 in an Interpreter codelet
method entry point (kind = native)  [0x00007f359901f660, 0x00007f35990205a0]  3904 bytes
R11=0x00007f35af5a8c50: <offset 0x9c1c50> in /usr/lib/jvm/java-8-oracle/jre/lib/amd64/server/libjvm.so at 0x00007f35aebe7000
R12=0x00000000000003f2 is an unknown value
R13=0x00007f35a83079f8 is an unknown value
R14=0x00007f354b7d1c98 is pointing into the stack for thread: 0x00007f35a8307800
R15=0x00007f35a8307800 is a thread


Stack: [0x00007f354b6d5000,0x00007f354b7d6000],  sp=0x00007f354b7d1bd8,  free space=1010k
Java frames: (J=compiled Java code, j=interpreted, Vv=VM code)
j  com.sun.java.swing.plaf.gtk.GTKEngine.nativeStartPainting(II)V+0
j  com.sun.java.swing.plaf.gtk.GTKEngine.startPainting(Ljava/awt/Graphics;IIII[Ljava/lang/Object;)V+5
j  com.sun.java.swing.plaf.gtk.GTKPainter$TitledBorder.paintBorder(Ljava/awt/Component;Ljava/awt/Graphics;IIII)V+86
j  javax.swing.border.TitledBorder.paintBorder(Ljava/awt/Component;Ljava/awt/Graphics;IIII)V+809
j  javax.swing.JComponent.paintBorder(Ljava/awt/Graphics;)V+22
j  javax.swing.JComponent.paint(Ljava/awt/Graphics;)V+292
j  javax.swing.JComponent.paintChildren(Ljava/awt/Graphics;)V+501
j  javax.swing.JComponent.paint(Ljava/awt/Graphics;)V+318
j  javax.swing.JComponent.paintChildren(Ljava/awt/Graphics;)V+501
j  javax.swing.JComponent.paint(Ljava/awt/Graphics;)V+318
j  javax.swing.JLayeredPane.paint(Ljava/awt/Graphics;)V+73
j  javax.swing.JComponent.paintChildren(Ljava/awt/Graphics;)V+501
j  javax.swing.JComponent.paintToOffscreen(Ljava/awt/Graphics;IIIIII)V+72
j  javax.swing.BufferStrategyPaintManager.paint(Ljavax/swing/JComponent;Ljavax/swing/JComponent;Ljava/awt/Graphics;IIII)Z+164
j  javax.swing.RepaintManager.paint(Ljavax/swing/JComponent;Ljavax/swing/JComponent;Ljava/awt/Graphics;IIII)V+51
j  javax.swing.JComponent.paint(Ljava/awt/Graphics;)V+221
j  java.awt.GraphicsCallback$PaintCallback.run(Ljava/awt/Component;Ljava/awt/Graphics;)V+2
j  sun.awt.SunGraphicsCallback.runOneComponent(Ljava/awt/Component;Ljava/awt/Rectangle;Ljava/awt/Graphics;Ljava/awt/Shape;I)V+155
j  sun.awt.SunGraphicsCallback.runComponents([Ljava/awt/Component;Ljava/awt/Graphics;I)V+194
j  java.awt.Container.paint(Ljava/awt/Graphics;)V+58
j  java.awt.Window.paint(Ljava/awt/Graphics;)V+68
j  javax.swing.RepaintManager$4.run()Ljava/lang/Void;+142
j  javax.swing.RepaintManager$4.run()Ljava/lang/Object;+1
v  ~StubRoutines::call_stub
j  java.security.AccessController.doPrivileged(Ljava/security/PrivilegedAction;Ljava/security/AccessControlContext;)Ljava/lang/Object;+0
j  java.security.ProtectionDomain$JavaSecurityAccessImpl.doIntersectionPrivilege(Ljava/security/PrivilegedAction;Ljava/security/AccessControlContext;Ljava/security/AccessControlContext;)Ljava/lang/Object;+18
j  javax.swing.RepaintManager.paintDirtyRegions(Ljava/util/Map;)V+154
j  javax.swing.RepaintManager.paintDirtyRegions()V+46
j  javax.swing.RepaintManager.prePaintDirtyRegions()V+73
j  javax.swing.RepaintManager.access$1200(Ljavax/swing/RepaintManager;)V+1
j  javax.swing.RepaintManager$ProcessingRunnable.run()V+37
j  java.awt.event.InvocationEvent.dispatch()V+47
j  java.awt.EventQueue.dispatchEventImpl(Ljava/awt/AWTEvent;Ljava/lang/Object;)V+21
j  java.awt.EventQueue.access$500(Ljava/awt/EventQueue;Ljava/awt/AWTEvent;Ljava/lang/Object;)V+3
j  java.awt.EventQueue$3.run()Ljava/lang/Void;+32
j  java.awt.EventQueue$3.run()Ljava/lang/Object;+1
v  ~StubRoutines::call_stub
j  java.security.AccessController.doPrivileged(Ljava/security/PrivilegedAction;Ljava/security/AccessControlContext;)Ljava/lang/Object;+0
j  java.security.ProtectionDomain$JavaSecurityAccessImpl.doIntersectionPrivilege(Ljava/security/PrivilegedAction;Ljava/security/AccessControlContext;Ljava/security/AccessControlContext;)Ljava/lang/Object;+18
j  java.awt.EventQueue.dispatchEvent(Ljava/awt/AWTEvent;)V+46
j  java.awt.EventDispatchThread.pumpOneEventForFilters(I)V+245
j  java.awt.EventDispatchThread.pumpEventsForFilter(ILjava/awt/Conditional;Ljava/awt/EventFilter;)V+35
j  java.awt.EventDispatchThread.pumpEventsForHierarchy(ILjava/awt/Conditional;Ljava/awt/Component;)V+11
j  java.awt.EventDispatchThread.pumpEvents(ILjava/awt/Conditional;)V+4
j  java.awt.EventDispatchThread.pumpEvents(Ljava/awt/Conditional;)V+3
j  java.awt.EventDispatchThread.run()V+9
v  ~StubRoutines::call_stub

---------------  P R O C E S S  ---------------

Java Threads: ( => current thread )
  0x00007f353805f000 JavaThread "Image Fetcher 1" daemon [_thread_blocked, id=7111, stack(0x00007f354afce000,0x00007f354b0cf000)]
  0x00007f3538055800 JavaThread "Image Fetcher 0" daemon [_thread_blocked, id=7110, stack(0x00007f354b2cf000,0x00007f354b3d0000)]
  0x00007f3538004000 JavaThread "org.netbeans.modules.debugger.jpda.visual AWT Access Loop" daemon [_thread_blocked, id=7109, stack(0x00007f354b5d4000,0x00007f354b6d5000)]
  0x00007f35a800c000 JavaThread "DestroyJavaVM" [_thread_blocked, id=7076, stack(0x00007f35b06ce000,0x00007f35b07cf000)]
=>0x00007f35a8307800 JavaThread "AWT-EventQueue-0" [_thread_in_native, id=7108, stack(0x00007f354b6d5000,0x00007f354b7d6000)]
  0x00007f35a8306000 JavaThread "AWT-Shutdown" [_thread_blocked, id=7107, stack(0x00007f354b7d6000,0x00007f354b8d7000)]
  0x00007f35a826f000 JavaThread "AWT-XAWT" daemon [_thread_in_native, id=7105, stack(0x00007f3580051000,0x00007f3580152000)]
  0x00007f35a8252800 JavaThread "Java2D Disposer" daemon [_thread_blocked, id=7104, stack(0x00007f3580562000,0x00007f3580663000)]
  0x00007f35a80e5000 JavaThread "Service Thread" daemon [_thread_blocked, id=7102, stack(0x00007f3582300000,0x00007f3582401000)]
  0x00007f35a80cf000 JavaThread "C1 CompilerThread2" daemon [_thread_blocked, id=7101, stack(0x00007f3582401000,0x00007f3582502000)]
  0x00007f35a80cd800 JavaThread "C2 CompilerThread1" daemon [_thread_in_native, id=7100, stack(0x00007f3582502000,0x00007f3582603000)]
  0x00007f35a80ca800 JavaThread "C2 CompilerThread0" daemon [_thread_blocked, id=7099, stack(0x00007f3582603000,0x00007f3582704000)]
  0x00007f3570001000 JavaThread "JDWP Command Reader" daemon [_thread_in_native, id=7097, stack(0x00007f3582704000,0x00007f3582805000)]
  0x00007f35a80c8000 JavaThread "JDWP Event Helper Thread" daemon [_thread_blocked, id=7096, stack(0x00007f3582805000,0x00007f3582906000)]
  0x00007f35a80c4800 JavaThread "JDWP Transport Listener: dt_socket" daemon [_thread_blocked, id=7093, stack(0x00007f3582906000,0x00007f3582a07000)]
  0x00007f35a80b8000 JavaThread "Signal Dispatcher" daemon [_thread_blocked, id=7092, stack(0x00007f3582c0b000,0x00007f3582d0c000)]
  0x00007f35a8086000 JavaThread "Finalizer" daemon [_thread_blocked, id=7088, stack(0x00007f3582d0c000,0x00007f3582e0d000)]
  0x00007f35a8081800 JavaThread "Reference Handler" daemon [_thread_blocked, id=7087, stack(0x00007f3582e0d000,0x00007f3582f0e000)]

Other Threads:
  0x00007f35a807a000 VMThread [stack: 0x00007f3582f0e000,0x00007f358300f000] [id=7086]
  0x00007f35a80f1000 WatcherThread [stack: 0x00007f35821ff000,0x00007f3582300000] [id=7103]

VM state:not at safepoint (normal execution)

VM Mutex/Monitor currently owned by a thread: None

Heap:
 PSYoungGen      total 36864K, used 13977K [0x00000000d6d80000, 0x00000000d9680000, 0x0000000100000000)
  eden space 31744K, 44% used [0x00000000d6d80000,0x00000000d7b264e8,0x00000000d8c80000)
  from space 5120K, 0% used [0x00000000d9180000,0x00000000d9180000,0x00000000d9680000)
  to   space 5120K, 0% used [0x00000000d8c80000,0x00000000d8c80000,0x00000000d9180000)
 ParOldGen       total 84992K, used 0K [0x0000000084800000, 0x0000000089b00000, 0x00000000d6d80000)
  object space 84992K, 0% used [0x0000000084800000,0x0000000084800000,0x0000000089b00000)
 Metaspace       used 13835K, capacity 14066K, committed 14336K, reserved 1062912K
  class space    used 1688K, capacity 1789K, committed 1792K, reserved 1048576K

Card table byte_map: [0x00007f35ac2a7000,0x00007f35ac684000] byte_map_base: 0x00007f35abe83000

Marking Bits: (ParMarkBitMap*) 0x00007f35afba8120
 Begin Bits: [0x00007f3584240000, 0x00007f3586120000)
 End Bits:   [0x00007f3586120000, 0x00007f3588000000)

Polling page: 0x00007f35b07f7000

CodeCache: size=245760Kb used=2735Kb max_used=2735Kb free=243024Kb
 bounds [0x00007f3599000000, 0x00007f35992b0000, 0x00007f35a8000000]
 total_blobs=1263 nmethods=695 adapters=489
 compilation: enabled

Compilation events (10 events):
Event: 1,116 Thread 0x00007f35a80cf000  693       1       sun.swing.MenuItemLayoutHelper::getText (5 bytes)
Event: 1,116 Thread 0x00007f35a80cf000 nmethod 693 0x00007f35992a8e50 code [0x00007f35992a8fa0, 0x00007f35992a90b0]
Event: 1,116 Thread 0x00007f35a80cf000  694       1       sun.swing.MenuItemLayoutHelper::getIcon (5 bytes)
Event: 1,117 Thread 0x00007f35a80cf000 nmethod 694 0x00007f35992a9110 code [0x00007f35992a9260, 0x00007f35992a9370]
Event: 1,117 Thread 0x00007f35a80cf000  691       1       javax.swing.plaf.nimbus.DerivedColor::getRGB (5 bytes)
Event: 1,117 Thread 0x00007f35a80cf000 nmethod 691 0x00007f35992a93d0 code [0x00007f35992a9520, 0x00007f35992a9630]
Event: 1,117 Thread 0x00007f35a80cf000  692       1       java.awt.Component::isVisible_NoClientCode (5 bytes)
Event: 1,117 Thread 0x00007f35a80cf000 nmethod 692 0x00007f35992a9690 code [0x00007f35992a97e0, 0x00007f35992a98f0]
Event: 1,118 Thread 0x00007f35a80cd800 nmethod 690 0x00007f35992acfd0 code [0x00007f35992ad120, 0x00007f35992ad228]
Event: 1,118 Thread 0x00007f35a80cd800  695  s    4       java.io.ByteArrayOutputStream::write (32 bytes)

GC Heap History (0 events):
No events

Deoptimization events (8 events):
Event: 0,758 Thread 0x00007f35a8307800 Uncommon trap: reason=unstable_if action=reinterpret pc=0x00007f35991cfcf0 method=java.lang.AbstractStringBuilder.append(Ljava/lang/String;)Ljava/lang/AbstractStringBuilder; @ 1
Event: 0,835 Thread 0x00007f35a8307800 Uncommon trap: reason=unstable_if action=reinterpret pc=0x00007f35991b35b4 method=java.lang.String.<init>([CII)V @ 18
Event: 0,902 Thread 0x00007f3538055800 Uncommon trap: reason=unstable_if action=reinterpret pc=0x00007f35991b4c10 method=java.util.Properties.loadConvert([CII[C)Ljava/lang/String; @ 72
Event: 1,018 Thread 0x00007f35a8307800 Uncommon trap: reason=class_check action=maybe_recompile pc=0x00007f35991e9518 method=java.util.HashMap.putVal(ILjava/lang/Object;Ljava/lang/Object;ZZ)Ljava/lang/Object; @ 253
Event: 1,019 Thread 0x00007f35a8307800 Uncommon trap: reason=class_check action=maybe_recompile pc=0x00007f35991e9518 method=java.util.HashMap.putVal(ILjava/lang/Object;Ljava/lang/Object;ZZ)Ljava/lang/Object; @ 253
Event: 1,019 Thread 0x00007f35a8307800 Uncommon trap: reason=class_check action=maybe_recompile pc=0x00007f35991e9518 method=java.util.HashMap.putVal(ILjava/lang/Object;Ljava/lang/Object;ZZ)Ljava/lang/Object; @ 253
Event: 1,019 Thread 0x00007f35a8307800 Uncommon trap: reason=class_check action=maybe_recompile pc=0x00007f35991e9518 method=java.util.HashMap.putVal(ILjava/lang/Object;Ljava/lang/Object;ZZ)Ljava/lang/Object; @ 253
Event: 1,019 Thread 0x00007f35a8307800 Uncommon trap: reason=class_check action=maybe_recompile pc=0x00007f35991eab04 method=java.util.HashMap.putVal(ILjava/lang/Object;Ljava/lang/Object;ZZ)Ljava/lang/Object; @ 253

Internal exceptions (10 events):
Event: 0,835 Thread 0x00007f35a8307800 Exception <a 'java/lang/NoSuchMethodError': <clinit>> (0x00000000d76308e0) thrown at [/HUDSON3/workspace/8-2-build-linux-amd64/jdk8u101/7261/hotspot/src/share/vm/prims/jni.cpp, line 1613]
Event: 0,841 Thread 0x00007f35a8307800 Exception <a 'java/lang/NoSuchMethodError': <clinit>> (0x00000000d7656eb0) thrown at [/HUDSON3/workspace/8-2-build-linux-amd64/jdk8u101/7261/hotspot/src/share/vm/prims/jni.cpp, line 1613]
Event: 0,842 Thread 0x00007f35a8307800 Exception <a 'java/lang/NoSuchMethodError': <clinit>> (0x00000000d766e9b0) thrown at [/HUDSON3/workspace/8-2-build-linux-amd64/jdk8u101/7261/hotspot/src/share/vm/prims/jni.cpp, line 1613]
Event: 0,850 Thread 0x00007f35a8307800 Exception <a 'java/lang/NoSuchMethodError': <clinit>> (0x00000000d7694988) thrown at [/HUDSON3/workspace/8-2-build-linux-amd64/jdk8u101/7261/hotspot/src/share/vm/prims/jni.cpp, line 1613]
Event: 0,851 Thread 0x00007f35a8307800 Exception <a 'java/lang/NoSuchMethodError': <clinit>> (0x00000000d769ced0) thrown at [/HUDSON3/workspace/8-2-build-linux-amd64/jdk8u101/7261/hotspot/src/share/vm/prims/jni.cpp, line 1613]
Event: 0,857 Thread 0x00007f35a8307800 Exception <a 'java/lang/NoSuchMethodError': <clinit>> (0x00000000d76c91c8) thrown at [/HUDSON3/workspace/8-2-build-linux-amd64/jdk8u101/7261/hotspot/src/share/vm/prims/jni.cpp, line 1613]
Event: 0,860 Thread 0x00007f35a8307800 Exception <a 'java/lang/NoSuchMethodError': <clinit>> (0x00000000d76dfbc8) thrown at [/HUDSON3/workspace/8-2-build-linux-amd64/jdk8u101/7261/hotspot/src/share/vm/prims/jni.cpp, line 1613]
Event: 0,875 Thread 0x00007f35a8307800 Exception <a 'java/lang/NoSuchMethodError': <clinit>> (0x00000000d7757f58) thrown at [/HUDSON3/workspace/8-2-build-linux-amd64/jdk8u101/7261/hotspot/src/share/vm/prims/jni.cpp, line 1613]
Event: 0,878 Thread 0x00007f35a8307800 Exception <a 'java/lang/NoSuchMethodError': <clinit>> (0x00000000d776b078) thrown at [/HUDSON3/workspace/8-2-build-linux-amd64/jdk8u101/7261/hotspot/src/share/vm/prims/jni.cpp, line 1613]
Event: 0,880 Thread 0x00007f35a8307800 Exception <a 'java/lang/NoSuchMethodError': <clinit>> (0x00000000d777f068) thrown at [/HUDSON3/workspace/8-2-build-linux-amd64/jdk8u101/7261/hotspot/src/share/vm/prims/jni.cpp, line 1613]

Events (10 events):
Event: 1,119 loading class com/sun/java/swing/plaf/gtk/GTKEngine
Event: 1,119 loading class com/sun/java/swing/plaf/gtk/GTKEngine done
Event: 1,119 loading class sun/swing/ImageCache
Event: 1,119 loading class sun/swing/ImageCache done
Event: 1,119 loading class com/sun/java/swing/plaf/gtk/GTKEngine$WidgetType
Event: 1,119 loading class com/sun/java/swing/plaf/gtk/GTKEngine$WidgetType done
Event: 1,120 loading class com/sun/java/swing/plaf/gtk/GTKRegion
Event: 1,120 loading class com/sun/java/swing/plaf/gtk/GTKRegion done
Event: 1,120 loading class sun/swing/ImageCache$Entry
Event: 1,120 loading class sun/swing/ImageCache$Entry done


Dynamic libraries:
00400000-00401000 r-xp 00000000 08:05 1447353                            /usr/lib/jvm/java-8-oracle/bin/java
00600000-00601000 rw-p 00000000 08:05 1447353                            /usr/lib/jvm/java-8-oracle/bin/java
00f0e000-00f2f000 rw-p 00000000 00:00 0                                  [heap]
84800000-89b00000 rw-p 00000000 00:00 0 
89b00000-d6d80000 ---p 00000000 00:00 0 
d6d80000-d9680000 rw-p 00000000 00:00 0 
d9680000-100000000 ---p 00000000 00:00 0 
100000000-1001c0000 rw-p 00000000 00:00 0 
1001c0000-140000000 ---p 00000000 00:00 0 
7f3530000000-7f3530314000 rw-p 00000000 00:00 0 
7f3530314000-7f3534000000 ---p 00000000 00:00 0 
7f3534000000-7f353402c000 rw-p 00000000 00:00 0 
7f353402c000-7f3538000000 ---p 00000000 00:00 0 
7f3538000000-7f35380bc000 rw-p 00000000 00:00 0 
7f35380bc000-7f353c000000 ---p 00000000 00:00 0 
7f353c000000-7f353c021000 rw-p 00000000 00:00 0 
7f353c021000-7f3540000000 ---p 00000000 00:00 0 
7f3540000000-7f3540021000 rw-p 00000000 00:00 0 
7f3540021000-7f3544000000 ---p 00000000 00:00 0 
7f3544000000-7f3544021000 rw-p 00000000 00:00 0 
7f3544021000-7f3548000000 ---p 00000000 00:00 0 
7f354a8bd000-7f354a8fd000 rw-p 00000000 00:00 0 
7f354a8fd000-7f354aabd000 ---p 00000000 00:00 0 
7f354aabd000-7f354aae7000 r-xp 00000000 08:05 1447485                    /usr/lib/jvm/java-8-oracle/jre/lib/amd64/libdcpr.so
7f354aae7000-7f354ace7000 ---p 0002a000 08:05 1447485                    /usr/lib/jvm/java-8-oracle/jre/lib/amd64/libdcpr.so
7f354ace7000-7f354acea000 rw-p 0002a000 08:05 1447485                    /usr/lib/jvm/java-8-oracle/jre/lib/amd64/libdcpr.so
7f354acea000-7f354ad53000 r-xp 00000000 08:05 1447534                    /usr/lib/jvm/java-8-oracle/jre/lib/amd64/libt2k.so
7f354ad53000-7f354af53000 ---p 00069000 08:05 1447534                    /usr/lib/jvm/java-8-oracle/jre/lib/amd64/libt2k.so
7f354af53000-7f354af5a000 rw-p 00069000 08:05 1447534                    /usr/lib/jvm/java-8-oracle/jre/lib/amd64/libt2k.so
7f354af5a000-7f354af6a000 rw-p 00000000 00:00 0 
7f354af6a000-7f354af75000 r--s 00000000 08:05 917767                     /var/cache/fontconfig/945677eb7aeaf62f1d50efc3fb3ec7d8-le64.cache-6
7f354af75000-7f354af7e000 r--s 00000000 08:05 917764                     /var/cache/fontconfig/a6d8cf8e4ec09cdbc8633c31745a07dd-le64.cache-6
7f354af7e000-7f354af93000 r--s 00000000 08:05 917760                     /var/cache/fontconfig/04aabc0a78ac019cf9454389977116d2-le64.cache-6
7f354afce000-7f354afd1000 ---p 00000000 00:00 0 
7f354afd1000-7f354b2cf000 rw-p 00000000 00:00 0 
7f354b2cf000-7f354b2d2000 ---p 00000000 00:00 0 
7f354b2d2000-7f354b3d0000 rw-p 00000000 00:00 0 
7f354b3d0000-7f354b3d4000 r--s 00097000 08:05 1447379                    /usr/lib/jvm/java-8-oracle/jre/lib/jsse.jar
7f354b3d4000-7f354b5d4000 rw-p 00000000 00:00 0 
7f354b5d4000-7f354b5d7000 ---p 00000000 00:00 0 
7f354b5d7000-7f354b6d5000 rw-p 00000000 00:00 0 
7f354b6d5000-7f354b6d8000 ---p 00000000 00:00 0 
7f354b6d8000-7f354b7d6000 rw-p 00000000 00:00 0 
7f354b7d6000-7f354b7d9000 ---p 00000000 00:00 0 
7f354b7d9000-7f354b8d7000 rw-p 00000000 00:00 0 
7f354b8d7000-7f354b8e8000 r-xp 00000000 08:05 1447503                    /usr/lib/jvm/java-8-oracle/jre/lib/amd64/libnio.so
7f354b8e8000-7f354bae7000 ---p 00011000 08:05 1447503                    /usr/lib/jvm/java-8-oracle/jre/lib/amd64/libnio.so
7f354bae7000-7f354bae8000 rw-p 00010000 08:05 1447503                    /usr/lib/jvm/java-8-oracle/jre/lib/amd64/libnio.so
7f354bae8000-7f354bde9000 rw-p 00000000 00:00 0 
7f354bde9000-7f354bdff000 r-xp 00000000 08:05 1447480                    /usr/lib/jvm/java-8-oracle/jre/lib/amd64/libnet.so
7f354bdff000-7f354bfff000 ---p 00016000 08:05 1447480                    /usr/lib/jvm/java-8-oracle/jre/lib/amd64/libnet.so
7f354bfff000-7f354c000000 rw-p 00016000 08:05 1447480                    /usr/lib/jvm/java-8-oracle/jre/lib/amd64/libnet.so
7f354c000000-7f354c021000 rw-p 00000000 00:00 0 
7f354c021000-7f3550000000 ---p 00000000 00:00 0 
7f3550000000-7f3550021000 rw-p 00000000 00:00 0 
7f3550021000-7f3554000000 ---p 00000000 00:00 0 
7f3554000000-7f355424c000 rw-p 00000000 00:00 0 
7f355424c000-7f3558000000 ---p 00000000 00:00 0 
7f3558000000-7f3558021000 rw-p 00000000 00:00 0 
7f3558021000-7f355c000000 ---p 00000000 00:00 0 
7f355c000000-7f355c0f4000 rw-p 00000000 00:00 0 
7f355c0f4000-7f3560000000 ---p 00000000 00:00 0 
7f3560000000-7f3560065000 rw-p 00000000 00:00 0 
7f3560065000-7f3564000000 ---p 00000000 00:00 0 
7f3564000000-7f3564032000 rw-p 00000000 00:00 0 
7f3564032000-7f3568000000 ---p 00000000 00:00 0 
7f3568000000-7f3568021000 rw-p 00000000 00:00 0 
7f3568021000-7f356c000000 ---p 00000000 00:00 0 
7f356c000000-7f356c021000 rw-p 00000000 00:00 0 
7f356c021000-7f3570000000 ---p 00000000 00:00 0 
7f3570000000-7f3570021000 rw-p 00000000 00:00 0 
7f3570021000-7f3574000000 ---p 00000000 00:00 0 
7f3574000000-7f3574021000 rw-p 00000000 00:00 0 
7f3574021000-7f3578000000 ---p 00000000 00:00 0 
7f3578000000-7f3578021000 rw-p 00000000 00:00 0 
7f3578021000-7f357c000000 ---p 00000000 00:00 0 
7f357c000000-7f357c021000 rw-p 00000000 00:00 0 
7f357c021000-7f3580000000 ---p 00000000 00:00 0 
7f3580003000-7f3580005000 r--s 00000000 08:05 917765                     /var/cache/fontconfig/99e8ed0e538f840c565b6ed5dad60d56-le64.cache-6
7f3580005000-7f358000b000 r--s 00000000 08:05 917763                     /var/cache/fontconfig/2cd17615ca594fa2959ae173292e504c-le64.cache-6
7f358000b000-7f358000c000 r--s 00000000 08:05 917762                     /var/cache/fontconfig/0d8c3b2ac0904cb8a57a757ad11a4a08-le64.cache-6
7f358000c000-7f3580010000 r--s 00000000 08:05 917761                     /var/cache/fontconfig/de156ccd2eddbdc19d37a45b8b2aac9c-le64.cache-6
7f3580010000-7f3580011000 r--s 00000000 08:05 917759                     /var/cache/fontconfig/1ac9eb803944fde146138c791f5cc56a-le64.cache-6
7f3580011000-7f3580016000 r--s 00000000 08:05 917754                     /var/cache/fontconfig/8801497958630a81b71ace7c5f9b32a8-le64.cache-6
7f3580016000-7f3580051000 r--s 00000000 08:05 917753                     /var/cache/fontconfig/365b55f210c0a22e9a19e35191240f32-le64.cache-6
7f3580051000-7f3580054000 ---p 00000000 00:00 0 
7f3580054000-7f3580152000 rw-p 00000000 00:00 0 
7f3580152000-7f3580157000 r-xp 00000000 08:05 794871                     /usr/lib/x86_64-linux-gnu/libXfixes.so.3.1.0
7f3580157000-7f3580356000 ---p 00005000 08:05 794871                     /usr/lib/x86_64-linux-gnu/libXfixes.so.3.1.0
7f3580356000-7f3580357000 r--p 00004000 08:05 794871                     /usr/lib/x86_64-linux-gnu/libXfixes.so.3.1.0
7f3580357000-7f3580358000 rw-p 00005000 08:05 794871                     /usr/lib/x86_64-linux-gnu/libXfixes.so.3.1.0
7f3580358000-7f3580361000 r-xp 00000000 08:05 794863                     /usr/lib/x86_64-linux-gnu/libXcursor.so.1.0.2
7f3580361000-7f3580560000 ---p 00009000 08:05 794863                     /usr/lib/x86_64-linux-gnu/libXcursor.so.1.0.2
7f3580560000-7f3580561000 r--p 00008000 08:05 794863                     /usr/lib/x86_64-linux-gnu/libXcursor.so.1.0.2
7f3580561000-7f3580562000 rw-p 00009000 08:05 794863                     /usr/lib/x86_64-linux-gnu/libXcursor.so.1.0.2
7f3580562000-7f3580565000 ---p 00000000 00:00 0 
7f3580565000-7f3580663000 rw-p 00000000 00:00 0 
7f3580663000-7f3580679000 r-xp 00000000 08:05 6820371                    /lib/x86_64-linux-gnu/libgcc_s.so.1
7f3580679000-7f3580878000 ---p 00016000 08:05 6820371                    /lib/x86_64-linux-gnu/libgcc_s.so.1
7f3580878000-7f3580879000 rw-p 00015000 08:05 6820371                    /lib/x86_64-linux-gnu/libgcc_s.so.1
7f3580879000-7f3580880000 r--s 00000000 08:05 917751                     /var/cache/fontconfig/3047814df9a2f067bd2d96a2b9c36e5a-le64.cache-6
7f3580880000-7f3580893000 r--s 00000000 08:05 917743                     /var/cache/fontconfig/d52a8644073d54c13679302ca1180695-le64.cache-6
7f3580893000-7f358089e000 r--s 00000000 08:05 917741                     /var/cache/fontconfig/d589a48862398ed80a3d6066f4f56f4c-le64.cache-6
7f358089e000-7f3580903000 r-xp 00000000 08:05 1447497                    /usr/lib/jvm/java-8-oracle/jre/lib/amd64/libfontmanager.so
7f3580903000-7f3580b02000 ---p 00065000 08:05 1447497                    /usr/lib/jvm/java-8-oracle/jre/lib/amd64/libfontmanager.so
7f3580b02000-7f3580b07000 rw-p 00064000 08:05 1447497                    /usr/lib/jvm/java-8-oracle/jre/lib/amd64/libfontmanager.so
7f3580b07000-7f3580b17000 rw-p 00000000 00:00 0 
7f3580b17000-7f3580b1c000 r-xp 00000000 08:05 794867                     /usr/lib/x86_64-linux-gnu/libXdmcp.so.6.0.0
7f3580b1c000-7f3580d1b000 ---p 00005000 08:05 794867                     /usr/lib/x86_64-linux-gnu/libXdmcp.so.6.0.0
7f3580d1b000-7f3580d1c000 r--p 00004000 08:05 794867                     /usr/lib/x86_64-linux-gnu/libXdmcp.so.6.0.0
7f3580d1c000-7f3580d1d000 rw-p 00005000 08:05 794867                     /usr/lib/x86_64-linux-gnu/libXdmcp.so.6.0.0
7f3580d1d000-7f3580d1f000 r-xp 00000000 08:05 794856                     /usr/lib/x86_64-linux-gnu/libXau.so.6.0.0
7f3580d1f000-7f3580f1f000 ---p 00002000 08:05 794856                     /usr/lib/x86_64-linux-gnu/libXau.so.6.0.0
7f3580f1f000-7f3580f20000 r--p 00002000 08:05 794856                     /usr/lib/x86_64-linux-gnu/libXau.so.6.0.0
7f3580f20000-7f3580f21000 rw-p 00003000 08:05 794856                     /usr/lib/x86_64-linux-gnu/libXau.so.6.0.0
7f3580f21000-7f3580f42000 r-xp 00000000 08:05 796234                     /usr/lib/x86_64-linux-gnu/libxcb.so.1.1.0
7f3580f42000-7f3581141000 ---p 00021000 08:05 796234                     /usr/lib/x86_64-linux-gnu/libxcb.so.1.1.0
7f3581141000-7f3581142000 r--p 00020000 08:05 796234                     /usr/lib/x86_64-linux-gnu/libxcb.so.1.1.0
7f3581142000-7f3581143000 rw-p 00021000 08:05 796234                     /usr/lib/x86_64-linux-gnu/libxcb.so.1.1.0
7f3581143000-7f3581152000 r-xp 00000000 08:05 794877                     /usr/lib/x86_64-linux-gnu/libXi.so.6.1.0
7f3581152000-7f3581351000 ---p 0000f000 08:05 794877                     /usr/lib/x86_64-linux-gnu/libXi.so.6.1.0
7f3581351000-7f3581352000 r--p 0000e000 08:05 794877                     /usr/lib/x86_64-linux-gnu/libXi.so.6.1.0
7f3581352000-7f3581353000 rw-p 0000f000 08:05 794877                     /usr/lib/x86_64-linux-gnu/libXi.so.6.1.0
7f3581353000-7f3581358000 r-xp 00000000 08:05 794895                     /usr/lib/x86_64-linux-gnu/libXtst.so.6.1.0
7f3581358000-7f3581557000 ---p 00005000 08:05 794895                     /usr/lib/x86_64-linux-gnu/libXtst.so.6.1.0
7f3581557000-7f3581558000 r--p 00004000 08:05 794895                     /usr/lib/x86_64-linux-gnu/libXtst.so.6.1.0
7f3581558000-7f3581559000 rw-p 00005000 08:05 794895                     /usr/lib/x86_64-linux-gnu/libXtst.so.6.1.0
7f3581559000-7f3581562000 r-xp 00000000 08:05 794889                     /usr/lib/x86_64-linux-gnu/libXrender.so.1.3.0
7f3581562000-7f3581761000 ---p 00009000 08:05 794889                     /usr/lib/x86_64-linux-gnu/libXrender.so.1.3.0
7f3581761000-7f3581762000 r--p 00008000 08:05 794889                     /usr/lib/x86_64-linux-gnu/libXrender.so.1.3.0
7f3581762000-7f3581763000 rw-p 00009000 08:05 794889                     /usr/lib/x86_64-linux-gnu/libXrender.so.1.3.0
7f3581763000-7f3581898000 r-xp 00000000 08:05 794852                     /usr/lib/x86_64-linux-gnu/libX11.so.6.3.0
7f3581898000-7f3581a98000 ---p 00135000 08:05 794852                     /usr/lib/x86_64-linux-gnu/libX11.so.6.3.0
7f3581a98000-7f3581a99000 r--p 00135000 08:05 794852                     /usr/lib/x86_64-linux-gnu/libX11.so.6.3.0
7f3581a99000-7f3581a9d000 rw-p 00136000 08:05 794852                     /usr/lib/x86_64-linux-gnu/libX11.so.6.3.0
7f3581a9d000-7f3581aae000 r-xp 00000000 08:05 794869                     /usr/lib/x86_64-linux-gnu/libXext.so.6.4.0
7f3581aae000-7f3581cad000 ---p 00011000 08:05 794869                     /usr/lib/x86_64-linux-gnu/libXext.so.6.4.0
7f3581cad000-7f3581cae000 r--p 00010000 08:05 794869                     /usr/lib/x86_64-linux-gnu/libXext.so.6.4.0
7f3581cae000-7f3581caf000 rw-p 00011000 08:05 794869                     /usr/lib/x86_64-linux-gnu/libXext.so.6.4.0
7f3581caf000-7f3581cb3000 r--s 00000000 08:05 917758                     /var/cache/fontconfig/385c0604a188198f04d133e54aba7fe7-le64.cache-6
7f3581cb3000-7f3581cd4000 r--p 00000000 08:05 1849286                    /usr/share/locale-langpack/pt_BR/LC_MESSAGES/libc.mo
7f3581cd4000-7f3581d28000 r-xp 00000000 08:05 1447505                    /usr/lib/jvm/java-8-oracle/jre/lib/amd64/libawt_xawt.so
7f3581d28000-7f3581f28000 ---p 00054000 08:05 1447505                    /usr/lib/jvm/java-8-oracle/jre/lib/amd64/libawt_xawt.so
7f3581f28000-7f3581f2c000 rw-p 00054000 08:05 1447505                    /usr/lib/jvm/java-8-oracle/jre/lib/amd64/libawt_xawt.so
7f3581f2c000-7f3581f2d000 rw-p 00000000 00:00 0 
7f3581f2d000-7f3581fcf000 r-xp 00000000 08:05 1447537                    /usr/lib/jvm/java-8-oracle/jre/lib/amd64/libawt.so
7f3581fcf000-7f35821cf000 ---p 000a2000 08:05 1447537                    /usr/lib/jvm/java-8-oracle/jre/lib/amd64/libawt.so
7f35821cf000-7f35821db000 rw-p 000a2000 08:05 1447537                    /usr/lib/jvm/java-8-oracle/jre/lib/amd64/libawt.so
7f35821db000-7f35821ff000 rw-p 00000000 00:00 0 
7f35821ff000-7f3582200000 ---p 00000000 00:00 0 
7f3582200000-7f3582300000 rw-p 00000000 00:00 0 
7f3582300000-7f3582303000 ---p 00000000 00:00 0 
7f3582303000-7f3582401000 rw-p 00000000 00:00 0 
7f3582401000-7f3582404000 ---p 00000000 00:00 0 
7f3582404000-7f3582502000 rw-p 00000000 00:00 0 
7f3582502000-7f3582505000 ---p 00000000 00:00 0 
7f3582505000-7f3582603000 rw-p 00000000 00:00 0 
7f3582603000-7f3582606000 ---p 00000000 00:00 0 
7f3582606000-7f3582704000 rw-p 00000000 00:00 0 
7f3582704000-7f3582707000 ---p 00000000 00:00 0 
7f3582707000-7f3582805000 rw-p 00000000 00:00 0 
7f3582805000-7f3582808000 ---p 00000000 00:00 0 
7f3582808000-7f3582906000 rw-p 00000000 00:00 0 
7f3582906000-7f3582909000 ---p 00000000 00:00 0 
7f3582909000-7f3582a07000 rw-p 00000000 00:00 0 
7f3582a07000-7f3582a0b000 r-xp 00000000 08:05 1447519                    /usr/lib/jvm/java-8-oracle/jre/lib/amd64/libdt_socket.so
7f3582a0b000-7f3582c0a000 ---p 00004000 08:05 1447519                    /usr/lib/jvm/java-8-oracle/jre/lib/amd64/libdt_socket.so
7f3582c0a000-7f3582c0b000 rw-p 00003000 08:05 1447519                    /usr/lib/jvm/java-8-oracle/jre/lib/amd64/libdt_socket.so
7f3582c0b000-7f3582c0e000 ---p 00000000 00:00 0 
7f3582c0e000-7f3582d0c000 rw-p 00000000 00:00 0 
7f3582d0c000-7f3582d0f000 ---p 00000000 00:00 0 
7f3582d0f000-7f3582e0d000 rw-p 00000000 00:00 0 
7f3582e0d000-7f3582e10000 ---p 00000000 00:00 0 
7f3582e10000-7f3582f0e000 rw-p 00000000 00:00 0 
7f3582f0e000-7f3582f0f000 ---p 00000000 00:00 0 
7f3582f0f000-7f3583ff1000 rw-p 00000000 00:00 0 
7f3583ff1000-7f35841ca000 r--s 03d29000 08:05 1447427                    /usr/lib/jvm/java-8-oracle/jre/lib/rt.jar
7f35841ca000-7f3588000000 rw-p 00000000 00:00 0 
7f3588000000-7f3588021000 rw-p 00000000 00:00 0 
7f3588021000-7f358c000000 ---p 00000000 00:00 0 
7f358c000000-7f358c021000 rw-p 00000000 00:00 0 
7f358c021000-7f3590000000 ---p 00000000 00:00 0 
7f3590000000-7f3590021000 rw-p 00000000 00:00 0 
7f3590021000-7f3594000000 ---p 00000000 00:00 0 
7f3594000000-7f3594021000 rw-p 00000000 00:00 0 
7f3594021000-7f3598000000 ---p 00000000 00:00 0 
7f3598000000-7f3598003000 r--s 00000000 08:05 917756                     /var/cache/fontconfig/767a8244fc0220cfb567a839d0392e0b-le64.cache-6
7f3598003000-7f359800e000 r--s 00000000 08:05 917736                     /var/cache/fontconfig/83bf95040141907cd45bb53cf7c1c148-le64.cache-6
7f359800e000-7f3598020000 r--s 00000000 08:05 918876                     /var/cache/fontconfig/9b89f8e3dae116d678bbf48e5f21f69b-le64.cache-6
7f3598020000-7f3598bfc000 rw-p 00000000 00:00 0 
7f3598bfc000-7f3598bfd000 ---p 00000000 00:00 0 
7f3598bfd000-7f3598cfd000 rw-p 00000000 00:00 0 
7f3598cfd000-7f3598cfe000 ---p 00000000 00:00 0 
7f3598cfe000-7f3598dfe000 rw-p 00000000 00:00 0 
7f3598dfe000-7f3598dff000 ---p 00000000 00:00 0 
7f3598dff000-7f3598eff000 rw-p 00000000 00:00 0 
7f3598eff000-7f3598f00000 ---p 00000000 00:00 0 
7f3598f00000-7f3599000000 rw-p 00000000 00:00 0 
7f3599000000-7f35992c0000 rwxp 00000000 00:00 0 
7f35992c0000-7f35a8000000 ---p 00000000 00:00 0 
7f35a8000000-7f35a8470000 rw-p 00000000 00:00 0 
7f35a8470000-7f35ac000000 ---p 00000000 00:00 0 
7f35ac000000-7f35ac001000 r--s 00000000 08:05 917757                     /var/cache/fontconfig/dc05db6664285cc2f12bf69c139ae4c3-le64.cache-6
7f35ac001000-7f35ac007000 r--s 00000000 08:05 917745                     /var/cache/fontconfig/b47c4e1ecd0709278f4910c18777a504-le64.cache-6
7f35ac007000-7f35ac014000 r--s 00000000 08:05 917723                     /var/cache/fontconfig/e13b20fdb08344e0e664864cc2ede53d-le64.cache-6
7f35ac014000-7f35ac03e000 rw-p 00000000 00:00 0 
7f35ac03e000-7f35ac2a7000 ---p 00000000 00:00 0 
7f35ac2a7000-7f35ac2d1000 rw-p 00000000 00:00 0 
7f35ac2d1000-7f35ac539000 ---p 00000000 00:00 0 
7f35ac539000-7f35ac54f000 rw-p 00000000 00:00 0 
7f35ac54f000-7f35ac683000 ---p 00000000 00:00 0 
7f35ac683000-7f35ac68f000 rw-p 00000000 00:00 0 
7f35ac68f000-7f35aca44000 ---p 00000000 00:00 0 
7f35aca44000-7f35aca5e000 r-xp 00000000 08:05 1447501                    /usr/lib/jvm/java-8-oracle/jre/lib/amd64/libzip.so
7f35aca5e000-7f35acc5e000 ---p 0001a000 08:05 1447501                    /usr/lib/jvm/java-8-oracle/jre/lib/amd64/libzip.so
7f35acc5e000-7f35acc5f000 rw-p 0001a000 08:05 1447501                    /usr/lib/jvm/java-8-oracle/jre/lib/amd64/libzip.so
7f35acc5f000-7f35acc6a000 r-xp 00000000 08:05 6820432                    /lib/x86_64-linux-gnu/libnss_files-2.23.so
7f35acc6a000-7f35ace69000 ---p 0000b000 08:05 6820432                    /lib/x86_64-linux-gnu/libnss_files-2.23.so
7f35ace69000-7f35ace6a000 r--p 0000a000 08:05 6820432                    /lib/x86_64-linux-gnu/libnss_files-2.23.so
7f35ace6a000-7f35ace6b000 rw-p 0000b000 08:05 6820432                    /lib/x86_64-linux-gnu/libnss_files-2.23.so
7f35ace6b000-7f35ace71000 rw-p 00000000 00:00 0 
7f35ace71000-7f35ace7c000 r-xp 00000000 08:05 6820442                    /lib/x86_64-linux-gnu/libnss_nis-2.23.so
7f35ace7c000-7f35ad07b000 ---p 0000b000 08:05 6820442                    /lib/x86_64-linux-gnu/libnss_nis-2.23.so
7f35ad07b000-7f35ad07c000 r--p 0000a000 08:05 6820442                    /lib/x86_64-linux-gnu/libnss_nis-2.23.so
7f35ad07c000-7f35ad07d000 rw-p 0000b000 08:05 6820442                    /lib/x86_64-linux-gnu/libnss_nis-2.23.so
7f35ad07d000-7f35ad093000 r-xp 00000000 08:05 6820426                    /lib/x86_64-linux-gnu/libnsl-2.23.so
7f35ad093000-7f35ad292000 ---p 00016000 08:05 6820426                    /lib/x86_64-linux-gnu/libnsl-2.23.so
7f35ad292000-7f35ad293000 r--p 00015000 08:05 6820426                    /lib/x86_64-linux-gnu/libnsl-2.23.so
7f35ad293000-7f35ad294000 rw-p 00016000 08:05 6820426                    /lib/x86_64-linux-gnu/libnsl-2.23.so
7f35ad294000-7f35ad296000 rw-p 00000000 00:00 0 
7f35ad296000-7f35ad29e000 r-xp 00000000 08:05 6820428                    /lib/x86_64-linux-gnu/libnss_compat-2.23.so
7f35ad29e000-7f35ad49d000 ---p 00008000 08:05 6820428                    /lib/x86_64-linux-gnu/libnss_compat-2.23.so
7f35ad49d000-7f35ad49e000 r--p 00007000 08:05 6820428                    /lib/x86_64-linux-gnu/libnss_compat-2.23.so
7f35ad49e000-7f35ad49f000 rw-p 00008000 08:05 6820428                    /lib/x86_64-linux-gnu/libnss_compat-2.23.so
7f35ad49f000-7f35ade5e000 r--p 00000000 08:05 793865                     /usr/lib/locale/locale-archive
7f35ade5e000-7f35ade60000 r-xp 00000000 08:05 1447509                    /usr/lib/jvm/java-8-oracle/jre/lib/amd64/libnpt.so
7f35ade60000-7f35ae060000 ---p 00002000 08:05 1447509                    /usr/lib/jvm/java-8-oracle/jre/lib/amd64/libnpt.so
7f35ae060000-7f35ae061000 rw-p 00002000 08:05 1447509                    /usr/lib/jvm/java-8-oracle/jre/lib/amd64/libnpt.so
7f35ae061000-7f35ae09a000 r-xp 00000000 08:05 1447477                    /usr/lib/jvm/java-8-oracle/jre/lib/amd64/libjdwp.so
7f35ae09a000-7f35ae299000 ---p 00039000 08:05 1447477                    /usr/lib/jvm/java-8-oracle/jre/lib/amd64/libjdwp.so
7f35ae299000-7f35ae29b000 rw-p 00038000 08:05 1447477                    /usr/lib/jvm/java-8-oracle/jre/lib/amd64/libjdwp.so
7f35ae29b000-7f35ae2c5000 r-xp 00000000 08:05 1447527                    /usr/lib/jvm/java-8-oracle/jre/lib/amd64/libjava.so
7f35ae2c5000-7f35ae4c5000 ---p 0002a000 08:05 1447527                    /usr/lib/jvm/java-8-oracle/jre/lib/amd64/libjava.so
7f35ae4c5000-7f35ae4c7000 rw-p 0002a000 08:05 1447527                    /usr/lib/jvm/java-8-oracle/jre/lib/amd64/libjava.so
7f35ae4c7000-7f35ae4d4000 r-xp 00000000 08:05 1447481                    /usr/lib/jvm/java-8-oracle/jre/lib/amd64/libverify.so
7f35ae4d4000-7f35ae6d4000 ---p 0000d000 08:05 1447481                    /usr/lib/jvm/java-8-oracle/jre/lib/amd64/libverify.so
7f35ae6d4000-7f35ae6d6000 rw-p 0000d000 08:05 1447481                    /usr/lib/jvm/java-8-oracle/jre/lib/amd64/libverify.so
7f35ae6d6000-7f35ae6dd000 r-xp 00000000 08:05 6820487                    /lib/x86_64-linux-gnu/librt-2.23.so
7f35ae6dd000-7f35ae8dc000 ---p 00007000 08:05 6820487                    /lib/x86_64-linux-gnu/librt-2.23.so
7f35ae8dc000-7f35ae8dd000 r--p 00006000 08:05 6820487                    /lib/x86_64-linux-gnu/librt-2.23.so
7f35ae8dd000-7f35ae8de000 rw-p 00007000 08:05 6820487                    /lib/x86_64-linux-gnu/librt-2.23.so
7f35ae8de000-7f35ae9e6000 r-xp 00000000 08:05 6820403                    /lib/x86_64-linux-gnu/libm-2.23.so
7f35ae9e6000-7f35aebe5000 ---p 00108000 08:05 6820403                    /lib/x86_64-linux-gnu/libm-2.23.so
7f35aebe5000-7f35aebe6000 r--p 00107000 08:05 6820403                    /lib/x86_64-linux-gnu/libm-2.23.so
7f35aebe6000-7f35aebe7000 rw-p 00108000 08:05 6820403                    /lib/x86_64-linux-gnu/libm-2.23.so
7f35aebe7000-7f35af8b2000 r-xp 00000000 08:05 1447531                    /usr/lib/jvm/java-8-oracle/jre/lib/amd64/server/libjvm.so
7f35af8b2000-7f35afab1000 ---p 00ccb000 08:05 1447531                    /usr/lib/jvm/java-8-oracle/jre/lib/amd64/server/libjvm.so
7f35afab1000-7f35afb8a000 rw-p 00cca000 08:05 1447531                    /usr/lib/jvm/java-8-oracle/jre/lib/amd64/server/libjvm.so
7f35afb8a000-7f35afbd5000 rw-p 00000000 00:00 0 
7f35afbd5000-7f35afd95000 r-xp 00000000 08:05 6820333                    /lib/x86_64-linux-gnu/libc-2.23.so
7f35afd95000-7f35aff94000 ---p 001c0000 08:05 6820333                    /lib/x86_64-linux-gnu/libc-2.23.so
7f35aff94000-7f35aff98000 r--p 001bf000 08:05 6820333                    /lib/x86_64-linux-gnu/libc-2.23.so
7f35aff98000-7f35aff9a000 rw-p 001c3000 08:05 6820333                    /lib/x86_64-linux-gnu/libc-2.23.so
7f35aff9a000-7f35aff9e000 rw-p 00000000 00:00 0 
7f35aff9e000-7f35affa1000 r-xp 00000000 08:05 6820357                    /lib/x86_64-linux-gnu/libdl-2.23.so
7f35affa1000-7f35b01a0000 ---p 00003000 08:05 6820357                    /lib/x86_64-linux-gnu/libdl-2.23.so
7f35b01a0000-7f35b01a1000 r--p 00002000 08:05 6820357                    /lib/x86_64-linux-gnu/libdl-2.23.so
7f35b01a1000-7f35b01a2000 rw-p 00003000 08:05 6820357                    /lib/x86_64-linux-gnu/libdl-2.23.so
7f35b01a2000-7f35b01b7000 r-xp 00000000 08:05 1184579                    /usr/lib/jvm/java-8-oracle/lib/amd64/jli/libjli.so
7f35b01b7000-7f35b03b7000 ---p 00015000 08:05 1184579                    /usr/lib/jvm/java-8-oracle/lib/amd64/jli/libjli.so
7f35b03b7000-7f35b03b8000 rw-p 00015000 08:05 1184579                    /usr/lib/jvm/java-8-oracle/lib/amd64/jli/libjli.so
7f35b03b8000-7f35b03d0000 r-xp 00000000 08:05 6820479                    /lib/x86_64-linux-gnu/libpthread-2.23.so
7f35b03d0000-7f35b05cf000 ---p 00018000 08:05 6820479                    /lib/x86_64-linux-gnu/libpthread-2.23.so
7f35b05cf000-7f35b05d0000 r--p 00017000 08:05 6820479                    /lib/x86_64-linux-gnu/libpthread-2.23.so
7f35b05d0000-7f35b05d1000 rw-p 00018000 08:05 6820479                    /lib/x86_64-linux-gnu/libpthread-2.23.so
7f35b05d1000-7f35b05d5000 rw-p 00000000 00:00 0 
7f35b05d5000-7f35b05fb000 r-xp 00000000 08:05 6820305                    /lib/x86_64-linux-gnu/ld-2.23.so
7f35b05fb000-7f35b0603000 r--s 00000000 08:05 917744                     /var/cache/fontconfig/52f7bdb7ce746bfd7eaa1985bd9cfa93-le64.cache-6
7f35b0603000-7f35b06ce000 rw-p 00000000 00:00 0 
7f35b06ce000-7f35b06d1000 ---p 00000000 00:00 0 
7f35b06d1000-7f35b07d3000 rw-p 00000000 00:00 0 
7f35b07d3000-7f35b07d4000 r--s 00000000 08:05 917755                     /var/cache/fontconfig/4794a0821666d79190d59a36cb4f44b5-le64.cache-6
7f35b07d4000-7f35b07d5000 r--s 00000000 08:05 917752                     /var/cache/fontconfig/bab58bb527bb656aaa9f116d68a48d89-le64.cache-6
7f35b07d5000-7f35b07d6000 r--s 00000000 08:05 917750                     /var/cache/fontconfig/56cf4f4769d0f4abc89a4895d7bd3ae1-le64.cache-6
7f35b07d6000-7f35b07d7000 r--s 00000000 08:05 917749                     /var/cache/fontconfig/b9d506c9ac06c20b433354fa67a72993-le64.cache-6
7f35b07d7000-7f35b07d8000 r--s 00000000 08:05 917742                     /var/cache/fontconfig/551ecf3b0e8b0bca0f25c0944f561853-le64.cache-6
7f35b07d8000-7f35b07d9000 r--s 00000000 08:05 917740                     /var/cache/fontconfig/30829fa25452a46451e813d634d7f916-le64.cache-6
7f35b07d9000-7f35b07da000 r--s 00000000 08:05 917739                     /var/cache/fontconfig/0c9eb80ebd1c36541ebe2852d3bb0c49-le64.cache-6
7f35b07da000-7f35b07dd000 r--s 00000000 08:05 917737                     /var/cache/fontconfig/75114ca45c98e8a441da0ff356701271-le64.cache-6
7f35b07dd000-7f35b07e1000 r--s 00000000 08:05 917728                     /var/cache/fontconfig/7ef2298fde41cc6eeb7af42e48b7d293-le64.cache-6
7f35b07e1000-7f35b07e8000 r--s 00000000 08:05 1051769                    /usr/lib/x86_64-linux-gnu/gconv/gconv-modules.cache
7f35b07e8000-7f35b07ed000 r--s 002f9000 08:05 1447380                    /usr/lib/jvm/java-8-oracle/jre/lib/charsets.jar
7f35b07ed000-7f35b07ee000 r--s 00000000 08:05 1185931                    /usr/share/java/AbsoluteLayout-8.1.jar
7f35b07ee000-7f35b07f6000 rw-s 00000000 08:05 5640202                    /tmp/hsperfdata_thallys/7074
7f35b07f6000-7f35b07f7000 rw-p 00000000 00:00 0 
7f35b07f7000-7f35b07f8000 r--p 00000000 00:00 0 
7f35b07f8000-7f35b07fa000 rw-p 00000000 00:00 0 
7f35b07fa000-7f35b07fb000 r--p 00025000 08:05 6820305                    /lib/x86_64-linux-gnu/ld-2.23.so
7f35b07fb000-7f35b07fc000 rw-p 00026000 08:05 6820305                    /lib/x86_64-linux-gnu/ld-2.23.so
7f35b07fc000-7f35b07fd000 rw-p 00000000 00:00 0 
7ffd1ecd3000-7ffd1ecf4000 rw-p 00000000 00:00 0                          [stack]
7ffd1ed63000-7ffd1ed65000 r--p 00000000 00:00 0                          [vvar]
7ffd1ed65000-7ffd1ed67000 r-xp 00000000 00:00 0                          [vdso]
ffffffffff600000-ffffffffff601000 r-xp 00000000 00:00 0                  [vsyscall]

VM Arguments:
jvm_args: -Xdebug -Xrunjdwp:transport=dt_socket,address=localhost:36859 -Dfile.encoding=UTF-8 
java_command: prototipotela.TelaPrincipal
java_class_path (initial): /usr/share/netbeans/8.1/java/modules/ext/AbsoluteLayout.jar:/home/thallys/Área de Trabalho/PrototipoTela/build/classes
Launcher Type: SUN_STANDARD

Environment Variables:
PATH=/home/thallys/netkit-ng/bin:/usr/local/sbin:/usr/local/bin:/usr/sbin:/usr/bin:/sbin:/bin:/usr/games:/usr/local/games:/snap/bin
LD_LIBRARY_PATH=/usr/lib/jvm/java-8-oracle/bin/../jre/lib/amd64:/usr/lib/jvm/java-8-oracle/bin/../jre/lib/i386:
SHELL=/bin/bash
DISPLAY=:0

Signal Handlers:
SIGSEGV: [libjvm.so+0xac4790], sa_mask[0]=11111111011111111101111111111110, sa_flags=SA_RESTART|SA_SIGINFO
SIGBUS: [libjvm.so+0xac4790], sa_mask[0]=11111111011111111101111111111110, sa_flags=SA_RESTART|SA_SIGINFO
SIGFPE: [libjvm.so+0x91f140], sa_mask[0]=11111111011111111101111111111110, sa_flags=SA_RESTART|SA_SIGINFO
SIGPIPE: [libjvm.so+0x91f140], sa_mask[0]=11111111011111111101111111111110, sa_flags=SA_RESTART|SA_SIGINFO
SIGXFSZ: [libjvm.so+0x91f140], sa_mask[0]=11111111011111111101111111111110, sa_flags=SA_RESTART|SA_SIGINFO
SIGILL: [libjvm.so+0x91f140], sa_mask[0]=11111111011111111101111111111110, sa_flags=SA_RESTART|SA_SIGINFO
SIGUSR1: SIG_DFL, sa_mask[0]=00000000000000000000000000000000, sa_flags=none
SIGUSR2: [libjvm.so+0x920770], sa_mask[0]=00100000000000000000000000000000, sa_flags=SA_RESTART|SA_SIGINFO
SIGHUP: [libjvm.so+0x921b70], sa_mask[0]=11111111011111111101111111111110, sa_flags=SA_RESTART|SA_SIGINFO
SIGINT: SIG_IGN, sa_mask[0]=00000000000000000000000000000000, sa_flags=none
SIGTERM: [libjvm.so+0x921b70], sa_mask[0]=11111111011111111101111111111110, sa_flags=SA_RESTART|SA_SIGINFO
SIGQUIT: [libjvm.so+0x921b70], sa_mask[0]=11111111011111111101111111111110, sa_flags=SA_RESTART|SA_SIGINFO


---------------  S Y S T E M  ---------------

OS:DISTRIB_ID=Ubuntu
DISTRIB_RELEASE=16.04
DISTRIB_CODENAME=xenial
DISTRIB_DESCRIPTION="Ubuntu 16.04.1 LTS"

uname:Linux 4.4.0-36-generic #55-Ubuntu SMP Thu Aug 11 18:01:55 UTC 2016 x86_64
libc:glibc 2.23 NPTL 2.23 
rlimit: STACK 8192k, CORE 0k, NPROC 31462, NOFILE 65536, AS infinity
load average:1,50 1,48 1,44

/proc/meminfo:
MemTotal:        8092972 kB
MemFree:         1696216 kB
MemAvailable:    3771116 kB
Buffers:          294856 kB
Cached:          2498588 kB
SwapCached:            0 kB
Active:          4611124 kB
Inactive:        1368188 kB
Active(anon):    3205716 kB
Inactive(anon):   624880 kB
Active(file):    1405408 kB
Inactive(file):   743308 kB
Unevictable:         152 kB
Mlocked:             152 kB
SwapTotal:             0 kB
SwapFree:              0 kB
Dirty:               224 kB
Writeback:             0 kB
AnonPages:       3185792 kB
Mapped:           662876 kB
Shmem:            644900 kB
Slab:             284700 kB
SReclaimable:     234132 kB
SUnreclaim:        50568 kB
KernelStack:       10816 kB
PageTables:        46672 kB
NFS_Unstable:          0 kB
Bounce:                0 kB
WritebackTmp:          0 kB
CommitLimit:     4046484 kB
Committed_AS:    9360344 kB
VmallocTotal:   34359738367 kB
VmallocUsed:           0 kB
VmallocChunk:          0 kB
HardwareCorrupted:     0 kB
AnonHugePages:   1779712 kB
CmaTotal:              0 kB
CmaFree:               0 kB
HugePages_Total:       0
HugePages_Free:        0
HugePages_Rsvd:        0
HugePages_Surp:        0
Hugepagesize:       2048 kB
DirectMap4k:      229568 kB
DirectMap2M:     7028736 kB
DirectMap1G:     2097152 kB


CPU:total 4 (2 cores per cpu, 2 threads per core) family 6 model 61 stepping 4, cmov, cx8, fxsr, mmx, sse, sse2, sse3, ssse3, sse4.1, sse4.2, popcnt, avx, avx2, aes, clmul, erms, 3dnowpref, lzcnt, ht, tsc, tscinvbit, bmi1, bmi2, adx

/proc/cpuinfo:
processor	: 0
vendor_id	: GenuineIntel
cpu family	: 6
model		: 61
model name	: Intel(R) Core(TM) i5-5200U CPU @ 2.20GHz
stepping	: 4
microcode	: 0x1f
cpu MHz		: 2499.921
cache size	: 3072 KB
physical id	: 0
siblings	: 4
core id		: 0
cpu cores	: 2
apicid		: 0
initial apicid	: 0
fpu		: yes
fpu_exception	: yes
cpuid level	: 20
wp		: yes
flags		: fpu vme de pse tsc msr pae mce cx8 apic sep mtrr pge mca cmov pat pse36 clflush dts acpi mmx fxsr sse sse2 ss ht tm pbe syscall nx pdpe1gb rdtscp lm constant_tsc arch_perfmon pebs bts rep_good nopl xtopology nonstop_tsc aperfmperf eagerfpu pni pclmulqdq dtes64 monitor ds_cpl vmx est tm2 ssse3 sdbg fma cx16 xtpr pdcm pcid sse4_1 sse4_2 x2apic movbe popcnt tsc_deadline_timer aes xsave avx f16c rdrand lahf_lm abm 3dnowprefetch epb intel_pt tpr_shadow vnmi flexpriority ept vpid fsgsbase tsc_adjust bmi1 avx2 smep bmi2 erms invpcid rdseed adx smap xsaveopt dtherm ida arat pln pts
bugs		:
bogomips	: 4399.86
clflush size	: 64
cache_alignment	: 64
address sizes	: 39 bits physical, 48 bits virtual
power management:

processor	: 1
vendor_id	: GenuineIntel
cpu family	: 6
model		: 61
model name	: Intel(R) Core(TM) i5-5200U CPU @ 2.20GHz
stepping	: 4
microcode	: 0x1f
cpu MHz		: 2499.921
cache size	: 3072 KB
physical id	: 0
siblings	: 4
core id		: 1
cpu cores	: 2
apicid		: 2
initial apicid	: 2
fpu		: yes
fpu_exception	: yes
cpuid level	: 20
wp		: yes
flags		: fpu vme de pse tsc msr pae mce cx8 apic sep mtrr pge mca cmov pat pse36 clflush dts acpi mmx fxsr sse sse2 ss ht tm pbe syscall nx pdpe1gb rdtscp lm constant_tsc arch_perfmon pebs bts rep_good nopl xtopology nonstop_tsc aperfmperf eagerfpu pni pclmulqdq dtes64 monitor ds_cpl vmx est tm2 ssse3 sdbg fma cx16 xtpr pdcm pcid sse4_1 sse4_2 x2apic movbe popcnt tsc_deadline_timer aes xsave avx f16c rdrand lahf_lm abm 3dnowprefetch epb intel_pt tpr_shadow vnmi flexpriority ept vpid fsgsbase tsc_adjust bmi1 avx2 smep bmi2 erms invpcid rdseed adx smap xsaveopt dtherm ida arat pln pts
bugs		:
bogomips	: 4399.86
clflush size	: 64
cache_alignment	: 64
address sizes	: 39 bits physical, 48 bits virtual
power management:

processor	: 2
vendor_id	: GenuineIntel
cpu family	: 6
model		: 61
model name	: Intel(R) Core(TM) i5-5200U CPU @ 2.20GHz
stepping	: 4
microcode	: 0x1f
cpu MHz		: 2499.921
cache size	: 3072 KB
physical id	: 0
siblings	: 4
core id		: 0
cpu cores	: 2
apicid		: 1
initial apicid	: 1
fpu		: yes
fpu_exception	: yes
cpuid level	: 20
wp		: yes
flags		: fpu vme de pse tsc msr pae mce cx8 apic sep mtrr pge mca cmov pat pse36 clflush dts acpi mmx fxsr sse sse2 ss ht tm pbe syscall nx pdpe1gb rdtscp lm constant_tsc arch_perfmon pebs bts rep_good nopl xtopology nonstop_tsc aperfmperf eagerfpu pni pclmulqdq dtes64 monitor ds_cpl vmx est tm2 ssse3 sdbg fma cx16 xtpr pdcm pcid sse4_1 sse4_2 x2apic movbe popcnt tsc_deadline_timer aes xsave avx f16c rdrand lahf_lm abm 3dnowprefetch epb intel_pt tpr_shadow vnmi flexpriority ept vpid fsgsbase tsc_adjust bmi1 avx2 smep bmi2 erms invpcid rdseed adx smap xsaveopt dtherm ida arat pln pts
bugs		:
bogomips	: 4399.86
clflush size	: 64
cache_alignment	: 64
address sizes	: 39 bits physical, 48 bits virtual
power management:

processor	: 3
vendor_id	: GenuineIntel
cpu family	: 6
model		: 61
model name	: Intel(R) Core(TM) i5-5200U CPU @ 2.20GHz
stepping	: 4
microcode	: 0x1f
cpu MHz		: 2499.921
cache size	: 3072 KB
physical id	: 0
siblings	: 4
core id		: 1
cpu cores	: 2
apicid		: 3
initial apicid	: 3
fpu		: yes
fpu_exception	: yes
cpuid level	: 20
wp		: yes
flags		: fpu vme de pse tsc msr pae mce cx8 apic sep mtrr pge mca cmov pat pse36 clflush dts acpi mmx fxsr sse sse2 ss ht tm pbe syscall nx pdpe1gb rdtscp lm constant_tsc arch_perfmon pebs bts rep_good nopl xtopology nonstop_tsc aperfmperf eagerfpu pni pclmulqdq dtes64 monitor ds_cpl vmx est tm2 ssse3 sdbg fma cx16 xtpr pdcm pcid sse4_1 sse4_2 x2apic movbe popcnt tsc_deadline_timer aes xsave avx f16c rdrand lahf_lm abm 3dnowprefetch epb intel_pt tpr_shadow vnmi flexpriority ept vpid fsgsbase tsc_adjust bmi1 avx2 smep bmi2 erms invpcid rdseed adx smap xsaveopt dtherm ida arat pln pts
bugs		:
bogomips	: 4399.86
clflush size	: 64
cache_alignment	: 64
address sizes	: 39 bits physical, 48 bits virtual
power management:



Memory: 4k page, physical 8092972k(1696216k free), swap 0k(0k free)

vm_info: Java HotSpot(TM) 64-Bit Server VM (25.101-b13) for linux-amd64 JRE (1.8.0_101-b13), built on Jun 22 2016 02:59:44 by "java_re" with gcc 4.3.0 20080428 (Red Hat 4.3.0-8)

time: Wed Sep 21 12:44:06 2016
elapsed time: 1 seconds (0d 0h 0m 1s)

