#
# A fatal error has been detected by the Java Runtime Environment:
#
#  SIGSEGV (0xb) at pc=0x0000000000000000, pid=8732, tid=0x00007fcfbbaed700
#
# JRE version: Java(TM) SE Runtime Environment (8.0_101-b13) (build 1.8.0_101-b13)
# Java VM: Java HotSpot(TM) 64-Bit Server VM (25.101-b13 mixed mode linux-amd64 compressed oops)
# Problematic frame:
# C  0x0000000000000000
#
# Failed to write core dump. Core dumps have been disabled. To enable core dumping, try "ulimit -c unlimited" before starting Java again
#
# If you would like to submit a bug report, please visit:
#   http://bugreport.java.com/bugreport/crash.jsp
# The crash happened outside the Java Virtual Machine in native code.
# See problematic frame for where to report the bug.
#

---------------  T H R E A D  ---------------

Current thread (0x00007fd0182d7800):  JavaThread "AWT-EventQueue-0" [_thread_in_native, id=8759, stack(0x00007fcfbb9ed000,0x00007fcfbbaee000)]

siginfo: si_signo: 11 (SIGSEGV), si_code: 1 (SEGV_MAPERR), si_addr: 0x0000000000000000

Registers:
RAX=0x00007fcff22cf598, RBX=0x00000000000001fe, RCX=0x00000000000001fe, RDX=0x00000000000003f2
RSP=0x00007fcfbbae98d8, RBP=0x00007fcfbbae9900, RSI=0x00007fcfbbae9998, RDI=0x00007fd0182d79f8
R8 =0x0000000000000000, R9 =0x000000000000000c, R10=0x00007fd00901fc58, R11=0x00007fd01f942c50
R12=0x00000000000003f2, R13=0x00007fd0182d79f8, R14=0x00007fcfbbae9998, R15=0x00007fd0182d7800
RIP=0x0000000000000000, EFLAGS=0x0000000000010202, CSGSFS=0x0000000000000033, ERR=0x0000000000000014
  TRAPNO=0x000000000000000e

Top of Stack: (sp=0x00007fcfbbae98d8)
0x00007fcfbbae98d8:   00007fcff20bb925 0000000000000000
0x00007fcfbbae98e8:   00007fcfbad4cbe0 0000000000000000
0x00007fcfbbae98f8:   00007fcfbad4cbe0 00007fcfbbae9968
0x00007fcfbbae9908:   00007fd00901fc84 00007fcfbbae9968
0x00007fcfbbae9918:   00007fd00901f747 00007fd00901f702
0x00007fcfbbae9928:   00007fcfbbae9928 00007fcfbad4cbe0
0x00007fcfbbae9938:   00007fcfbbae9998 00007fcfbad4e908
0x00007fcfbbae9948:   0000000000000000 00007fcfbad4cbe0
0x00007fcfbbae9958:   0000000000000000 00007fcfbbae9988
0x00007fcfbbae9968:   00007fcfbbae99e0 00007fd00900833d
0x00007fcfbbae9978:   0000000000000000 00007fd009016478
0x00007fcfbbae9988:   00000000000001fe 00000000000003f2
0x00007fcfbbae9998:   00000000d7a16020 00007fcfbbae99a0
0x00007fcfbbae99a8:   00007fcfbad4dde5 00007fcfbbae9a20
0x00007fcfbbae99b8:   00007fcfbad4e908 0000000000000000
0x00007fcfbbae99c8:   00007fcfbad4de18 00007fcfbbae9988
0x00007fcfbbae99d8:   00007fcfbbae99f0 00007fcfbbae9a78
0x00007fcfbbae99e8:   00007fd00900833d 00000000d7a19178
0x00007fcfbbae99f8:   00000000000001fe 00000000000003f2
0x00007fcfbbae9a08:   0000000000000000 0000000000000000
0x00007fcfbbae9a18:   00000000d7a14d08 00000000d7a16020
0x00007fcfbbae9a28:   0000000000000001 00000000d70c2760
0x00007fcfbbae9a38:   00007fcfbbae9a28 00007fcfbb88109e
0x00007fcfbbae9a48:   00007fcfbbae9ae8 00007fcfbb881428
0x00007fcfbbae9a58:   0000000000000000 00007fcfbb8810f0
0x00007fcfbbae9a68:   00007fcfbbae99f0 00007fcfbbae9ab8
0x00007fcfbbae9a78:   00007fcfbbae9b30 00007fd009008382
0x00007fcfbbae9a88:   0000000000000000 00000000d70c2760
0x00007fcfbbae9a98:   0000000000000001 0000000000000400
0x00007fcfbbae9aa8:   00000000d79f2e08 00000000d7a14fe8
0x00007fcfbbae9ab8:   00000000000001fe 00000000000003f2
0x00007fcfbbae9ac8:   0000000000000000 0000000000000000 

Instructions: (pc=0x0000000000000000)
0xffffffffffffffe0:   

Register to memory mapping:

RAX=0x00007fcff22cf598: <offset 0x258598> in /usr/lib/jvm/java-8-oracle/jre/lib/amd64/libawt_xawt.so at 0x00007fcff2077000
RBX=0x00000000000001fe is an unknown value
RCX=0x00000000000001fe is an unknown value
RDX=0x00000000000003f2 is an unknown value
RSP=0x00007fcfbbae98d8 is pointing into the stack for thread: 0x00007fd0182d7800
RBP=0x00007fcfbbae9900 is pointing into the stack for thread: 0x00007fd0182d7800
RSI=0x00007fcfbbae9998 is pointing into the stack for thread: 0x00007fd0182d7800
RDI=0x00007fd0182d79f8 is an unknown value
R8 =0x0000000000000000 is an unknown value
R9 =0x000000000000000c is an unknown value
R10=0x00007fd00901fc58 is at code_begin+1528 in an Interpreter codelet
method entry point (kind = native)  [0x00007fd00901f660, 0x00007fd0090205a0]  3904 bytes
R11=0x00007fd01f942c50: <offset 0x9c1c50> in /usr/lib/jvm/java-8-oracle/jre/lib/amd64/server/libjvm.so at 0x00007fd01ef81000
R12=0x00000000000003f2 is an unknown value
R13=0x00007fd0182d79f8 is an unknown value
R14=0x00007fcfbbae9998 is pointing into the stack for thread: 0x00007fd0182d7800
R15=0x00007fd0182d7800 is a thread


Stack: [0x00007fcfbb9ed000,0x00007fcfbbaee000],  sp=0x00007fcfbbae98d8,  free space=1010k
Java frames: (J=compiled Java code, j=interpreted, Vv=VM code)
j  com.sun.java.swing.plaf.gtk.GTKEngine.nativeStartPainting(II)V+0
j  com.sun.java.swing.plaf.gtk.GTKEngine.startPainting(Ljava/awt/Graphics;IIII[Ljava/lang/Object;)V+5
j  com.sun.java.swing.plaf.gtk.GTKPainter$TitledBorder.paintBorder(Ljava/awt/Component;Ljava/awt/Graphics;IIII)V+86
j  javax.swing.border.TitledBorder.paintBorder(Ljava/awt/Component;Ljava/awt/Graphics;IIII)V+809
j  javax.swing.JComponent.paintBorder(Ljava/awt/Graphics;)V+22
j  javax.swing.JComponent.paint(Ljava/awt/Graphics;)V+292
j  javax.swing.JComponent.paintChildren(Ljava/awt/Graphics;)V+501
j  javax.swing.JComponent.paint(Ljava/awt/Graphics;)V+318
j  javax.swing.JComponent.paintChildren(Ljava/awt/Graphics;)V+501
j  javax.swing.JComponent.paint(Ljava/awt/Graphics;)V+318
j  javax.swing.JLayeredPane.paint(Ljava/awt/Graphics;)V+73
j  javax.swing.JComponent.paintChildren(Ljava/awt/Graphics;)V+501
j  javax.swing.JComponent.paintToOffscreen(Ljava/awt/Graphics;IIIIII)V+72
j  javax.swing.BufferStrategyPaintManager.paint(Ljavax/swing/JComponent;Ljavax/swing/JComponent;Ljava/awt/Graphics;IIII)Z+164
j  javax.swing.RepaintManager.paint(Ljavax/swing/JComponent;Ljavax/swing/JComponent;Ljava/awt/Graphics;IIII)V+51
j  javax.swing.JComponent.paint(Ljava/awt/Graphics;)V+221
j  java.awt.GraphicsCallback$PaintCallback.run(Ljava/awt/Component;Ljava/awt/Graphics;)V+2
j  sun.awt.SunGraphicsCallback.runOneComponent(Ljava/awt/Component;Ljava/awt/Rectangle;Ljava/awt/Graphics;Ljava/awt/Shape;I)V+155
j  sun.awt.SunGraphicsCallback.runComponents([Ljava/awt/Component;Ljava/awt/Graphics;I)V+194
j  java.awt.Container.paint(Ljava/awt/Graphics;)V+58
j  java.awt.Window.paint(Ljava/awt/Graphics;)V+68
j  javax.swing.RepaintManager$4.run()Ljava/lang/Void;+142
j  javax.swing.RepaintManager$4.run()Ljava/lang/Object;+1
v  ~StubRoutines::call_stub
j  java.security.AccessController.doPrivileged(Ljava/security/PrivilegedAction;Ljava/security/AccessControlContext;)Ljava/lang/Object;+0
j  java.security.ProtectionDomain$JavaSecurityAccessImpl.doIntersectionPrivilege(Ljava/security/PrivilegedAction;Ljava/security/AccessControlContext;Ljava/security/AccessControlContext;)Ljava/lang/Object;+18
j  javax.swing.RepaintManager.paintDirtyRegions(Ljava/util/Map;)V+154
j  javax.swing.RepaintManager.paintDirtyRegions()V+46
j  javax.swing.RepaintManager.prePaintDirtyRegions()V+73
j  javax.swing.RepaintManager.access$1200(Ljavax/swing/RepaintManager;)V+1
j  javax.swing.RepaintManager$ProcessingRunnable.run()V+37
j  java.awt.event.InvocationEvent.dispatch()V+47
j  java.awt.EventQueue.dispatchEventImpl(Ljava/awt/AWTEvent;Ljava/lang/Object;)V+21
j  java.awt.EventQueue.access$500(Ljava/awt/EventQueue;Ljava/awt/AWTEvent;Ljava/lang/Object;)V+3
j  java.awt.EventQueue$3.run()Ljava/lang/Void;+32
j  java.awt.EventQueue$3.run()Ljava/lang/Object;+1
v  ~StubRoutines::call_stub
j  java.security.AccessController.doPrivileged(Ljava/security/PrivilegedAction;Ljava/security/AccessControlContext;)Ljava/lang/Object;+0
j  java.security.ProtectionDomain$JavaSecurityAccessImpl.doIntersectionPrivilege(Ljava/security/PrivilegedAction;Ljava/security/AccessControlContext;Ljava/security/AccessControlContext;)Ljava/lang/Object;+18
j  java.awt.EventQueue.dispatchEvent(Ljava/awt/AWTEvent;)V+46
j  java.awt.EventDispatchThread.pumpOneEventForFilters(I)V+245
j  java.awt.EventDispatchThread.pumpEventsForFilter(ILjava/awt/Conditional;Ljava/awt/EventFilter;)V+35
j  java.awt.EventDispatchThread.pumpEventsForHierarchy(ILjava/awt/Conditional;Ljava/awt/Component;)V+11
j  java.awt.EventDispatchThread.pumpEvents(ILjava/awt/Conditional;)V+4
j  java.awt.EventDispatchThread.pumpEvents(Ljava/awt/Conditional;)V+3
j  java.awt.EventDispatchThread.run()V+9
v  ~StubRoutines::call_stub

---------------  P R O C E S S  ---------------

Java Threads: ( => current thread )
  0x00007fcfa8056000 JavaThread "Image Fetcher 0" daemon [_thread_blocked, id=8761, stack(0x00007fcfbb5eb000,0x00007fcfbb6ec000)]
  0x00007fcfa8004000 JavaThread "org.netbeans.modules.debugger.jpda.visual AWT Access Loop" daemon [_thread_blocked, id=8760, stack(0x00007fcfbb8ec000,0x00007fcfbb9ed000)]
  0x00007fd01800c000 JavaThread "DestroyJavaVM" [_thread_blocked, id=8734, stack(0x00007fd020a68000,0x00007fd020b69000)]
=>0x00007fd0182d7800 JavaThread "AWT-EventQueue-0" [_thread_in_native, id=8759, stack(0x00007fcfbb9ed000,0x00007fcfbbaee000)]
  0x00007fd0182d6000 JavaThread "AWT-Shutdown" [_thread_blocked, id=8758, stack(0x00007fcff005c000,0x00007fcff015d000)]
  0x00007fd01823d800 JavaThread "AWT-XAWT" daemon [_thread_in_native, id=8757, stack(0x00007fcff03f4000,0x00007fcff04f5000)]
  0x00007fd018221000 JavaThread "Java2D Disposer" daemon [_thread_blocked, id=8756, stack(0x00007fcff0905000,0x00007fcff0a06000)]
  0x00007fd0180da800 JavaThread "Service Thread" daemon [_thread_blocked, id=8754, stack(0x00007fcff26a3000,0x00007fcff27a4000)]
  0x00007fd0180cf000 JavaThread "C1 CompilerThread2" daemon [_thread_in_vm, id=8753, stack(0x00007fcff27a4000,0x00007fcff28a5000)]
  0x00007fd0180cd800 JavaThread "C2 CompilerThread1" daemon [_thread_blocked, id=8752, stack(0x00007fcff28a5000,0x00007fcff29a6000)]
  0x00007fd0180ca800 JavaThread "C2 CompilerThread0" daemon [_thread_in_native, id=8751, stack(0x00007fcff29a6000,0x00007fcff2aa7000)]
  0x00007fcfe0001000 JavaThread "JDWP Command Reader" daemon [_thread_in_native, id=8749, stack(0x00007fcff2aa7000,0x00007fcff2ba8000)]
  0x00007fd0180c8000 JavaThread "JDWP Event Helper Thread" daemon [_thread_blocked, id=8748, stack(0x00007fcff2ba8000,0x00007fcff2ca9000)]
  0x00007fd0180c4800 JavaThread "JDWP Transport Listener: dt_socket" daemon [_thread_blocked, id=8747, stack(0x00007fcff2ca9000,0x00007fcff2daa000)]
  0x00007fd0180b8000 JavaThread "Signal Dispatcher" daemon [_thread_blocked, id=8744, stack(0x00007fcff2fae000,0x00007fcff30af000)]
  0x00007fd018086000 JavaThread "Finalizer" daemon [_thread_blocked, id=8743, stack(0x00007fcff30af000,0x00007fcff31b0000)]
  0x00007fd018081800 JavaThread "Reference Handler" daemon [_thread_blocked, id=8742, stack(0x00007fcff31b0000,0x00007fcff32b1000)]

Other Threads:
  0x00007fd01807a000 VMThread [stack: 0x00007fcff32b1000,0x00007fcff33b2000] [id=8741]
  0x00007fd0180dd800 WatcherThread [stack: 0x00007fcff25a2000,0x00007fcff26a3000] [id=8755]

VM state:not at safepoint (normal execution)

VM Mutex/Monitor currently owned by a thread: None

Heap:
 PSYoungGen      total 36864K, used 13338K [0x00000000d6d80000, 0x00000000d9680000, 0x0000000100000000)
  eden space 31744K, 42% used [0x00000000d6d80000,0x00000000d7a86940,0x00000000d8c80000)
  from space 5120K, 0% used [0x00000000d9180000,0x00000000d9180000,0x00000000d9680000)
  to   space 5120K, 0% used [0x00000000d8c80000,0x00000000d8c80000,0x00000000d9180000)
 ParOldGen       total 84992K, used 0K [0x0000000084800000, 0x0000000089b00000, 0x00000000d6d80000)
  object space 84992K, 0% used [0x0000000084800000,0x0000000084800000,0x0000000089b00000)
 Metaspace       used 13825K, capacity 14082K, committed 14336K, reserved 1062912K
  class space    used 1688K, capacity 1789K, committed 1792K, reserved 1048576K

Card table byte_map: [0x00007fd01c641000,0x00007fd01ca1e000] byte_map_base: 0x00007fd01c21d000

Marking Bits: (ParMarkBitMap*) 0x00007fd01ff42120
 Begin Bits: [0x00007fd00513f000, 0x00007fd00701f000)
 End Bits:   [0x00007fd00701f000, 0x00007fd008eff000)

Polling page: 0x00007fd020b91000

CodeCache: size=245760Kb used=2707Kb max_used=2707Kb free=243052Kb
 bounds [0x00007fd009000000, 0x00007fd0092b0000, 0x00007fd018000000]
 total_blobs=1258 nmethods=690 adapters=489
 compilation: enabled

Compilation events (10 events):
Event: 0,943 Thread 0x00007fd0180cf000  686       3       java.util.ArrayList$Itr::hasNext (20 bytes)
Event: 0,943 Thread 0x00007fd0180cf000 nmethod 686 0x00007fd00929f890 code [0x00007fd00929fa00, 0x00007fd00929fbd0]
Event: 0,943 Thread 0x00007fd0180cf000  684       3       sun.swing.MenuItemLayoutHelper::getParentIntProperty (42 bytes)
Event: 0,944 Thread 0x00007fd0180cf000 nmethod 684 0x00007fd00929eed0 code [0x00007fd00929f080, 0x00007fd00929f6a8]
Event: 0,944 Thread 0x00007fd0180cf000  685       3       java.util.ArrayList$Itr::next (66 bytes)
Event: 0,945 Thread 0x00007fd0180cf000 nmethod 685 0x00007fd00929e510 code [0x00007fd00929e6e0, 0x00007fd00929ebc8]
Event: 0,948 Thread 0x00007fd0180ca800  692  s    4       java.io.ByteArrayOutputStream::write (32 bytes)
Event: 0,949 Thread 0x00007fd0180cf000  687       3       java.awt.geom.RectangularShape::<init> (5 bytes)
Event: 0,949 Thread 0x00007fd0180cf000 nmethod 687 0x00007fd0092a1210 code [0x00007fd0092a1380, 0x00007fd0092a1530]
Event: 0,950 Thread 0x00007fd0180cf000  690       3       javax.swing.plaf.nimbus.NimbusStyle::getExtendedState (247 bytes)

GC Heap History (0 events):
No events

Deoptimization events (8 events):
Event: 0,630 Thread 0x00007fd0182d7800 Uncommon trap: reason=unstable_if action=reinterpret pc=0x00007fd0091c8c6c method=java.lang.AbstractStringBuilder.append(Ljava/lang/String;)Ljava/lang/AbstractStringBuilder; @ 1
Event: 0,631 Thread 0x00007fd0182d7800 Uncommon trap: reason=unstable_if action=reinterpret pc=0x00007fd0091cc930 method=java.lang.AbstractStringBuilder.append(Ljava/lang/String;)Ljava/lang/AbstractStringBuilder; @ 1
Event: 0,682 Thread 0x00007fd0182d7800 Uncommon trap: reason=unstable_if action=reinterpret pc=0x00007fd0091bb3b4 method=java.lang.String.<init>([CII)V @ 18
Event: 0,856 Thread 0x00007fd0182d7800 Uncommon trap: reason=class_check action=maybe_recompile pc=0x00007fd0091e6dd8 method=java.util.HashMap.putVal(ILjava/lang/Object;Ljava/lang/Object;ZZ)Ljava/lang/Object; @ 253
Event: 0,857 Thread 0x00007fd0182d7800 Uncommon trap: reason=class_check action=maybe_recompile pc=0x00007fd0091e6dd8 method=java.util.HashMap.putVal(ILjava/lang/Object;Ljava/lang/Object;ZZ)Ljava/lang/Object; @ 253
Event: 0,858 Thread 0x00007fd0182d7800 Uncommon trap: reason=class_check action=maybe_recompile pc=0x00007fd0091e6dd8 method=java.util.HashMap.putVal(ILjava/lang/Object;Ljava/lang/Object;ZZ)Ljava/lang/Object; @ 253
Event: 0,858 Thread 0x00007fd0182d7800 Uncommon trap: reason=class_check action=maybe_recompile pc=0x00007fd0091e6dd8 method=java.util.HashMap.putVal(ILjava/lang/Object;Ljava/lang/Object;ZZ)Ljava/lang/Object; @ 253
Event: 0,858 Thread 0x00007fd0182d7800 Uncommon trap: reason=class_check action=maybe_recompile pc=0x00007fd0091e3944 method=java.util.HashMap.putVal(ILjava/lang/Object;Ljava/lang/Object;ZZ)Ljava/lang/Object; @ 253

Internal exceptions (10 events):
Event: 0,682 Thread 0x00007fd0182d7800 Exception <a 'java/lang/NoSuchMethodError': <clinit>> (0x00000000d7630508) thrown at [/HUDSON3/workspace/8-2-build-linux-amd64/jdk8u101/7261/hotspot/src/share/vm/prims/jni.cpp, line 1613]
Event: 0,695 Thread 0x00007fd0182d7800 Exception <a 'java/lang/NoSuchMethodError': <clinit>> (0x00000000d7656ad8) thrown at [/HUDSON3/workspace/8-2-build-linux-amd64/jdk8u101/7261/hotspot/src/share/vm/prims/jni.cpp, line 1613]
Event: 0,698 Thread 0x00007fd0182d7800 Exception <a 'java/lang/NoSuchMethodError': <clinit>> (0x00000000d766e948) thrown at [/HUDSON3/workspace/8-2-build-linux-amd64/jdk8u101/7261/hotspot/src/share/vm/prims/jni.cpp, line 1613]
Event: 0,706 Thread 0x00007fd0182d7800 Exception <a 'java/lang/NoSuchMethodError': <clinit>> (0x00000000d7694920) thrown at [/HUDSON3/workspace/8-2-build-linux-amd64/jdk8u101/7261/hotspot/src/share/vm/prims/jni.cpp, line 1613]
Event: 0,708 Thread 0x00007fd0182d7800 Exception <a 'java/lang/NoSuchMethodError': <clinit>> (0x00000000d769ce68) thrown at [/HUDSON3/workspace/8-2-build-linux-amd64/jdk8u101/7261/hotspot/src/share/vm/prims/jni.cpp, line 1613]
Event: 0,720 Thread 0x00007fd0182d7800 Exception <a 'java/lang/NoSuchMethodError': <clinit>> (0x00000000d76c9160) thrown at [/HUDSON3/workspace/8-2-build-linux-amd64/jdk8u101/7261/hotspot/src/share/vm/prims/jni.cpp, line 1613]
Event: 0,722 Thread 0x00007fd0182d7800 Exception <a 'java/lang/NoSuchMethodError': <clinit>> (0x00000000d76dfb68) thrown at [/HUDSON3/workspace/8-2-build-linux-amd64/jdk8u101/7261/hotspot/src/share/vm/prims/jni.cpp, line 1613]
Event: 0,737 Thread 0x00007fd0182d7800 Exception <a 'java/lang/NoSuchMethodError': <clinit>> (0x00000000d7757ef8) thrown at [/HUDSON3/workspace/8-2-build-linux-amd64/jdk8u101/7261/hotspot/src/share/vm/prims/jni.cpp, line 1613]
Event: 0,739 Thread 0x00007fd0182d7800 Exception <a 'java/lang/NoSuchMethodError': <clinit>> (0x00000000d776b018) thrown at [/HUDSON3/workspace/8-2-build-linux-amd64/jdk8u101/7261/hotspot/src/share/vm/prims/jni.cpp, line 1613]
Event: 0,741 Thread 0x00007fd0182d7800 Exception <a 'java/lang/NoSuchMethodError': <clinit>> (0x00000000d777f018) thrown at [/HUDSON3/workspace/8-2-build-linux-amd64/jdk8u101/7261/hotspot/src/share/vm/prims/jni.cpp, line 1613]

Events (10 events):
Event: 0,953 loading class com/sun/java/swing/plaf/gtk/GTKEngine
Event: 0,953 loading class com/sun/java/swing/plaf/gtk/GTKEngine done
Event: 0,954 loading class sun/swing/ImageCache
Event: 0,954 loading class sun/swing/ImageCache done
Event: 0,954 loading class com/sun/java/swing/plaf/gtk/GTKEngine$WidgetType
Event: 0,954 loading class com/sun/java/swing/plaf/gtk/GTKEngine$WidgetType done
Event: 0,956 loading class com/sun/java/swing/plaf/gtk/GTKRegion
Event: 0,956 loading class com/sun/java/swing/plaf/gtk/GTKRegion done
Event: 0,956 loading class sun/swing/ImageCache$Entry
Event: 0,957 loading class sun/swing/ImageCache$Entry done


Dynamic libraries:
00400000-00401000 r-xp 00000000 08:05 1447353                            /usr/lib/jvm/java-8-oracle/bin/java
00600000-00601000 rw-p 00000000 08:05 1447353                            /usr/lib/jvm/java-8-oracle/bin/java
007b6000-007d7000 rw-p 00000000 00:00 0                                  [heap]
84800000-89b00000 rw-p 00000000 00:00 0 
89b00000-d6d80000 ---p 00000000 00:00 0 
d6d80000-d9680000 rw-p 00000000 00:00 0 
d9680000-100000000 ---p 00000000 00:00 0 
100000000-1001c0000 rw-p 00000000 00:00 0 
1001c0000-140000000 ---p 00000000 00:00 0 
7fcfa0000000-7fcfa032b000 rw-p 00000000 00:00 0 
7fcfa032b000-7fcfa4000000 ---p 00000000 00:00 0 
7fcfa8000000-7fcfa82d3000 rw-p 00000000 00:00 0 
7fcfa82d3000-7fcfac000000 ---p 00000000 00:00 0 
7fcfac000000-7fcfac021000 rw-p 00000000 00:00 0 
7fcfac021000-7fcfb0000000 ---p 00000000 00:00 0 
7fcfb0000000-7fcfb0021000 rw-p 00000000 00:00 0 
7fcfb0021000-7fcfb4000000 ---p 00000000 00:00 0 
7fcfb4000000-7fcfb4021000 rw-p 00000000 00:00 0 
7fcfb4021000-7fcfb8000000 ---p 00000000 00:00 0 
7fcfbad3e000-7fcfbad7e000 rw-p 00000000 00:00 0 
7fcfbad7e000-7fcfbaf3e000 ---p 00000000 00:00 0 
7fcfbaf3e000-7fcfbaf68000 r-xp 00000000 08:05 1447485                    /usr/lib/jvm/java-8-oracle/jre/lib/amd64/libdcpr.so
7fcfbaf68000-7fcfbb168000 ---p 0002a000 08:05 1447485                    /usr/lib/jvm/java-8-oracle/jre/lib/amd64/libdcpr.so
7fcfbb168000-7fcfbb16b000 rw-p 0002a000 08:05 1447485                    /usr/lib/jvm/java-8-oracle/jre/lib/amd64/libdcpr.so
7fcfbb16b000-7fcfbb1d4000 r-xp 00000000 08:05 1447534                    /usr/lib/jvm/java-8-oracle/jre/lib/amd64/libt2k.so
7fcfbb1d4000-7fcfbb3d4000 ---p 00069000 08:05 1447534                    /usr/lib/jvm/java-8-oracle/jre/lib/amd64/libt2k.so
7fcfbb3d4000-7fcfbb3db000 rw-p 00069000 08:05 1447534                    /usr/lib/jvm/java-8-oracle/jre/lib/amd64/libt2k.so
7fcfbb3db000-7fcfbb5eb000 rw-p 00000000 00:00 0 
7fcfbb5eb000-7fcfbb5ee000 ---p 00000000 00:00 0 
7fcfbb5ee000-7fcfbb8ec000 rw-p 00000000 00:00 0 
7fcfbb8ec000-7fcfbb8ef000 ---p 00000000 00:00 0 
7fcfbb8ef000-7fcfbb9ed000 rw-p 00000000 00:00 0 
7fcfbb9ed000-7fcfbb9f0000 ---p 00000000 00:00 0 
7fcfbb9f0000-7fcfbbaee000 rw-p 00000000 00:00 0 
7fcfbbaee000-7fcfbbaff000 r-xp 00000000 08:05 1447503                    /usr/lib/jvm/java-8-oracle/jre/lib/amd64/libnio.so
7fcfbbaff000-7fcfbbcfe000 ---p 00011000 08:05 1447503                    /usr/lib/jvm/java-8-oracle/jre/lib/amd64/libnio.so
7fcfbbcfe000-7fcfbbcff000 rw-p 00010000 08:05 1447503                    /usr/lib/jvm/java-8-oracle/jre/lib/amd64/libnio.so
7fcfbbcff000-7fcfbc000000 rw-p 00000000 00:00 0 
7fcfbc000000-7fcfbc021000 rw-p 00000000 00:00 0 
7fcfbc021000-7fcfc0000000 ---p 00000000 00:00 0 
7fcfc0000000-7fcfc0021000 rw-p 00000000 00:00 0 
7fcfc0021000-7fcfc4000000 ---p 00000000 00:00 0 
7fcfc4000000-7fcfc41b2000 rw-p 00000000 00:00 0 
7fcfc41b2000-7fcfc8000000 ---p 00000000 00:00 0 
7fcfc8000000-7fcfc8021000 rw-p 00000000 00:00 0 
7fcfc8021000-7fcfcc000000 ---p 00000000 00:00 0 
7fcfcc000000-7fcfcc16d000 rw-p 00000000 00:00 0 
7fcfcc16d000-7fcfd0000000 ---p 00000000 00:00 0 
7fcfd0000000-7fcfd017c000 rw-p 00000000 00:00 0 
7fcfd017c000-7fcfd4000000 ---p 00000000 00:00 0 
7fcfd4000000-7fcfd4032000 rw-p 00000000 00:00 0 
7fcfd4032000-7fcfd8000000 ---p 00000000 00:00 0 
7fcfd8000000-7fcfd8021000 rw-p 00000000 00:00 0 
7fcfd8021000-7fcfdc000000 ---p 00000000 00:00 0 
7fcfdc000000-7fcfdc021000 rw-p 00000000 00:00 0 
7fcfdc021000-7fcfe0000000 ---p 00000000 00:00 0 
7fcfe0000000-7fcfe0021000 rw-p 00000000 00:00 0 
7fcfe0021000-7fcfe4000000 ---p 00000000 00:00 0 
7fcfe4000000-7fcfe4021000 rw-p 00000000 00:00 0 
7fcfe4021000-7fcfe8000000 ---p 00000000 00:00 0 
7fcfe8000000-7fcfe8021000 rw-p 00000000 00:00 0 
7fcfe8021000-7fcfec000000 ---p 00000000 00:00 0 
7fcfec000000-7fcfec021000 rw-p 00000000 00:00 0 
7fcfec021000-7fcff0000000 ---p 00000000 00:00 0 
7fcff0058000-7fcff005c000 r--s 00097000 08:05 1447379                    /usr/lib/jvm/java-8-oracle/jre/lib/jsse.jar
7fcff005c000-7fcff005f000 ---p 00000000 00:00 0 
7fcff005f000-7fcff015d000 rw-p 00000000 00:00 0 
7fcff015d000-7fcff0168000 r--s 00000000 08:05 917767                     /var/cache/fontconfig/945677eb7aeaf62f1d50efc3fb3ec7d8-le64.cache-6
7fcff0168000-7fcff016a000 r--s 00000000 08:05 917765                     /var/cache/fontconfig/99e8ed0e538f840c565b6ed5dad60d56-le64.cache-6
7fcff016a000-7fcff0173000 r--s 00000000 08:05 917764                     /var/cache/fontconfig/a6d8cf8e4ec09cdbc8633c31745a07dd-le64.cache-6
7fcff0173000-7fcff0179000 r--s 00000000 08:05 917763                     /var/cache/fontconfig/2cd17615ca594fa2959ae173292e504c-le64.cache-6
7fcff0179000-7fcff017a000 r--s 00000000 08:05 917762                     /var/cache/fontconfig/0d8c3b2ac0904cb8a57a757ad11a4a08-le64.cache-6
7fcff017a000-7fcff018f000 r--s 00000000 08:05 917760                     /var/cache/fontconfig/04aabc0a78ac019cf9454389977116d2-le64.cache-6
7fcff018f000-7fcff01ca000 r--s 00000000 08:05 917753                     /var/cache/fontconfig/365b55f210c0a22e9a19e35191240f32-le64.cache-6
7fcff01ca000-7fcff01dd000 r--s 00000000 08:05 917743                     /var/cache/fontconfig/d52a8644073d54c13679302ca1180695-le64.cache-6
7fcff01dd000-7fcff01f3000 r-xp 00000000 08:05 1447480                    /usr/lib/jvm/java-8-oracle/jre/lib/amd64/libnet.so
7fcff01f3000-7fcff03f3000 ---p 00016000 08:05 1447480                    /usr/lib/jvm/java-8-oracle/jre/lib/amd64/libnet.so
7fcff03f3000-7fcff03f4000 rw-p 00016000 08:05 1447480                    /usr/lib/jvm/java-8-oracle/jre/lib/amd64/libnet.so
7fcff03f4000-7fcff03f7000 ---p 00000000 00:00 0 
7fcff03f7000-7fcff04f5000 rw-p 00000000 00:00 0 
7fcff04f5000-7fcff04fa000 r-xp 00000000 08:05 794871                     /usr/lib/x86_64-linux-gnu/libXfixes.so.3.1.0
7fcff04fa000-7fcff06f9000 ---p 00005000 08:05 794871                     /usr/lib/x86_64-linux-gnu/libXfixes.so.3.1.0
7fcff06f9000-7fcff06fa000 r--p 00004000 08:05 794871                     /usr/lib/x86_64-linux-gnu/libXfixes.so.3.1.0
7fcff06fa000-7fcff06fb000 rw-p 00005000 08:05 794871                     /usr/lib/x86_64-linux-gnu/libXfixes.so.3.1.0
7fcff06fb000-7fcff0704000 r-xp 00000000 08:05 794863                     /usr/lib/x86_64-linux-gnu/libXcursor.so.1.0.2
7fcff0704000-7fcff0903000 ---p 00009000 08:05 794863                     /usr/lib/x86_64-linux-gnu/libXcursor.so.1.0.2
7fcff0903000-7fcff0904000 r--p 00008000 08:05 794863                     /usr/lib/x86_64-linux-gnu/libXcursor.so.1.0.2
7fcff0904000-7fcff0905000 rw-p 00009000 08:05 794863                     /usr/lib/x86_64-linux-gnu/libXcursor.so.1.0.2
7fcff0905000-7fcff0908000 ---p 00000000 00:00 0 
7fcff0908000-7fcff0a06000 rw-p 00000000 00:00 0 
7fcff0a06000-7fcff0a1c000 r-xp 00000000 08:05 6820371                    /lib/x86_64-linux-gnu/libgcc_s.so.1
7fcff0a1c000-7fcff0c1b000 ---p 00016000 08:05 6820371                    /lib/x86_64-linux-gnu/libgcc_s.so.1
7fcff0c1b000-7fcff0c1c000 rw-p 00015000 08:05 6820371                    /lib/x86_64-linux-gnu/libgcc_s.so.1
7fcff0c1c000-7fcff0c20000 r--s 00000000 08:05 917761                     /var/cache/fontconfig/de156ccd2eddbdc19d37a45b8b2aac9c-le64.cache-6
7fcff0c20000-7fcff0c24000 r--s 00000000 08:05 917758                     /var/cache/fontconfig/385c0604a188198f04d133e54aba7fe7-le64.cache-6
7fcff0c24000-7fcff0c2b000 r--s 00000000 08:05 917751                     /var/cache/fontconfig/3047814df9a2f067bd2d96a2b9c36e5a-le64.cache-6
7fcff0c2b000-7fcff0c36000 r--s 00000000 08:05 917741                     /var/cache/fontconfig/d589a48862398ed80a3d6066f4f56f4c-le64.cache-6
7fcff0c36000-7fcff0c41000 r--s 00000000 08:05 917736                     /var/cache/fontconfig/83bf95040141907cd45bb53cf7c1c148-le64.cache-6
7fcff0c41000-7fcff0ca6000 r-xp 00000000 08:05 1447497                    /usr/lib/jvm/java-8-oracle/jre/lib/amd64/libfontmanager.so
7fcff0ca6000-7fcff0ea5000 ---p 00065000 08:05 1447497                    /usr/lib/jvm/java-8-oracle/jre/lib/amd64/libfontmanager.so
7fcff0ea5000-7fcff0eaa000 rw-p 00064000 08:05 1447497                    /usr/lib/jvm/java-8-oracle/jre/lib/amd64/libfontmanager.so
7fcff0eaa000-7fcff0eba000 rw-p 00000000 00:00 0 
7fcff0eba000-7fcff0ebf000 r-xp 00000000 08:05 794867                     /usr/lib/x86_64-linux-gnu/libXdmcp.so.6.0.0
7fcff0ebf000-7fcff10be000 ---p 00005000 08:05 794867                     /usr/lib/x86_64-linux-gnu/libXdmcp.so.6.0.0
7fcff10be000-7fcff10bf000 r--p 00004000 08:05 794867                     /usr/lib/x86_64-linux-gnu/libXdmcp.so.6.0.0
7fcff10bf000-7fcff10c0000 rw-p 00005000 08:05 794867                     /usr/lib/x86_64-linux-gnu/libXdmcp.so.6.0.0
7fcff10c0000-7fcff10c2000 r-xp 00000000 08:05 794856                     /usr/lib/x86_64-linux-gnu/libXau.so.6.0.0
7fcff10c2000-7fcff12c2000 ---p 00002000 08:05 794856                     /usr/lib/x86_64-linux-gnu/libXau.so.6.0.0
7fcff12c2000-7fcff12c3000 r--p 00002000 08:05 794856                     /usr/lib/x86_64-linux-gnu/libXau.so.6.0.0
7fcff12c3000-7fcff12c4000 rw-p 00003000 08:05 794856                     /usr/lib/x86_64-linux-gnu/libXau.so.6.0.0
7fcff12c4000-7fcff12e5000 r-xp 00000000 08:05 796234                     /usr/lib/x86_64-linux-gnu/libxcb.so.1.1.0
7fcff12e5000-7fcff14e4000 ---p 00021000 08:05 796234                     /usr/lib/x86_64-linux-gnu/libxcb.so.1.1.0
7fcff14e4000-7fcff14e5000 r--p 00020000 08:05 796234                     /usr/lib/x86_64-linux-gnu/libxcb.so.1.1.0
7fcff14e5000-7fcff14e6000 rw-p 00021000 08:05 796234                     /usr/lib/x86_64-linux-gnu/libxcb.so.1.1.0
7fcff14e6000-7fcff14f5000 r-xp 00000000 08:05 794877                     /usr/lib/x86_64-linux-gnu/libXi.so.6.1.0
7fcff14f5000-7fcff16f4000 ---p 0000f000 08:05 794877                     /usr/lib/x86_64-linux-gnu/libXi.so.6.1.0
7fcff16f4000-7fcff16f5000 r--p 0000e000 08:05 794877                     /usr/lib/x86_64-linux-gnu/libXi.so.6.1.0
7fcff16f5000-7fcff16f6000 rw-p 0000f000 08:05 794877                     /usr/lib/x86_64-linux-gnu/libXi.so.6.1.0
7fcff16f6000-7fcff16fb000 r-xp 00000000 08:05 794895                     /usr/lib/x86_64-linux-gnu/libXtst.so.6.1.0
7fcff16fb000-7fcff18fa000 ---p 00005000 08:05 794895                     /usr/lib/x86_64-linux-gnu/libXtst.so.6.1.0
7fcff18fa000-7fcff18fb000 r--p 00004000 08:05 794895                     /usr/lib/x86_64-linux-gnu/libXtst.so.6.1.0
7fcff18fb000-7fcff18fc000 rw-p 00005000 08:05 794895                     /usr/lib/x86_64-linux-gnu/libXtst.so.6.1.0
7fcff18fc000-7fcff1905000 r-xp 00000000 08:05 794889                     /usr/lib/x86_64-linux-gnu/libXrender.so.1.3.0
7fcff1905000-7fcff1b04000 ---p 00009000 08:05 794889                     /usr/lib/x86_64-linux-gnu/libXrender.so.1.3.0
7fcff1b04000-7fcff1b05000 r--p 00008000 08:05 794889                     /usr/lib/x86_64-linux-gnu/libXrender.so.1.3.0
7fcff1b05000-7fcff1b06000 rw-p 00009000 08:05 794889                     /usr/lib/x86_64-linux-gnu/libXrender.so.1.3.0
7fcff1b06000-7fcff1c3b000 r-xp 00000000 08:05 794852                     /usr/lib/x86_64-linux-gnu/libX11.so.6.3.0
7fcff1c3b000-7fcff1e3b000 ---p 00135000 08:05 794852                     /usr/lib/x86_64-linux-gnu/libX11.so.6.3.0
7fcff1e3b000-7fcff1e3c000 r--p 00135000 08:05 794852                     /usr/lib/x86_64-linux-gnu/libX11.so.6.3.0
7fcff1e3c000-7fcff1e40000 rw-p 00136000 08:05 794852                     /usr/lib/x86_64-linux-gnu/libX11.so.6.3.0
7fcff1e40000-7fcff1e51000 r-xp 00000000 08:05 794869                     /usr/lib/x86_64-linux-gnu/libXext.so.6.4.0
7fcff1e51000-7fcff2050000 ---p 00011000 08:05 794869                     /usr/lib/x86_64-linux-gnu/libXext.so.6.4.0
7fcff2050000-7fcff2051000 r--p 00010000 08:05 794869                     /usr/lib/x86_64-linux-gnu/libXext.so.6.4.0
7fcff2051000-7fcff2052000 rw-p 00011000 08:05 794869                     /usr/lib/x86_64-linux-gnu/libXext.so.6.4.0
7fcff2052000-7fcff2053000 r--s 00000000 08:05 917759                     /var/cache/fontconfig/1ac9eb803944fde146138c791f5cc56a-le64.cache-6
7fcff2053000-7fcff2056000 r--s 00000000 08:05 917756                     /var/cache/fontconfig/767a8244fc0220cfb567a839d0392e0b-le64.cache-6
7fcff2056000-7fcff2077000 r--p 00000000 08:05 1849286                    /usr/share/locale-langpack/pt_BR/LC_MESSAGES/libc.mo
7fcff2077000-7fcff20cb000 r-xp 00000000 08:05 1447505                    /usr/lib/jvm/java-8-oracle/jre/lib/amd64/libawt_xawt.so
7fcff20cb000-7fcff22cb000 ---p 00054000 08:05 1447505                    /usr/lib/jvm/java-8-oracle/jre/lib/amd64/libawt_xawt.so
7fcff22cb000-7fcff22cf000 rw-p 00054000 08:05 1447505                    /usr/lib/jvm/java-8-oracle/jre/lib/amd64/libawt_xawt.so
7fcff22cf000-7fcff22d0000 rw-p 00000000 00:00 0 
7fcff22d0000-7fcff2372000 r-xp 00000000 08:05 1447537                    /usr/lib/jvm/java-8-oracle/jre/lib/amd64/libawt.so
7fcff2372000-7fcff2572000 ---p 000a2000 08:05 1447537                    /usr/lib/jvm/java-8-oracle/jre/lib/amd64/libawt.so
7fcff2572000-7fcff257e000 rw-p 000a2000 08:05 1447537                    /usr/lib/jvm/java-8-oracle/jre/lib/amd64/libawt.so
7fcff257e000-7fcff25a2000 rw-p 00000000 00:00 0 
7fcff25a2000-7fcff25a3000 ---p 00000000 00:00 0 
7fcff25a3000-7fcff26a3000 rw-p 00000000 00:00 0 
7fcff26a3000-7fcff26a6000 ---p 00000000 00:00 0 
7fcff26a6000-7fcff27a4000 rw-p 00000000 00:00 0 
7fcff27a4000-7fcff27a7000 ---p 00000000 00:00 0 
7fcff27a7000-7fcff28a5000 rw-p 00000000 00:00 0 
7fcff28a5000-7fcff28a8000 ---p 00000000 00:00 0 
7fcff28a8000-7fcff29a6000 rw-p 00000000 00:00 0 
7fcff29a6000-7fcff29a9000 ---p 00000000 00:00 0 
7fcff29a9000-7fcff2aa7000 rw-p 00000000 00:00 0 
7fcff2aa7000-7fcff2aaa000 ---p 00000000 00:00 0 
7fcff2aaa000-7fcff2ba8000 rw-p 00000000 00:00 0 
7fcff2ba8000-7fcff2bab000 ---p 00000000 00:00 0 
7fcff2bab000-7fcff2ca9000 rw-p 00000000 00:00 0 
7fcff2ca9000-7fcff2cac000 ---p 00000000 00:00 0 
7fcff2cac000-7fcff2daa000 rw-p 00000000 00:00 0 
7fcff2daa000-7fcff2dae000 r-xp 00000000 08:05 1447519                    /usr/lib/jvm/java-8-oracle/jre/lib/amd64/libdt_socket.so
7fcff2dae000-7fcff2fad000 ---p 00004000 08:05 1447519                    /usr/lib/jvm/java-8-oracle/jre/lib/amd64/libdt_socket.so
7fcff2fad000-7fcff2fae000 rw-p 00003000 08:05 1447519                    /usr/lib/jvm/java-8-oracle/jre/lib/amd64/libdt_socket.so
7fcff2fae000-7fcff2fb1000 ---p 00000000 00:00 0 
7fcff2fb1000-7fcff30af000 rw-p 00000000 00:00 0 
7fcff30af000-7fcff30b2000 ---p 00000000 00:00 0 
7fcff30b2000-7fcff31b0000 rw-p 00000000 00:00 0 
7fcff31b0000-7fcff31b3000 ---p 00000000 00:00 0 
7fcff31b3000-7fcff32b1000 rw-p 00000000 00:00 0 
7fcff32b1000-7fcff32b2000 ---p 00000000 00:00 0 
7fcff32b2000-7fcff4000000 rw-p 00000000 00:00 0 
7fcff4000000-7fcff4021000 rw-p 00000000 00:00 0 
7fcff4021000-7fcff8000000 ---p 00000000 00:00 0 
7fcff8000000-7fcff8021000 rw-p 00000000 00:00 0 
7fcff8021000-7fcffc000000 ---p 00000000 00:00 0 
7fcffc000000-7fcffc021000 rw-p 00000000 00:00 0 
7fcffc021000-7fd000000000 ---p 00000000 00:00 0 
7fd000000000-7fd000021000 rw-p 00000000 00:00 0 
7fd000021000-7fd004000000 ---p 00000000 00:00 0 
7fd004000000-7fd004005000 r--s 00000000 08:05 917754                     /var/cache/fontconfig/8801497958630a81b71ace7c5f9b32a8-le64.cache-6
7fd004005000-7fd004017000 r--s 00000000 08:05 918876                     /var/cache/fontconfig/9b89f8e3dae116d678bbf48e5f21f69b-le64.cache-6
7fd004017000-7fd00438a000 rw-p 00000000 00:00 0 
7fd00438a000-7fd004563000 r--s 03d29000 08:05 1447427                    /usr/lib/jvm/java-8-oracle/jre/lib/rt.jar
7fd004563000-7fd008eff000 rw-p 00000000 00:00 0 
7fd008eff000-7fd008f00000 ---p 00000000 00:00 0 
7fd008f00000-7fd009000000 rw-p 00000000 00:00 0 
7fd009000000-7fd0092b0000 rwxp 00000000 00:00 0 
7fd0092b0000-7fd018000000 ---p 00000000 00:00 0 
7fd018000000-7fd0182dc000 rw-p 00000000 00:00 0 
7fd0182dc000-7fd01c000000 ---p 00000000 00:00 0 
7fd01c000000-7fd01c001000 r--s 00000000 08:05 917757                     /var/cache/fontconfig/dc05db6664285cc2f12bf69c139ae4c3-le64.cache-6
7fd01c001000-7fd01c007000 r--s 00000000 08:05 917745                     /var/cache/fontconfig/b47c4e1ecd0709278f4910c18777a504-le64.cache-6
7fd01c007000-7fd01c014000 r--s 00000000 08:05 917723                     /var/cache/fontconfig/e13b20fdb08344e0e664864cc2ede53d-le64.cache-6
7fd01c014000-7fd01c0ab000 rw-p 00000000 00:00 0 
7fd01c0ab000-7fd01c0ac000 ---p 00000000 00:00 0 
7fd01c0ac000-7fd01c1ac000 rw-p 00000000 00:00 0 
7fd01c1ac000-7fd01c1ad000 ---p 00000000 00:00 0 
7fd01c1ad000-7fd01c2ad000 rw-p 00000000 00:00 0 
7fd01c2ad000-7fd01c2ae000 ---p 00000000 00:00 0 
7fd01c2ae000-7fd01c3d8000 rw-p 00000000 00:00 0 
7fd01c3d8000-7fd01c641000 ---p 00000000 00:00 0 
7fd01c641000-7fd01c66b000 rw-p 00000000 00:00 0 
7fd01c66b000-7fd01c8d3000 ---p 00000000 00:00 0 
7fd01c8d3000-7fd01c8e9000 rw-p 00000000 00:00 0 
7fd01c8e9000-7fd01ca1d000 ---p 00000000 00:00 0 
7fd01ca1d000-7fd01ca29000 rw-p 00000000 00:00 0 
7fd01ca29000-7fd01cdde000 ---p 00000000 00:00 0 
7fd01cdde000-7fd01cdf8000 r-xp 00000000 08:05 1447501                    /usr/lib/jvm/java-8-oracle/jre/lib/amd64/libzip.so
7fd01cdf8000-7fd01cff8000 ---p 0001a000 08:05 1447501                    /usr/lib/jvm/java-8-oracle/jre/lib/amd64/libzip.so
7fd01cff8000-7fd01cff9000 rw-p 0001a000 08:05 1447501                    /usr/lib/jvm/java-8-oracle/jre/lib/amd64/libzip.so
7fd01cff9000-7fd01d004000 r-xp 00000000 08:05 6820432                    /lib/x86_64-linux-gnu/libnss_files-2.23.so
7fd01d004000-7fd01d203000 ---p 0000b000 08:05 6820432                    /lib/x86_64-linux-gnu/libnss_files-2.23.so
7fd01d203000-7fd01d204000 r--p 0000a000 08:05 6820432                    /lib/x86_64-linux-gnu/libnss_files-2.23.so
7fd01d204000-7fd01d205000 rw-p 0000b000 08:05 6820432                    /lib/x86_64-linux-gnu/libnss_files-2.23.so
7fd01d205000-7fd01d20b000 rw-p 00000000 00:00 0 
7fd01d20b000-7fd01d216000 r-xp 00000000 08:05 6820442                    /lib/x86_64-linux-gnu/libnss_nis-2.23.so
7fd01d216000-7fd01d415000 ---p 0000b000 08:05 6820442                    /lib/x86_64-linux-gnu/libnss_nis-2.23.so
7fd01d415000-7fd01d416000 r--p 0000a000 08:05 6820442                    /lib/x86_64-linux-gnu/libnss_nis-2.23.so
7fd01d416000-7fd01d417000 rw-p 0000b000 08:05 6820442                    /lib/x86_64-linux-gnu/libnss_nis-2.23.so
7fd01d417000-7fd01d42d000 r-xp 00000000 08:05 6820426                    /lib/x86_64-linux-gnu/libnsl-2.23.so
7fd01d42d000-7fd01d62c000 ---p 00016000 08:05 6820426                    /lib/x86_64-linux-gnu/libnsl-2.23.so
7fd01d62c000-7fd01d62d000 r--p 00015000 08:05 6820426                    /lib/x86_64-linux-gnu/libnsl-2.23.so
7fd01d62d000-7fd01d62e000 rw-p 00016000 08:05 6820426                    /lib/x86_64-linux-gnu/libnsl-2.23.so
7fd01d62e000-7fd01d630000 rw-p 00000000 00:00 0 
7fd01d630000-7fd01d638000 r-xp 00000000 08:05 6820428                    /lib/x86_64-linux-gnu/libnss_compat-2.23.so
7fd01d638000-7fd01d837000 ---p 00008000 08:05 6820428                    /lib/x86_64-linux-gnu/libnss_compat-2.23.so
7fd01d837000-7fd01d838000 r--p 00007000 08:05 6820428                    /lib/x86_64-linux-gnu/libnss_compat-2.23.so
7fd01d838000-7fd01d839000 rw-p 00008000 08:05 6820428                    /lib/x86_64-linux-gnu/libnss_compat-2.23.so
7fd01d839000-7fd01e1f8000 r--p 00000000 08:05 793865                     /usr/lib/locale/locale-archive
7fd01e1f8000-7fd01e1fa000 r-xp 00000000 08:05 1447509                    /usr/lib/jvm/java-8-oracle/jre/lib/amd64/libnpt.so
7fd01e1fa000-7fd01e3fa000 ---p 00002000 08:05 1447509                    /usr/lib/jvm/java-8-oracle/jre/lib/amd64/libnpt.so
7fd01e3fa000-7fd01e3fb000 rw-p 00002000 08:05 1447509                    /usr/lib/jvm/java-8-oracle/jre/lib/amd64/libnpt.so
7fd01e3fb000-7fd01e434000 r-xp 00000000 08:05 1447477                    /usr/lib/jvm/java-8-oracle/jre/lib/amd64/libjdwp.so
7fd01e434000-7fd01e633000 ---p 00039000 08:05 1447477                    /usr/lib/jvm/java-8-oracle/jre/lib/amd64/libjdwp.so
7fd01e633000-7fd01e635000 rw-p 00038000 08:05 1447477                    /usr/lib/jvm/java-8-oracle/jre/lib/amd64/libjdwp.so
7fd01e635000-7fd01e65f000 r-xp 00000000 08:05 1447527                    /usr/lib/jvm/java-8-oracle/jre/lib/amd64/libjava.so
7fd01e65f000-7fd01e85f000 ---p 0002a000 08:05 1447527                    /usr/lib/jvm/java-8-oracle/jre/lib/amd64/libjava.so
7fd01e85f000-7fd01e861000 rw-p 0002a000 08:05 1447527                    /usr/lib/jvm/java-8-oracle/jre/lib/amd64/libjava.so
7fd01e861000-7fd01e86e000 r-xp 00000000 08:05 1447481                    /usr/lib/jvm/java-8-oracle/jre/lib/amd64/libverify.so
7fd01e86e000-7fd01ea6e000 ---p 0000d000 08:05 1447481                    /usr/lib/jvm/java-8-oracle/jre/lib/amd64/libverify.so
7fd01ea6e000-7fd01ea70000 rw-p 0000d000 08:05 1447481                    /usr/lib/jvm/java-8-oracle/jre/lib/amd64/libverify.so
7fd01ea70000-7fd01ea77000 r-xp 00000000 08:05 6820487                    /lib/x86_64-linux-gnu/librt-2.23.so
7fd01ea77000-7fd01ec76000 ---p 00007000 08:05 6820487                    /lib/x86_64-linux-gnu/librt-2.23.so
7fd01ec76000-7fd01ec77000 r--p 00006000 08:05 6820487                    /lib/x86_64-linux-gnu/librt-2.23.so
7fd01ec77000-7fd01ec78000 rw-p 00007000 08:05 6820487                    /lib/x86_64-linux-gnu/librt-2.23.so
7fd01ec78000-7fd01ed80000 r-xp 00000000 08:05 6820403                    /lib/x86_64-linux-gnu/libm-2.23.so
7fd01ed80000-7fd01ef7f000 ---p 00108000 08:05 6820403                    /lib/x86_64-linux-gnu/libm-2.23.so
7fd01ef7f000-7fd01ef80000 r--p 00107000 08:05 6820403                    /lib/x86_64-linux-gnu/libm-2.23.so
7fd01ef80000-7fd01ef81000 rw-p 00108000 08:05 6820403                    /lib/x86_64-linux-gnu/libm-2.23.so
7fd01ef81000-7fd01fc4c000 r-xp 00000000 08:05 1447531                    /usr/lib/jvm/java-8-oracle/jre/lib/amd64/server/libjvm.so
7fd01fc4c000-7fd01fe4b000 ---p 00ccb000 08:05 1447531                    /usr/lib/jvm/java-8-oracle/jre/lib/amd64/server/libjvm.so
7fd01fe4b000-7fd01ff24000 rw-p 00cca000 08:05 1447531                    /usr/lib/jvm/java-8-oracle/jre/lib/amd64/server/libjvm.so
7fd01ff24000-7fd01ff6f000 rw-p 00000000 00:00 0 
7fd01ff6f000-7fd02012f000 r-xp 00000000 08:05 6820333                    /lib/x86_64-linux-gnu/libc-2.23.so
7fd02012f000-7fd02032e000 ---p 001c0000 08:05 6820333                    /lib/x86_64-linux-gnu/libc-2.23.so
7fd02032e000-7fd020332000 r--p 001bf000 08:05 6820333                    /lib/x86_64-linux-gnu/libc-2.23.so
7fd020332000-7fd020334000 rw-p 001c3000 08:05 6820333                    /lib/x86_64-linux-gnu/libc-2.23.so
7fd020334000-7fd020338000 rw-p 00000000 00:00 0 
7fd020338000-7fd02033b000 r-xp 00000000 08:05 6820357                    /lib/x86_64-linux-gnu/libdl-2.23.so
7fd02033b000-7fd02053a000 ---p 00003000 08:05 6820357                    /lib/x86_64-linux-gnu/libdl-2.23.so
7fd02053a000-7fd02053b000 r--p 00002000 08:05 6820357                    /lib/x86_64-linux-gnu/libdl-2.23.so
7fd02053b000-7fd02053c000 rw-p 00003000 08:05 6820357                    /lib/x86_64-linux-gnu/libdl-2.23.so
7fd02053c000-7fd020551000 r-xp 00000000 08:05 1184579                    /usr/lib/jvm/java-8-oracle/lib/amd64/jli/libjli.so
7fd020551000-7fd020751000 ---p 00015000 08:05 1184579                    /usr/lib/jvm/java-8-oracle/lib/amd64/jli/libjli.so
7fd020751000-7fd020752000 rw-p 00015000 08:05 1184579                    /usr/lib/jvm/java-8-oracle/lib/amd64/jli/libjli.so
7fd020752000-7fd02076a000 r-xp 00000000 08:05 6820479                    /lib/x86_64-linux-gnu/libpthread-2.23.so
7fd02076a000-7fd020969000 ---p 00018000 08:05 6820479                    /lib/x86_64-linux-gnu/libpthread-2.23.so
7fd020969000-7fd02096a000 r--p 00017000 08:05 6820479                    /lib/x86_64-linux-gnu/libpthread-2.23.so
7fd02096a000-7fd02096b000 rw-p 00018000 08:05 6820479                    /lib/x86_64-linux-gnu/libpthread-2.23.so
7fd02096b000-7fd02096f000 rw-p 00000000 00:00 0 
7fd02096f000-7fd020995000 r-xp 00000000 08:05 6820305                    /lib/x86_64-linux-gnu/ld-2.23.so
7fd020995000-7fd02099d000 r--s 00000000 08:05 917744                     /var/cache/fontconfig/52f7bdb7ce746bfd7eaa1985bd9cfa93-le64.cache-6
7fd02099d000-7fd020a68000 rw-p 00000000 00:00 0 
7fd020a68000-7fd020a6b000 ---p 00000000 00:00 0 
7fd020a6b000-7fd020b6d000 rw-p 00000000 00:00 0 
7fd020b6d000-7fd020b6e000 r--s 00000000 08:05 917755                     /var/cache/fontconfig/4794a0821666d79190d59a36cb4f44b5-le64.cache-6
7fd020b6e000-7fd020b6f000 r--s 00000000 08:05 917752                     /var/cache/fontconfig/bab58bb527bb656aaa9f116d68a48d89-le64.cache-6
7fd020b6f000-7fd020b70000 r--s 00000000 08:05 917750                     /var/cache/fontconfig/56cf4f4769d0f4abc89a4895d7bd3ae1-le64.cache-6
7fd020b70000-7fd020b71000 r--s 00000000 08:05 917749                     /var/cache/fontconfig/b9d506c9ac06c20b433354fa67a72993-le64.cache-6
7fd020b71000-7fd020b72000 r--s 00000000 08:05 917742                     /var/cache/fontconfig/551ecf3b0e8b0bca0f25c0944f561853-le64.cache-6
7fd020b72000-7fd020b73000 r--s 00000000 08:05 917740                     /var/cache/fontconfig/30829fa25452a46451e813d634d7f916-le64.cache-6
7fd020b73000-7fd020b74000 r--s 00000000 08:05 917739                     /var/cache/fontconfig/0c9eb80ebd1c36541ebe2852d3bb0c49-le64.cache-6
7fd020b74000-7fd020b77000 r--s 00000000 08:05 917737                     /var/cache/fontconfig/75114ca45c98e8a441da0ff356701271-le64.cache-6
7fd020b77000-7fd020b7b000 r--s 00000000 08:05 917728                     /var/cache/fontconfig/7ef2298fde41cc6eeb7af42e48b7d293-le64.cache-6
7fd020b7b000-7fd020b82000 r--s 00000000 08:05 1051769                    /usr/lib/x86_64-linux-gnu/gconv/gconv-modules.cache
7fd020b82000-7fd020b87000 r--s 002f9000 08:05 1447380                    /usr/lib/jvm/java-8-oracle/jre/lib/charsets.jar
7fd020b87000-7fd020b88000 r--s 00000000 08:05 1185931                    /usr/share/java/AbsoluteLayout-8.1.jar
7fd020b88000-7fd020b90000 rw-s 00000000 08:05 5636143                    /tmp/hsperfdata_thallys/8732
7fd020b90000-7fd020b91000 rw-p 00000000 00:00 0 
7fd020b91000-7fd020b92000 r--p 00000000 00:00 0 
7fd020b92000-7fd020b94000 rw-p 00000000 00:00 0 
7fd020b94000-7fd020b95000 r--p 00025000 08:05 6820305                    /lib/x86_64-linux-gnu/ld-2.23.so
7fd020b95000-7fd020b96000 rw-p 00026000 08:05 6820305                    /lib/x86_64-linux-gnu/ld-2.23.so
7fd020b96000-7fd020b97000 rw-p 00000000 00:00 0 
7ffc69df2000-7ffc69e13000 rw-p 00000000 00:00 0                          [stack]
7ffc69e56000-7ffc69e58000 r--p 00000000 00:00 0                          [vvar]
7ffc69e58000-7ffc69e5a000 r-xp 00000000 00:00 0                          [vdso]
ffffffffff600000-ffffffffff601000 r-xp 00000000 00:00 0                  [vsyscall]

VM Arguments:
jvm_args: -Xdebug -Xrunjdwp:transport=dt_socket,address=localhost:44650 -Dfile.encoding=UTF-8 
java_command: prototipotela.TelaPrincipal
java_class_path (initial): /usr/share/netbeans/8.1/java/modules/ext/AbsoluteLayout.jar:/home/thallys/Área de Trabalho/PrototipoTela/build/classes
Launcher Type: SUN_STANDARD

Environment Variables:
PATH=/home/thallys/netkit-ng/bin:/usr/local/sbin:/usr/local/bin:/usr/sbin:/usr/bin:/sbin:/bin:/usr/games:/usr/local/games:/snap/bin
LD_LIBRARY_PATH=/usr/lib/jvm/java-8-oracle/bin/../jre/lib/amd64:/usr/lib/jvm/java-8-oracle/bin/../jre/lib/i386:
SHELL=/bin/bash
DISPLAY=:0

Signal Handlers:
SIGSEGV: [libjvm.so+0xac4790], sa_mask[0]=11111111011111111101111111111110, sa_flags=SA_RESTART|SA_SIGINFO
SIGBUS: [libjvm.so+0xac4790], sa_mask[0]=11111111011111111101111111111110, sa_flags=SA_RESTART|SA_SIGINFO
SIGFPE: [libjvm.so+0x91f140], sa_mask[0]=11111111011111111101111111111110, sa_flags=SA_RESTART|SA_SIGINFO
SIGPIPE: [libjvm.so+0x91f140], sa_mask[0]=11111111011111111101111111111110, sa_flags=SA_RESTART|SA_SIGINFO
SIGXFSZ: [libjvm.so+0x91f140], sa_mask[0]=11111111011111111101111111111110, sa_flags=SA_RESTART|SA_SIGINFO
SIGILL: [libjvm.so+0x91f140], sa_mask[0]=11111111011111111101111111111110, sa_flags=SA_RESTART|SA_SIGINFO
SIGUSR1: SIG_DFL, sa_mask[0]=00000000000000000000000000000000, sa_flags=none
SIGUSR2: [libjvm.so+0x920770], sa_mask[0]=00100000000000000000000000000000, sa_flags=SA_RESTART|SA_SIGINFO
SIGHUP: [libjvm.so+0x921b70], sa_mask[0]=11111111011111111101111111111110, sa_flags=SA_RESTART|SA_SIGINFO
SIGINT: SIG_IGN, sa_mask[0]=00000000000000000000000000000000, sa_flags=none
SIGTERM: [libjvm.so+0x921b70], sa_mask[0]=11111111011111111101111111111110, sa_flags=SA_RESTART|SA_SIGINFO
SIGQUIT: [libjvm.so+0x921b70], sa_mask[0]=11111111011111111101111111111110, sa_flags=SA_RESTART|SA_SIGINFO


---------------  S Y S T E M  ---------------

OS:DISTRIB_ID=Ubuntu
DISTRIB_RELEASE=16.04
DISTRIB_CODENAME=xenial
DISTRIB_DESCRIPTION="Ubuntu 16.04.1 LTS"

uname:Linux 4.4.0-36-generic #55-Ubuntu SMP Thu Aug 11 18:01:55 UTC 2016 x86_64
libc:glibc 2.23 NPTL 2.23 
rlimit: STACK 8192k, CORE 0k, NPROC 31462, NOFILE 65536, AS infinity
load average:0,34 0,29 0,35

/proc/meminfo:
MemTotal:        8092972 kB
MemFree:         3601956 kB
MemAvailable:    4598432 kB
Buffers:          117288 kB
Cached:          1661636 kB
SwapCached:            0 kB
Active:          3182724 kB
Inactive:        1069788 kB
Active(anon):    2476960 kB
Inactive(anon):   594516 kB
Active(file):     705764 kB
Inactive(file):   475272 kB
Unevictable:         136 kB
Mlocked:             136 kB
SwapTotal:             0 kB
SwapFree:              0 kB
Dirty:              1356 kB
Writeback:             0 kB
AnonPages:       2473688 kB
Mapped:           653332 kB
Shmem:            597892 kB
Slab:             119612 kB
SReclaimable:      77840 kB
SUnreclaim:        41772 kB
KernelStack:       10336 kB
PageTables:        43540 kB
NFS_Unstable:          0 kB
Bounce:                0 kB
WritebackTmp:          0 kB
CommitLimit:     4046484 kB
Committed_AS:    8212396 kB
VmallocTotal:   34359738367 kB
VmallocUsed:           0 kB
VmallocChunk:          0 kB
HardwareCorrupted:     0 kB
AnonHugePages:   1531904 kB
CmaTotal:              0 kB
CmaFree:               0 kB
HugePages_Total:       0
HugePages_Free:        0
HugePages_Rsvd:        0
HugePages_Surp:        0
Hugepagesize:       2048 kB
DirectMap4k:      200896 kB
DirectMap2M:     6008832 kB
DirectMap1G:     3145728 kB


CPU:total 4 (2 cores per cpu, 2 threads per core) family 6 model 61 stepping 4, cmov, cx8, fxsr, mmx, sse, sse2, sse3, ssse3, sse4.1, sse4.2, popcnt, avx, avx2, aes, clmul, erms, 3dnowpref, lzcnt, ht, tsc, tscinvbit, bmi1, bmi2, adx

/proc/cpuinfo:
processor	: 0
vendor_id	: GenuineIntel
cpu family	: 6
model		: 61
model name	: Intel(R) Core(TM) i5-5200U CPU @ 2.20GHz
stepping	: 4
microcode	: 0x1f
cpu MHz		: 2499.921
cache size	: 3072 KB
physical id	: 0
siblings	: 4
core id		: 0
cpu cores	: 2
apicid		: 0
initial apicid	: 0
fpu		: yes
fpu_exception	: yes
cpuid level	: 20
wp		: yes
flags		: fpu vme de pse tsc msr pae mce cx8 apic sep mtrr pge mca cmov pat pse36 clflush dts acpi mmx fxsr sse sse2 ss ht tm pbe syscall nx pdpe1gb rdtscp lm constant_tsc arch_perfmon pebs bts rep_good nopl xtopology nonstop_tsc aperfmperf eagerfpu pni pclmulqdq dtes64 monitor ds_cpl vmx est tm2 ssse3 sdbg fma cx16 xtpr pdcm pcid sse4_1 sse4_2 x2apic movbe popcnt tsc_deadline_timer aes xsave avx f16c rdrand lahf_lm abm 3dnowprefetch epb intel_pt tpr_shadow vnmi flexpriority ept vpid fsgsbase tsc_adjust bmi1 avx2 smep bmi2 erms invpcid rdseed adx smap xsaveopt dtherm ida arat pln pts
bugs		:
bogomips	: 4399.86
clflush size	: 64
cache_alignment	: 64
address sizes	: 39 bits physical, 48 bits virtual
power management:

processor	: 1
vendor_id	: GenuineIntel
cpu family	: 6
model		: 61
model name	: Intel(R) Core(TM) i5-5200U CPU @ 2.20GHz
stepping	: 4
microcode	: 0x1f
cpu MHz		: 2499.921
cache size	: 3072 KB
physical id	: 0
siblings	: 4
core id		: 1
cpu cores	: 2
apicid		: 2
initial apicid	: 2
fpu		: yes
fpu_exception	: yes
cpuid level	: 20
wp		: yes
flags		: fpu vme de pse tsc msr pae mce cx8 apic sep mtrr pge mca cmov pat pse36 clflush dts acpi mmx fxsr sse sse2 ss ht tm pbe syscall nx pdpe1gb rdtscp lm constant_tsc arch_perfmon pebs bts rep_good nopl xtopology nonstop_tsc aperfmperf eagerfpu pni pclmulqdq dtes64 monitor ds_cpl vmx est tm2 ssse3 sdbg fma cx16 xtpr pdcm pcid sse4_1 sse4_2 x2apic movbe popcnt tsc_deadline_timer aes xsave avx f16c rdrand lahf_lm abm 3dnowprefetch epb intel_pt tpr_shadow vnmi flexpriority ept vpid fsgsbase tsc_adjust bmi1 avx2 smep bmi2 erms invpcid rdseed adx smap xsaveopt dtherm ida arat pln pts
bugs		:
bogomips	: 4399.86
clflush size	: 64
cache_alignment	: 64
address sizes	: 39 bits physical, 48 bits virtual
power management:

processor	: 2
vendor_id	: GenuineIntel
cpu family	: 6
model		: 61
model name	: Intel(R) Core(TM) i5-5200U CPU @ 2.20GHz
stepping	: 4
microcode	: 0x1f
cpu MHz		: 2499.921
cache size	: 3072 KB
physical id	: 0
siblings	: 4
core id		: 0
cpu cores	: 2
apicid		: 1
initial apicid	: 1
fpu		: yes
fpu_exception	: yes
cpuid level	: 20
wp		: yes
flags		: fpu vme de pse tsc msr pae mce cx8 apic sep mtrr pge mca cmov pat pse36 clflush dts acpi mmx fxsr sse sse2 ss ht tm pbe syscall nx pdpe1gb rdtscp lm constant_tsc arch_perfmon pebs bts rep_good nopl xtopology nonstop_tsc aperfmperf eagerfpu pni pclmulqdq dtes64 monitor ds_cpl vmx est tm2 ssse3 sdbg fma cx16 xtpr pdcm pcid sse4_1 sse4_2 x2apic movbe popcnt tsc_deadline_timer aes xsave avx f16c rdrand lahf_lm abm 3dnowprefetch epb intel_pt tpr_shadow vnmi flexpriority ept vpid fsgsbase tsc_adjust bmi1 avx2 smep bmi2 erms invpcid rdseed adx smap xsaveopt dtherm ida arat pln pts
bugs		:
bogomips	: 4399.86
clflush size	: 64
cache_alignment	: 64
address sizes	: 39 bits physical, 48 bits virtual
power management:

processor	: 3
vendor_id	: GenuineIntel
cpu family	: 6
model		: 61
model name	: Intel(R) Core(TM) i5-5200U CPU @ 2.20GHz
stepping	: 4
microcode	: 0x1f
cpu MHz		: 2499.921
cache size	: 3072 KB
physical id	: 0
siblings	: 4
core id		: 1
cpu cores	: 2
apicid		: 3
initial apicid	: 3
fpu		: yes
fpu_exception	: yes
cpuid level	: 20
wp		: yes
flags		: fpu vme de pse tsc msr pae mce cx8 apic sep mtrr pge mca cmov pat pse36 clflush dts acpi mmx fxsr sse sse2 ss ht tm pbe syscall nx pdpe1gb rdtscp lm constant_tsc arch_perfmon pebs bts rep_good nopl xtopology nonstop_tsc aperfmperf eagerfpu pni pclmulqdq dtes64 monitor ds_cpl vmx est tm2 ssse3 sdbg fma cx16 xtpr pdcm pcid sse4_1 sse4_2 x2apic movbe popcnt tsc_deadline_timer aes xsave avx f16c rdrand lahf_lm abm 3dnowprefetch epb intel_pt tpr_shadow vnmi flexpriority ept vpid fsgsbase tsc_adjust bmi1 avx2 smep bmi2 erms invpcid rdseed adx smap xsaveopt dtherm ida arat pln pts
bugs		:
bogomips	: 4399.86
clflush size	: 64
cache_alignment	: 64
address sizes	: 39 bits physical, 48 bits virtual
power management:



Memory: 4k page, physical 8092972k(3601956k free), swap 0k(0k free)

vm_info: Java HotSpot(TM) 64-Bit Server VM (25.101-b13) for linux-amd64 JRE (1.8.0_101-b13), built on Jun 22 2016 02:59:44 by "java_re" with gcc 4.3.0 20080428 (Red Hat 4.3.0-8)

time: Tue Sep 20 09:54:17 2016
elapsed time: 0 seconds (0d 0h 0m 0s)

