#
# A fatal error has been detected by the Java Runtime Environment:
#
#  SIGSEGV (0xb) at pc=0x0000000000000000, pid=8768, tid=0x00007fdacac2f700
#
# JRE version: Java(TM) SE Runtime Environment (8.0_101-b13) (build 1.8.0_101-b13)
# Java VM: Java HotSpot(TM) 64-Bit Server VM (25.101-b13 mixed mode linux-amd64 compressed oops)
# Problematic frame:
# C  0x0000000000000000
#
# Failed to write core dump. Core dumps have been disabled. To enable core dumping, try "ulimit -c unlimited" before starting Java again
#
# If you would like to submit a bug report, please visit:
#   http://bugreport.java.com/bugreport/crash.jsp
# The crash happened outside the Java Virtual Machine in native code.
# See problematic frame for where to report the bug.
#

---------------  T H R E A D  ---------------

Current thread (0x00007fdb202c9000):  JavaThread "AWT-EventQueue-0" [_thread_in_native, id=8795, stack(0x00007fdacab2f000,0x00007fdacac30000)]

siginfo: si_signo: 11 (SIGSEGV), si_code: 1 (SEGV_MAPERR), si_addr: 0x0000000000000000

Registers:
RAX=0x00007fdaf93cf598, RBX=0x00000000000001fe, RCX=0x00000000000001fe, RDX=0x00000000000003f2
RSP=0x00007fdacac2bad8, RBP=0x00007fdacac2bb00, RSI=0x00007fdacac2bb98, RDI=0x00007fdb202c91f8
R8 =0x0000000000000000, R9 =0x000000000000000c, R10=0x00007fdb10e04c58, R11=0x00007fdb26a56c50
R12=0x00000000000003f2, R13=0x00007fdb202c91f8, R14=0x00007fdacac2bb98, R15=0x00007fdb202c9000
RIP=0x0000000000000000, EFLAGS=0x0000000000010202, CSGSFS=0x0000000000000033, ERR=0x0000000000000014
  TRAPNO=0x000000000000000e

Top of Stack: (sp=0x00007fdacac2bad8)
0x00007fdacac2bad8:   00007fdaf91bb925 0000000000000000
0x00007fdacac2bae8:   00007fdaca2992c8 0000000000000000
0x00007fdacac2baf8:   00007fdaca2992c8 00007fdacac2bb68
0x00007fdacac2bb08:   00007fdb10e04c84 00007fdacac2bb68
0x00007fdacac2bb18:   00007fdb10e04747 00007fdb10e04702
0x00007fdacac2bb28:   00007fdacac2bb28 00007fdaca2992c8
0x00007fdacac2bb38:   00007fdacac2bb98 00007fdaca29afa0
0x00007fdacac2bb48:   0000000000000000 00007fdaca2992c8
0x00007fdacac2bb58:   0000000000000000 00007fdacac2bb88
0x00007fdacac2bb68:   00007fdacac2bbe0 00007fdb10ded33d
0x00007fdacac2bb78:   0000000000000000 00007fdb10dfb478
0x00007fdacac2bb88:   00000000000001fe 00000000000003f2
0x00007fdacac2bb98:   00000000d7b7bde8 00007fdacac2bba0
0x00007fdacac2bba8:   00007fdaca29a4cd 00007fdacac2bc20
0x00007fdacac2bbb8:   00007fdaca29afa0 0000000000000000
0x00007fdacac2bbc8:   00007fdaca29a500 00007fdacac2bb88
0x00007fdacac2bbd8:   00007fdacac2bbf0 00007fdacac2bc78
0x00007fdacac2bbe8:   00007fdb10ded33d 00000000d7b7ef40
0x00007fdacac2bbf8:   00000000000001fe 00000000000003f2
0x00007fdacac2bc08:   0000000000000000 0000000000000000
0x00007fdacac2bc18:   00000000d7b7ab20 00000000d7b7bde8
0x00007fdacac2bc28:   0000000000000001 00000000d70c33c0
0x00007fdacac2bc38:   00007fdacac2bc28 00007fdaca253ebe
0x00007fdacac2bc48:   00007fdacac2bce8 00007fdaca254248
0x00007fdacac2bc58:   0000000000000000 00007fdaca253f10
0x00007fdacac2bc68:   00007fdacac2bbf0 00007fdacac2bcb8
0x00007fdacac2bc78:   00007fdacac2bd30 00007fdb10ded382
0x00007fdacac2bc88:   0000000000000000 00000000d70c33c0
0x00007fdacac2bc98:   0000000000000001 0000000000000400
0x00007fdacac2bca8:   00000000d7b641e0 00000000d7b7adb0
0x00007fdacac2bcb8:   00000000000001fe 00000000000003f2
0x00007fdacac2bcc8:   0000000000000000 0000000000000000 

Instructions: (pc=0x0000000000000000)
0xffffffffffffffe0:   

Register to memory mapping:

RAX=0x00007fdaf93cf598: <offset 0x258598> in /usr/lib/jvm/java-8-oracle/jre/lib/amd64/libawt_xawt.so at 0x00007fdaf9177000
RBX=0x00000000000001fe is an unknown value
RCX=0x00000000000001fe is an unknown value
RDX=0x00000000000003f2 is an unknown value
RSP=0x00007fdacac2bad8 is pointing into the stack for thread: 0x00007fdb202c9000
RBP=0x00007fdacac2bb00 is pointing into the stack for thread: 0x00007fdb202c9000
RSI=0x00007fdacac2bb98 is pointing into the stack for thread: 0x00007fdb202c9000
RDI=0x00007fdb202c91f8 is an unknown value
R8 =0x0000000000000000 is an unknown value
R9 =0x000000000000000c is an unknown value
R10=0x00007fdb10e04c58 is at code_begin+1528 in an Interpreter codelet
method entry point (kind = native)  [0x00007fdb10e04660, 0x00007fdb10e055a0]  3904 bytes
R11=0x00007fdb26a56c50: <offset 0x9c1c50> in /usr/lib/jvm/java-8-oracle/jre/lib/amd64/server/libjvm.so at 0x00007fdb26095000
R12=0x00000000000003f2 is an unknown value
R13=0x00007fdb202c91f8 is an unknown value
R14=0x00007fdacac2bb98 is pointing into the stack for thread: 0x00007fdb202c9000
R15=0x00007fdb202c9000 is a thread


Stack: [0x00007fdacab2f000,0x00007fdacac30000],  sp=0x00007fdacac2bad8,  free space=1010k
Java frames: (J=compiled Java code, j=interpreted, Vv=VM code)
j  com.sun.java.swing.plaf.gtk.GTKEngine.nativeStartPainting(II)V+0
j  com.sun.java.swing.plaf.gtk.GTKEngine.startPainting(Ljava/awt/Graphics;IIII[Ljava/lang/Object;)V+5
j  com.sun.java.swing.plaf.gtk.GTKPainter$TitledBorder.paintBorder(Ljava/awt/Component;Ljava/awt/Graphics;IIII)V+86
j  javax.swing.border.TitledBorder.paintBorder(Ljava/awt/Component;Ljava/awt/Graphics;IIII)V+809
j  javax.swing.JComponent.paintBorder(Ljava/awt/Graphics;)V+22
j  javax.swing.JComponent.paint(Ljava/awt/Graphics;)V+292
j  javax.swing.JComponent.paintChildren(Ljava/awt/Graphics;)V+501
j  javax.swing.JComponent.paint(Ljava/awt/Graphics;)V+318
j  javax.swing.JComponent.paintChildren(Ljava/awt/Graphics;)V+501
j  javax.swing.JComponent.paint(Ljava/awt/Graphics;)V+318
j  javax.swing.JLayeredPane.paint(Ljava/awt/Graphics;)V+73
j  javax.swing.JComponent.paintChildren(Ljava/awt/Graphics;)V+501
j  javax.swing.JComponent.paintToOffscreen(Ljava/awt/Graphics;IIIIII)V+72
j  javax.swing.BufferStrategyPaintManager.paint(Ljavax/swing/JComponent;Ljavax/swing/JComponent;Ljava/awt/Graphics;IIII)Z+164
j  javax.swing.RepaintManager.paint(Ljavax/swing/JComponent;Ljavax/swing/JComponent;Ljava/awt/Graphics;IIII)V+51
j  javax.swing.JComponent.paint(Ljava/awt/Graphics;)V+221
j  java.awt.GraphicsCallback$PaintCallback.run(Ljava/awt/Component;Ljava/awt/Graphics;)V+2
j  sun.awt.SunGraphicsCallback.runOneComponent(Ljava/awt/Component;Ljava/awt/Rectangle;Ljava/awt/Graphics;Ljava/awt/Shape;I)V+155
j  sun.awt.SunGraphicsCallback.runComponents([Ljava/awt/Component;Ljava/awt/Graphics;I)V+194
j  java.awt.Container.paint(Ljava/awt/Graphics;)V+58
j  java.awt.Window.paint(Ljava/awt/Graphics;)V+68
j  javax.swing.RepaintManager$4.run()Ljava/lang/Void;+142
j  javax.swing.RepaintManager$4.run()Ljava/lang/Object;+1
v  ~StubRoutines::call_stub
j  java.security.AccessController.doPrivileged(Ljava/security/PrivilegedAction;Ljava/security/AccessControlContext;)Ljava/lang/Object;+0
j  java.security.ProtectionDomain$JavaSecurityAccessImpl.doIntersectionPrivilege(Ljava/security/PrivilegedAction;Ljava/security/AccessControlContext;Ljava/security/AccessControlContext;)Ljava/lang/Object;+18
j  javax.swing.RepaintManager.paintDirtyRegions(Ljava/util/Map;)V+154
j  javax.swing.RepaintManager.paintDirtyRegions()V+46
j  javax.swing.RepaintManager.prePaintDirtyRegions()V+73
j  javax.swing.RepaintManager.access$1200(Ljavax/swing/RepaintManager;)V+1
j  javax.swing.RepaintManager$ProcessingRunnable.run()V+37
j  java.awt.event.InvocationEvent.dispatch()V+47
j  java.awt.EventQueue.dispatchEventImpl(Ljava/awt/AWTEvent;Ljava/lang/Object;)V+21
j  java.awt.EventQueue.access$500(Ljava/awt/EventQueue;Ljava/awt/AWTEvent;Ljava/lang/Object;)V+3
j  java.awt.EventQueue$3.run()Ljava/lang/Void;+32
j  java.awt.EventQueue$3.run()Ljava/lang/Object;+1
v  ~StubRoutines::call_stub
j  java.security.AccessController.doPrivileged(Ljava/security/PrivilegedAction;Ljava/security/AccessControlContext;)Ljava/lang/Object;+0
j  java.security.ProtectionDomain$JavaSecurityAccessImpl.doIntersectionPrivilege(Ljava/security/PrivilegedAction;Ljava/security/AccessControlContext;Ljava/security/AccessControlContext;)Ljava/lang/Object;+18
j  java.awt.EventQueue.dispatchEvent(Ljava/awt/AWTEvent;)V+46
j  java.awt.EventDispatchThread.pumpOneEventForFilters(I)V+245
j  java.awt.EventDispatchThread.pumpEventsForFilter(ILjava/awt/Conditional;Ljava/awt/EventFilter;)V+35
j  java.awt.EventDispatchThread.pumpEventsForHierarchy(ILjava/awt/Conditional;Ljava/awt/Component;)V+11
j  java.awt.EventDispatchThread.pumpEvents(ILjava/awt/Conditional;)V+4
j  java.awt.EventDispatchThread.pumpEvents(Ljava/awt/Conditional;)V+3
j  java.awt.EventDispatchThread.run()V+9
v  ~StubRoutines::call_stub

---------------  P R O C E S S  ---------------

Java Threads: ( => current thread )
  0x00007fdab012a000 JavaThread "Image Fetcher 1" daemon [_thread_blocked, id=8801, stack(0x00007fdac9c5a000,0x00007fdac9d5b000)]
  0x00007fdab00d4000 JavaThread "TimerQueue" daemon [_thread_blocked, id=8800, stack(0x00007fdac9d5b000,0x00007fdac9e5c000)]
  0x00007fdab007a800 JavaThread "Image Fetcher 0" daemon [_thread_blocked, id=8797, stack(0x00007fdaca2ad000,0x00007fdaca3ae000)]
  0x00007fdab0003800 JavaThread "org.netbeans.modules.debugger.jpda.visual AWT Access Loop" daemon [_thread_blocked, id=8796, stack(0x00007fdacaa2e000,0x00007fdacab2f000)]
  0x00007fdb2000c000 JavaThread "DestroyJavaVM" [_thread_blocked, id=8770, stack(0x00007fdb27b7c000,0x00007fdb27c7d000)]
=>0x00007fdb202c9000 JavaThread "AWT-EventQueue-0" [_thread_in_native, id=8795, stack(0x00007fdacab2f000,0x00007fdacac30000)]
  0x00007fdb202c7800 JavaThread "AWT-Shutdown" [_thread_blocked, id=8794, stack(0x00007fdacac30000,0x00007fdacad31000)]
  0x00007fdb20233000 JavaThread "AWT-XAWT" daemon [_thread_in_native, id=8793, stack(0x00007fdacb45a000,0x00007fdacb55b000)]
  0x00007fdb20216800 JavaThread "Java2D Disposer" daemon [_thread_blocked, id=8792, stack(0x00007fdaf80bf000,0x00007fdaf81c0000)]
  0x00007fdb200db000 JavaThread "Service Thread" daemon [_thread_blocked, id=8790, stack(0x00007fdaf97a3000,0x00007fdaf98a4000)]
  0x00007fdb200cf000 JavaThread "C1 CompilerThread2" daemon [_thread_blocked, id=8789, stack(0x00007fdaf98a4000,0x00007fdaf99a5000)]
  0x00007fdb200cd800 JavaThread "C2 CompilerThread1" daemon [_thread_blocked, id=8788, stack(0x00007fdaf99a5000,0x00007fdaf9aa6000)]
  0x00007fdb200ca800 JavaThread "C2 CompilerThread0" daemon [_thread_blocked, id=8787, stack(0x00007fdaf9aa6000,0x00007fdaf9ba7000)]
  0x00007fdae8001000 JavaThread "JDWP Command Reader" daemon [_thread_in_native, id=8785, stack(0x00007fdaf9ba7000,0x00007fdaf9ca8000)]
  0x00007fdb200c8000 JavaThread "JDWP Event Helper Thread" daemon [_thread_blocked, id=8783, stack(0x00007fdaf9ca8000,0x00007fdaf9da9000)]
  0x00007fdb200c4800 JavaThread "JDWP Transport Listener: dt_socket" daemon [_thread_blocked, id=8781, stack(0x00007fdaf9da9000,0x00007fdaf9eaa000)]
  0x00007fdb200b8000 JavaThread "Signal Dispatcher" daemon [_thread_blocked, id=8780, stack(0x00007fdafa0ae000,0x00007fdafa1af000)]
  0x00007fdb20086000 JavaThread "Finalizer" daemon [_thread_blocked, id=8779, stack(0x00007fdafa1af000,0x00007fdafa2b0000)]
  0x00007fdb20081800 JavaThread "Reference Handler" daemon [_thread_blocked, id=8778, stack(0x00007fdafa2b0000,0x00007fdafa3b1000)]

Other Threads:
  0x00007fdb2007a000 VMThread [stack: 0x00007fdafa3b1000,0x00007fdafa4b2000] [id=8777]
  0x00007fdb200dd800 WatcherThread [stack: 0x00007fdaf96a2000,0x00007fdaf97a3000] [id=8791]

VM state:not at safepoint (normal execution)

VM Mutex/Monitor currently owned by a thread: None

Heap:
 PSYoungGen      total 36864K, used 15883K [0x00000000d6d80000, 0x00000000d9680000, 0x0000000100000000)
  eden space 31744K, 50% used [0x00000000d6d80000,0x00000000d7d02d60,0x00000000d8c80000)
  from space 5120K, 0% used [0x00000000d9180000,0x00000000d9180000,0x00000000d9680000)
  to   space 5120K, 0% used [0x00000000d8c80000,0x00000000d8c80000,0x00000000d9180000)
 ParOldGen       total 84992K, used 0K [0x0000000084800000, 0x0000000089b00000, 0x00000000d6d80000)
  object space 84992K, 0% used [0x0000000084800000,0x0000000084800000,0x0000000089b00000)
 Metaspace       used 16142K, capacity 16344K, committed 16512K, reserved 1062912K
  class space    used 1995K, capacity 2078K, committed 2176K, reserved 1048576K

Card table byte_map: [0x00007fdb10648000,0x00007fdb10a25000] byte_map_base: 0x00007fdb10224000

Marking Bits: (ParMarkBitMap*) 0x00007fdb27056120
 Begin Bits: [0x00007fdb00240000, 0x00007fdb02120000)
 End Bits:   [0x00007fdb02120000, 0x00007fdb04000000)

Polling page: 0x00007fdb27ca5000

CodeCache: size=245760Kb used=3371Kb max_used=3371Kb free=242388Kb
 bounds [0x00007fdb10de5000, 0x00007fdb11135000, 0x00007fdb1fde5000]
 total_blobs=1579 nmethods=986 adapters=515
 compilation: enabled

Compilation events (10 events):
Event: 2,342 Thread 0x00007fdb200cf000  985       1       sun.swing.MenuItemLayoutHelper::getText (5 bytes)
Event: 2,342 Thread 0x00007fdb200cf000 nmethod 985 0x00007fdb1112cf90 code [0x00007fdb1112d0e0, 0x00007fdb1112d1f0]
Event: 2,342 Thread 0x00007fdb200cf000  981       1       java.awt.RenderingHints$Key::intKey (5 bytes)
Event: 2,342 Thread 0x00007fdb200cf000 nmethod 981 0x00007fdb1112ccd0 code [0x00007fdb1112ce20, 0x00007fdb1112cf30]
Event: 2,342 Thread 0x00007fdb200cf000  986       1       sun.swing.MenuItemLayoutHelper::getIcon (5 bytes)
Event: 2,342 Thread 0x00007fdb200cf000 nmethod 986 0x00007fdb1112ca10 code [0x00007fdb1112cb60, 0x00007fdb1112cc70]
Event: 2,342 Thread 0x00007fdb200cf000  976       1       javax.swing.plaf.nimbus.NimbusDefaults$LazyStyle::access$400 (5 bytes)
Event: 2,342 Thread 0x00007fdb200cf000 nmethod 976 0x00007fdb1112c750 code [0x00007fdb1112c8a0, 0x00007fdb1112c990]
Event: 2,343 Thread 0x00007fdb200cf000  987       3       java.lang.Enum::<init> (15 bytes)
Event: 2,343 Thread 0x00007fdb200cf000 nmethod 987 0x00007fdb1112c350 code [0x00007fdb1112c4c0, 0x00007fdb1112c690]

GC Heap History (0 events):
No events

Deoptimization events (10 events):
Event: 0,819 Thread 0x00007fdb202c9000 Uncommon trap: reason=class_check action=maybe_recompile pc=0x00007fdb10f4f68c method=java.lang.String.equals(Ljava/lang/Object;)Z @ 8
Event: 0,819 Thread 0x00007fdb202c9000 Uncommon trap: reason=class_check action=maybe_recompile pc=0x00007fdb10f4f68c method=java.lang.String.equals(Ljava/lang/Object;)Z @ 8
Event: 0,819 Thread 0x00007fdb202c9000 Uncommon trap: reason=class_check action=maybe_recompile pc=0x00007fdb10f4f68c method=java.lang.String.equals(Ljava/lang/Object;)Z @ 8
Event: 0,819 Thread 0x00007fdb202c9000 Uncommon trap: reason=class_check action=maybe_recompile pc=0x00007fdb10f4f68c method=java.lang.String.equals(Ljava/lang/Object;)Z @ 8
Event: 0,827 Thread 0x00007fdb202c9000 Uncommon trap: reason=class_check action=maybe_recompile pc=0x00007fdb1100d158 method=javax.swing.plaf.nimbus.DerivedColor$UIResource.equals(Ljava/lang/Object;)Z @ 1
Event: 0,834 Thread 0x00007fdb202c9000 Uncommon trap: reason=class_check action=maybe_recompile pc=0x00007fdb1100d158 method=javax.swing.plaf.nimbus.DerivedColor$UIResource.equals(Ljava/lang/Object;)Z @ 1
Event: 0,838 Thread 0x00007fdb202c9000 Uncommon trap: reason=class_check action=maybe_recompile pc=0x00007fdb1100d158 method=javax.swing.plaf.nimbus.DerivedColor$UIResource.equals(Ljava/lang/Object;)Z @ 1
Event: 0,839 Thread 0x00007fdb202c9000 Uncommon trap: reason=class_check action=maybe_recompile pc=0x00007fdb1100d158 method=javax.swing.plaf.nimbus.DerivedColor$UIResource.equals(Ljava/lang/Object;)Z @ 1
Event: 0,878 Thread 0x00007fdab007a800 Uncommon trap: reason=unstable_if action=reinterpret pc=0x00007fdb10fb2574 method=java.lang.String.<init>([CII)V @ 18
Event: 2,206 Thread 0x00007fdb202c9000 Uncommon trap: reason=unstable_if action=reinterpret pc=0x00007fdb1102671c method=java.lang.String.indexOf([CII[CIII)I @ 3

Internal exceptions (10 events):
Event: 2,216 Thread 0x00007fdb202c9000 Exception <a 'java/lang/NoSuchMethodError': <clinit>> (0x00000000d79aa070) thrown at [/HUDSON3/workspace/8-2-build-linux-amd64/jdk8u101/7261/hotspot/src/share/vm/prims/jni.cpp, line 1613]
Event: 2,220 Thread 0x00007fdb202c9000 Exception <a 'java/lang/NoSuchMethodError': <clinit>> (0x00000000d79d4eb0) thrown at [/HUDSON3/workspace/8-2-build-linux-amd64/jdk8u101/7261/hotspot/src/share/vm/prims/jni.cpp, line 1613]
Event: 2,222 Thread 0x00007fdb202c9000 Exception <a 'java/lang/NoSuchMethodError': <clinit>> (0x00000000d79eebc0) thrown at [/HUDSON3/workspace/8-2-build-linux-amd64/jdk8u101/7261/hotspot/src/share/vm/prims/jni.cpp, line 1613]
Event: 2,226 Thread 0x00007fdb202c9000 Exception <a 'java/lang/NoSuchMethodError': <clinit>> (0x00000000d7a18638) thrown at [/HUDSON3/workspace/8-2-build-linux-amd64/jdk8u101/7261/hotspot/src/share/vm/prims/jni.cpp, line 1613]
Event: 2,227 Thread 0x00007fdb202c9000 Exception <a 'java/lang/NoSuchMethodError': <clinit>> (0x00000000d7a22260) thrown at [/HUDSON3/workspace/8-2-build-linux-amd64/jdk8u101/7261/hotspot/src/share/vm/prims/jni.cpp, line 1613]
Event: 2,231 Thread 0x00007fdb202c9000 Exception <a 'java/lang/NoSuchMethodError': <clinit>> (0x00000000d7a53110) thrown at [/HUDSON3/workspace/8-2-build-linux-amd64/jdk8u101/7261/hotspot/src/share/vm/prims/jni.cpp, line 1613]
Event: 2,233 Thread 0x00007fdb202c9000 Exception <a 'java/lang/NoSuchMethodError': <clinit>> (0x00000000d7a6bcc0) thrown at [/HUDSON3/workspace/8-2-build-linux-amd64/jdk8u101/7261/hotspot/src/share/vm/prims/jni.cpp, line 1613]
Event: 2,243 Thread 0x00007fdb202c9000 Exception <a 'java/lang/NoSuchMethodError': <clinit>> (0x00000000d7ae40a8) thrown at [/HUDSON3/workspace/8-2-build-linux-amd64/jdk8u101/7261/hotspot/src/share/vm/prims/jni.cpp, line 1613]
Event: 2,245 Thread 0x00007fdb202c9000 Exception <a 'java/lang/NoSuchMethodError': <clinit>> (0x00000000d7af8878) thrown at [/HUDSON3/workspace/8-2-build-linux-amd64/jdk8u101/7261/hotspot/src/share/vm/prims/jni.cpp, line 1613]
Event: 2,246 Thread 0x00007fdb202c9000 Exception <a 'java/lang/NoSuchMethodError': <clinit>> (0x00000000d7b0df20) thrown at [/HUDSON3/workspace/8-2-build-linux-amd64/jdk8u101/7261/hotspot/src/share/vm/prims/jni.cpp, line 1613]

Events (10 events):
Event: 2,341 loading class com/sun/java/swing/plaf/gtk/GTKEngine
Event: 2,342 loading class com/sun/java/swing/plaf/gtk/GTKEngine done
Event: 2,342 loading class sun/swing/ImageCache
Event: 2,342 loading class sun/swing/ImageCache done
Event: 2,342 loading class com/sun/java/swing/plaf/gtk/GTKEngine$WidgetType
Event: 2,342 loading class com/sun/java/swing/plaf/gtk/GTKEngine$WidgetType done
Event: 2,343 loading class com/sun/java/swing/plaf/gtk/GTKRegion
Event: 2,343 loading class com/sun/java/swing/plaf/gtk/GTKRegion done
Event: 2,344 loading class sun/swing/ImageCache$Entry
Event: 2,344 loading class sun/swing/ImageCache$Entry done


Dynamic libraries:
00400000-00401000 r-xp 00000000 08:05 1447353                            /usr/lib/jvm/java-8-oracle/bin/java
00600000-00601000 rw-p 00000000 08:05 1447353                            /usr/lib/jvm/java-8-oracle/bin/java
01a68000-01a89000 rw-p 00000000 00:00 0                                  [heap]
84800000-89b00000 rw-p 00000000 00:00 0 
89b00000-d6d80000 ---p 00000000 00:00 0 
d6d80000-d9680000 rw-p 00000000 00:00 0 
d9680000-100000000 ---p 00000000 00:00 0 
100000000-100220000 rw-p 00000000 00:00 0 
100220000-140000000 ---p 00000000 00:00 0 
7fdaa0000000-7fdaa0021000 rw-p 00000000 00:00 0 
7fdaa0021000-7fdaa4000000 ---p 00000000 00:00 0 
7fdaa8000000-7fdaa80e0000 rw-p 00000000 00:00 0 
7fdaa80e0000-7fdaac000000 ---p 00000000 00:00 0 
7fdaac000000-7fdaac021000 rw-p 00000000 00:00 0 
7fdaac021000-7fdab0000000 ---p 00000000 00:00 0 
7fdab0000000-7fdab033e000 rw-p 00000000 00:00 0 
7fdab033e000-7fdab4000000 ---p 00000000 00:00 0 
7fdab4000000-7fdab4021000 rw-p 00000000 00:00 0 
7fdab4021000-7fdab8000000 ---p 00000000 00:00 0 
7fdab8000000-7fdab8028000 rw-p 00000000 00:00 0 
7fdab8028000-7fdabc000000 ---p 00000000 00:00 0 
7fdabc000000-7fdabc021000 rw-p 00000000 00:00 0 
7fdabc021000-7fdac0000000 ---p 00000000 00:00 0 
7fdac0000000-7fdac0021000 rw-p 00000000 00:00 0 
7fdac0021000-7fdac4000000 ---p 00000000 00:00 0 
7fdac4000000-7fdac4021000 rw-p 00000000 00:00 0 
7fdac4021000-7fdac8000000 ---p 00000000 00:00 0 
7fdac9c5a000-7fdac9c5d000 ---p 00000000 00:00 0 
7fdac9c5d000-7fdac9d5b000 rw-p 00000000 00:00 0 
7fdac9d5b000-7fdac9d5e000 ---p 00000000 00:00 0 
7fdac9d5e000-7fdac9e5c000 rw-p 00000000 00:00 0 
7fdac9e5c000-7fdac9e80000 rw-s 00000000 00:05 394264596                  /SYSV00000000 (deleted)
7fdac9e80000-7fdac9eaa000 r-xp 00000000 08:05 1447485                    /usr/lib/jvm/java-8-oracle/jre/lib/amd64/libdcpr.so
7fdac9eaa000-7fdaca0aa000 ---p 0002a000 08:05 1447485                    /usr/lib/jvm/java-8-oracle/jre/lib/amd64/libdcpr.so
7fdaca0aa000-7fdaca0ad000 rw-p 0002a000 08:05 1447485                    /usr/lib/jvm/java-8-oracle/jre/lib/amd64/libdcpr.so
7fdaca0ad000-7fdaca2ad000 rw-p 00000000 00:00 0 
7fdaca2ad000-7fdaca2b0000 ---p 00000000 00:00 0 
7fdaca2b0000-7fdaca5ae000 rw-p 00000000 00:00 0 
7fdaca5ae000-7fdaca617000 r-xp 00000000 08:05 1447534                    /usr/lib/jvm/java-8-oracle/jre/lib/amd64/libt2k.so
7fdaca617000-7fdaca817000 ---p 00069000 08:05 1447534                    /usr/lib/jvm/java-8-oracle/jre/lib/amd64/libt2k.so
7fdaca817000-7fdaca81e000 rw-p 00069000 08:05 1447534                    /usr/lib/jvm/java-8-oracle/jre/lib/amd64/libt2k.so
7fdaca81e000-7fdacaa2e000 rw-p 00000000 00:00 0 
7fdacaa2e000-7fdacaa31000 ---p 00000000 00:00 0 
7fdacaa31000-7fdacab2f000 rw-p 00000000 00:00 0 
7fdacab2f000-7fdacab32000 ---p 00000000 00:00 0 
7fdacab32000-7fdacac30000 rw-p 00000000 00:00 0 
7fdacac30000-7fdacac33000 ---p 00000000 00:00 0 
7fdacac33000-7fdacad31000 rw-p 00000000 00:00 0 
7fdacad31000-7fdacad42000 r-xp 00000000 08:05 1447503                    /usr/lib/jvm/java-8-oracle/jre/lib/amd64/libnio.so
7fdacad42000-7fdacaf41000 ---p 00011000 08:05 1447503                    /usr/lib/jvm/java-8-oracle/jre/lib/amd64/libnio.so
7fdacaf41000-7fdacaf42000 rw-p 00010000 08:05 1447503                    /usr/lib/jvm/java-8-oracle/jre/lib/amd64/libnio.so
7fdacaf42000-7fdacb243000 rw-p 00000000 00:00 0 
7fdacb243000-7fdacb259000 r-xp 00000000 08:05 1447480                    /usr/lib/jvm/java-8-oracle/jre/lib/amd64/libnet.so
7fdacb259000-7fdacb459000 ---p 00016000 08:05 1447480                    /usr/lib/jvm/java-8-oracle/jre/lib/amd64/libnet.so
7fdacb459000-7fdacb45a000 rw-p 00016000 08:05 1447480                    /usr/lib/jvm/java-8-oracle/jre/lib/amd64/libnet.so
7fdacb45a000-7fdacb45d000 ---p 00000000 00:00 0 
7fdacb45d000-7fdacb55b000 rw-p 00000000 00:00 0 
7fdacb55b000-7fdacb560000 r-xp 00000000 08:05 794871                     /usr/lib/x86_64-linux-gnu/libXfixes.so.3.1.0
7fdacb560000-7fdacb75f000 ---p 00005000 08:05 794871                     /usr/lib/x86_64-linux-gnu/libXfixes.so.3.1.0
7fdacb75f000-7fdacb760000 r--p 00004000 08:05 794871                     /usr/lib/x86_64-linux-gnu/libXfixes.so.3.1.0
7fdacb760000-7fdacb761000 rw-p 00005000 08:05 794871                     /usr/lib/x86_64-linux-gnu/libXfixes.so.3.1.0
7fdacb761000-7fdacb76a000 r-xp 00000000 08:05 794863                     /usr/lib/x86_64-linux-gnu/libXcursor.so.1.0.2
7fdacb76a000-7fdacb969000 ---p 00009000 08:05 794863                     /usr/lib/x86_64-linux-gnu/libXcursor.so.1.0.2
7fdacb969000-7fdacb96a000 r--p 00008000 08:05 794863                     /usr/lib/x86_64-linux-gnu/libXcursor.so.1.0.2
7fdacb96a000-7fdacb96b000 rw-p 00009000 08:05 794863                     /usr/lib/x86_64-linux-gnu/libXcursor.so.1.0.2
7fdacb96b000-7fdacb981000 r-xp 00000000 08:05 6820371                    /lib/x86_64-linux-gnu/libgcc_s.so.1
7fdacb981000-7fdacbb80000 ---p 00016000 08:05 6820371                    /lib/x86_64-linux-gnu/libgcc_s.so.1
7fdacbb80000-7fdacbb81000 rw-p 00015000 08:05 6820371                    /lib/x86_64-linux-gnu/libgcc_s.so.1
7fdacbb81000-7fdacbbe6000 r-xp 00000000 08:05 1447497                    /usr/lib/jvm/java-8-oracle/jre/lib/amd64/libfontmanager.so
7fdacbbe6000-7fdacbde5000 ---p 00065000 08:05 1447497                    /usr/lib/jvm/java-8-oracle/jre/lib/amd64/libfontmanager.so
7fdacbde5000-7fdacbdea000 rw-p 00064000 08:05 1447497                    /usr/lib/jvm/java-8-oracle/jre/lib/amd64/libfontmanager.so
7fdacbdea000-7fdacbdfa000 rw-p 00000000 00:00 0 
7fdacbdfa000-7fdacbdff000 r-xp 00000000 08:05 794867                     /usr/lib/x86_64-linux-gnu/libXdmcp.so.6.0.0
7fdacbdff000-7fdacbffe000 ---p 00005000 08:05 794867                     /usr/lib/x86_64-linux-gnu/libXdmcp.so.6.0.0
7fdacbffe000-7fdacbfff000 r--p 00004000 08:05 794867                     /usr/lib/x86_64-linux-gnu/libXdmcp.so.6.0.0
7fdacbfff000-7fdacc000000 rw-p 00005000 08:05 794867                     /usr/lib/x86_64-linux-gnu/libXdmcp.so.6.0.0
7fdacc000000-7fdacc33e000 rw-p 00000000 00:00 0 
7fdacc33e000-7fdad0000000 ---p 00000000 00:00 0 
7fdad0000000-7fdad0021000 rw-p 00000000 00:00 0 
7fdad0021000-7fdad4000000 ---p 00000000 00:00 0 
7fdad4000000-7fdad43cb000 rw-p 00000000 00:00 0 
7fdad43cb000-7fdad8000000 ---p 00000000 00:00 0 
7fdad8000000-7fdad811a000 rw-p 00000000 00:00 0 
7fdad811a000-7fdadc000000 ---p 00000000 00:00 0 
7fdadc000000-7fdadc037000 rw-p 00000000 00:00 0 
7fdadc037000-7fdae0000000 ---p 00000000 00:00 0 
7fdae0000000-7fdae0021000 rw-p 00000000 00:00 0 
7fdae0021000-7fdae4000000 ---p 00000000 00:00 0 
7fdae4000000-7fdae4021000 rw-p 00000000 00:00 0 
7fdae4021000-7fdae8000000 ---p 00000000 00:00 0 
7fdae8000000-7fdae8021000 rw-p 00000000 00:00 0 
7fdae8021000-7fdaec000000 ---p 00000000 00:00 0 
7fdaec000000-7fdaec021000 rw-p 00000000 00:00 0 
7fdaec021000-7fdaf0000000 ---p 00000000 00:00 0 
7fdaf0000000-7fdaf0021000 rw-p 00000000 00:00 0 
7fdaf0021000-7fdaf4000000 ---p 00000000 00:00 0 
7fdaf4000000-7fdaf4021000 rw-p 00000000 00:00 0 
7fdaf4021000-7fdaf8000000 ---p 00000000 00:00 0 
7fdaf802a000-7fdaf802e000 r--s 00097000 08:05 1447379                    /usr/lib/jvm/java-8-oracle/jre/lib/jsse.jar
7fdaf802e000-7fdaf8039000 r--s 00000000 08:05 917767                     /var/cache/fontconfig/945677eb7aeaf62f1d50efc3fb3ec7d8-le64.cache-6
7fdaf8039000-7fdaf803b000 r--s 00000000 08:05 917765                     /var/cache/fontconfig/99e8ed0e538f840c565b6ed5dad60d56-le64.cache-6
7fdaf803b000-7fdaf8044000 r--s 00000000 08:05 917764                     /var/cache/fontconfig/a6d8cf8e4ec09cdbc8633c31745a07dd-le64.cache-6
7fdaf8044000-7fdaf804a000 r--s 00000000 08:05 917763                     /var/cache/fontconfig/2cd17615ca594fa2959ae173292e504c-le64.cache-6
7fdaf804a000-7fdaf804b000 r--s 00000000 08:05 917762                     /var/cache/fontconfig/0d8c3b2ac0904cb8a57a757ad11a4a08-le64.cache-6
7fdaf804b000-7fdaf804f000 r--s 00000000 08:05 917761                     /var/cache/fontconfig/de156ccd2eddbdc19d37a45b8b2aac9c-le64.cache-6
7fdaf804f000-7fdaf8064000 r--s 00000000 08:05 917760                     /var/cache/fontconfig/04aabc0a78ac019cf9454389977116d2-le64.cache-6
7fdaf8064000-7fdaf8065000 r--s 00000000 08:05 917759                     /var/cache/fontconfig/1ac9eb803944fde146138c791f5cc56a-le64.cache-6
7fdaf8065000-7fdaf806a000 r--s 00000000 08:05 917754                     /var/cache/fontconfig/8801497958630a81b71ace7c5f9b32a8-le64.cache-6
7fdaf806a000-7fdaf80a5000 r--s 00000000 08:05 917753                     /var/cache/fontconfig/365b55f210c0a22e9a19e35191240f32-le64.cache-6
7fdaf80a5000-7fdaf80ac000 r--s 00000000 08:05 917751                     /var/cache/fontconfig/3047814df9a2f067bd2d96a2b9c36e5a-le64.cache-6
7fdaf80ac000-7fdaf80bf000 r--s 00000000 08:05 917743                     /var/cache/fontconfig/d52a8644073d54c13679302ca1180695-le64.cache-6
7fdaf80bf000-7fdaf80c2000 ---p 00000000 00:00 0 
7fdaf80c2000-7fdaf81c0000 rw-p 00000000 00:00 0 
7fdaf81c0000-7fdaf81c2000 r-xp 00000000 08:05 794856                     /usr/lib/x86_64-linux-gnu/libXau.so.6.0.0
7fdaf81c2000-7fdaf83c2000 ---p 00002000 08:05 794856                     /usr/lib/x86_64-linux-gnu/libXau.so.6.0.0
7fdaf83c2000-7fdaf83c3000 r--p 00002000 08:05 794856                     /usr/lib/x86_64-linux-gnu/libXau.so.6.0.0
7fdaf83c3000-7fdaf83c4000 rw-p 00003000 08:05 794856                     /usr/lib/x86_64-linux-gnu/libXau.so.6.0.0
7fdaf83c4000-7fdaf83e5000 r-xp 00000000 08:05 796234                     /usr/lib/x86_64-linux-gnu/libxcb.so.1.1.0
7fdaf83e5000-7fdaf85e4000 ---p 00021000 08:05 796234                     /usr/lib/x86_64-linux-gnu/libxcb.so.1.1.0
7fdaf85e4000-7fdaf85e5000 r--p 00020000 08:05 796234                     /usr/lib/x86_64-linux-gnu/libxcb.so.1.1.0
7fdaf85e5000-7fdaf85e6000 rw-p 00021000 08:05 796234                     /usr/lib/x86_64-linux-gnu/libxcb.so.1.1.0
7fdaf85e6000-7fdaf85f5000 r-xp 00000000 08:05 794877                     /usr/lib/x86_64-linux-gnu/libXi.so.6.1.0
7fdaf85f5000-7fdaf87f4000 ---p 0000f000 08:05 794877                     /usr/lib/x86_64-linux-gnu/libXi.so.6.1.0
7fdaf87f4000-7fdaf87f5000 r--p 0000e000 08:05 794877                     /usr/lib/x86_64-linux-gnu/libXi.so.6.1.0
7fdaf87f5000-7fdaf87f6000 rw-p 0000f000 08:05 794877                     /usr/lib/x86_64-linux-gnu/libXi.so.6.1.0
7fdaf87f6000-7fdaf87fb000 r-xp 00000000 08:05 794895                     /usr/lib/x86_64-linux-gnu/libXtst.so.6.1.0
7fdaf87fb000-7fdaf89fa000 ---p 00005000 08:05 794895                     /usr/lib/x86_64-linux-gnu/libXtst.so.6.1.0
7fdaf89fa000-7fdaf89fb000 r--p 00004000 08:05 794895                     /usr/lib/x86_64-linux-gnu/libXtst.so.6.1.0
7fdaf89fb000-7fdaf89fc000 rw-p 00005000 08:05 794895                     /usr/lib/x86_64-linux-gnu/libXtst.so.6.1.0
7fdaf89fc000-7fdaf8a05000 r-xp 00000000 08:05 794889                     /usr/lib/x86_64-linux-gnu/libXrender.so.1.3.0
7fdaf8a05000-7fdaf8c04000 ---p 00009000 08:05 794889                     /usr/lib/x86_64-linux-gnu/libXrender.so.1.3.0
7fdaf8c04000-7fdaf8c05000 r--p 00008000 08:05 794889                     /usr/lib/x86_64-linux-gnu/libXrender.so.1.3.0
7fdaf8c05000-7fdaf8c06000 rw-p 00009000 08:05 794889                     /usr/lib/x86_64-linux-gnu/libXrender.so.1.3.0
7fdaf8c06000-7fdaf8d3b000 r-xp 00000000 08:05 794852                     /usr/lib/x86_64-linux-gnu/libX11.so.6.3.0
7fdaf8d3b000-7fdaf8f3b000 ---p 00135000 08:05 794852                     /usr/lib/x86_64-linux-gnu/libX11.so.6.3.0
7fdaf8f3b000-7fdaf8f3c000 r--p 00135000 08:05 794852                     /usr/lib/x86_64-linux-gnu/libX11.so.6.3.0
7fdaf8f3c000-7fdaf8f40000 rw-p 00136000 08:05 794852                     /usr/lib/x86_64-linux-gnu/libX11.so.6.3.0
7fdaf8f40000-7fdaf8f51000 r-xp 00000000 08:05 794869                     /usr/lib/x86_64-linux-gnu/libXext.so.6.4.0
7fdaf8f51000-7fdaf9150000 ---p 00011000 08:05 794869                     /usr/lib/x86_64-linux-gnu/libXext.so.6.4.0
7fdaf9150000-7fdaf9151000 r--p 00010000 08:05 794869                     /usr/lib/x86_64-linux-gnu/libXext.so.6.4.0
7fdaf9151000-7fdaf9152000 rw-p 00011000 08:05 794869                     /usr/lib/x86_64-linux-gnu/libXext.so.6.4.0
7fdaf9152000-7fdaf9156000 r--s 00000000 08:05 917758                     /var/cache/fontconfig/385c0604a188198f04d133e54aba7fe7-le64.cache-6
7fdaf9156000-7fdaf9177000 r--p 00000000 08:05 1849286                    /usr/share/locale-langpack/pt_BR/LC_MESSAGES/libc.mo
7fdaf9177000-7fdaf91cb000 r-xp 00000000 08:05 1447505                    /usr/lib/jvm/java-8-oracle/jre/lib/amd64/libawt_xawt.so
7fdaf91cb000-7fdaf93cb000 ---p 00054000 08:05 1447505                    /usr/lib/jvm/java-8-oracle/jre/lib/amd64/libawt_xawt.so
7fdaf93cb000-7fdaf93cf000 rw-p 00054000 08:05 1447505                    /usr/lib/jvm/java-8-oracle/jre/lib/amd64/libawt_xawt.so
7fdaf93cf000-7fdaf93d0000 rw-p 00000000 00:00 0 
7fdaf93d0000-7fdaf9472000 r-xp 00000000 08:05 1447537                    /usr/lib/jvm/java-8-oracle/jre/lib/amd64/libawt.so
7fdaf9472000-7fdaf9672000 ---p 000a2000 08:05 1447537                    /usr/lib/jvm/java-8-oracle/jre/lib/amd64/libawt.so
7fdaf9672000-7fdaf967e000 rw-p 000a2000 08:05 1447537                    /usr/lib/jvm/java-8-oracle/jre/lib/amd64/libawt.so
7fdaf967e000-7fdaf96a2000 rw-p 00000000 00:00 0 
7fdaf96a2000-7fdaf96a3000 ---p 00000000 00:00 0 
7fdaf96a3000-7fdaf97a3000 rw-p 00000000 00:00 0 
7fdaf97a3000-7fdaf97a6000 ---p 00000000 00:00 0 
7fdaf97a6000-7fdaf98a4000 rw-p 00000000 00:00 0 
7fdaf98a4000-7fdaf98a7000 ---p 00000000 00:00 0 
7fdaf98a7000-7fdaf99a5000 rw-p 00000000 00:00 0 
7fdaf99a5000-7fdaf99a8000 ---p 00000000 00:00 0 
7fdaf99a8000-7fdaf9aa6000 rw-p 00000000 00:00 0 
7fdaf9aa6000-7fdaf9aa9000 ---p 00000000 00:00 0 
7fdaf9aa9000-7fdaf9ba7000 rw-p 00000000 00:00 0 
7fdaf9ba7000-7fdaf9baa000 ---p 00000000 00:00 0 
7fdaf9baa000-7fdaf9ca8000 rw-p 00000000 00:00 0 
7fdaf9ca8000-7fdaf9cab000 ---p 00000000 00:00 0 
7fdaf9cab000-7fdaf9da9000 rw-p 00000000 00:00 0 
7fdaf9da9000-7fdaf9dac000 ---p 00000000 00:00 0 
7fdaf9dac000-7fdaf9eaa000 rw-p 00000000 00:00 0 
7fdaf9eaa000-7fdaf9eae000 r-xp 00000000 08:05 1447519                    /usr/lib/jvm/java-8-oracle/jre/lib/amd64/libdt_socket.so
7fdaf9eae000-7fdafa0ad000 ---p 00004000 08:05 1447519                    /usr/lib/jvm/java-8-oracle/jre/lib/amd64/libdt_socket.so
7fdafa0ad000-7fdafa0ae000 rw-p 00003000 08:05 1447519                    /usr/lib/jvm/java-8-oracle/jre/lib/amd64/libdt_socket.so
7fdafa0ae000-7fdafa0b1000 ---p 00000000 00:00 0 
7fdafa0b1000-7fdafa1af000 rw-p 00000000 00:00 0 
7fdafa1af000-7fdafa1b2000 ---p 00000000 00:00 0 
7fdafa1b2000-7fdafa2b0000 rw-p 00000000 00:00 0 
7fdafa2b0000-7fdafa2b3000 ---p 00000000 00:00 0 
7fdafa2b3000-7fdafa3b1000 rw-p 00000000 00:00 0 
7fdafa3b1000-7fdafa3b2000 ---p 00000000 00:00 0 
7fdafa3b2000-7fdafc000000 rw-p 00000000 00:00 0 
7fdafc000000-7fdafc021000 rw-p 00000000 00:00 0 
7fdafc021000-7fdb00000000 ---p 00000000 00:00 0 
7fdb00000000-7fdb00006000 r--s 00000000 08:05 917745                     /var/cache/fontconfig/b47c4e1ecd0709278f4910c18777a504-le64.cache-6
7fdb00006000-7fdb00018000 r--s 00000000 08:05 918876                     /var/cache/fontconfig/9b89f8e3dae116d678bbf48e5f21f69b-le64.cache-6
7fdb00018000-7fdb00067000 rw-p 00000000 00:00 0 
7fdb00067000-7fdb00240000 r--s 03d29000 08:05 1447427                    /usr/lib/jvm/java-8-oracle/jre/lib/rt.jar
7fdb00240000-7fdb04000000 rw-p 00000000 00:00 0 
7fdb04000000-7fdb04021000 rw-p 00000000 00:00 0 
7fdb04021000-7fdb08000000 ---p 00000000 00:00 0 
7fdb08000000-7fdb08021000 rw-p 00000000 00:00 0 
7fdb08021000-7fdb0c000000 ---p 00000000 00:00 0 
7fdb0c000000-7fdb0c021000 rw-p 00000000 00:00 0 
7fdb0c021000-7fdb10000000 ---p 00000000 00:00 0 
7fdb10000000-7fdb10003000 r--s 00000000 08:05 917756                     /var/cache/fontconfig/767a8244fc0220cfb567a839d0392e0b-le64.cache-6
7fdb10003000-7fdb1000e000 r--s 00000000 08:05 917741                     /var/cache/fontconfig/d589a48862398ed80a3d6066f4f56f4c-le64.cache-6
7fdb1000e000-7fdb1001b000 r--s 00000000 08:05 917723                     /var/cache/fontconfig/e13b20fdb08344e0e664864cc2ede53d-le64.cache-6
7fdb1001b000-7fdb100b2000 rw-p 00000000 00:00 0 
7fdb100b2000-7fdb100b3000 ---p 00000000 00:00 0 
7fdb100b3000-7fdb101b3000 rw-p 00000000 00:00 0 
7fdb101b3000-7fdb101b4000 ---p 00000000 00:00 0 
7fdb101b4000-7fdb102b4000 rw-p 00000000 00:00 0 
7fdb102b4000-7fdb102b5000 ---p 00000000 00:00 0 
7fdb102b5000-7fdb103df000 rw-p 00000000 00:00 0 
7fdb103df000-7fdb10648000 ---p 00000000 00:00 0 
7fdb10648000-7fdb10672000 rw-p 00000000 00:00 0 
7fdb10672000-7fdb108da000 ---p 00000000 00:00 0 
7fdb108da000-7fdb108f0000 rw-p 00000000 00:00 0 
7fdb108f0000-7fdb10a24000 ---p 00000000 00:00 0 
7fdb10a24000-7fdb10a33000 rw-p 00000000 00:00 0 
7fdb10a33000-7fdb10de5000 ---p 00000000 00:00 0 
7fdb10de5000-7fdb11135000 rwxp 00000000 00:00 0 
7fdb11135000-7fdb1fde5000 ---p 00000000 00:00 0 
7fdb1fde5000-7fdb1fdff000 r-xp 00000000 08:05 1447501                    /usr/lib/jvm/java-8-oracle/jre/lib/amd64/libzip.so
7fdb1fdff000-7fdb1ffff000 ---p 0001a000 08:05 1447501                    /usr/lib/jvm/java-8-oracle/jre/lib/amd64/libzip.so
7fdb1ffff000-7fdb20000000 rw-p 0001a000 08:05 1447501                    /usr/lib/jvm/java-8-oracle/jre/lib/amd64/libzip.so
7fdb20000000-7fdb202d1000 rw-p 00000000 00:00 0 
7fdb202d1000-7fdb24000000 ---p 00000000 00:00 0 
7fdb24000000-7fdb24001000 r--s 00000000 08:05 917757                     /var/cache/fontconfig/dc05db6664285cc2f12bf69c139ae4c3-le64.cache-6
7fdb24001000-7fdb2400c000 r--s 00000000 08:05 917736                     /var/cache/fontconfig/83bf95040141907cd45bb53cf7c1c148-le64.cache-6
7fdb2400c000-7fdb2400d000 ---p 00000000 00:00 0 
7fdb2400d000-7fdb2410d000 rw-p 00000000 00:00 0 
7fdb2410d000-7fdb24118000 r-xp 00000000 08:05 6820432                    /lib/x86_64-linux-gnu/libnss_files-2.23.so
7fdb24118000-7fdb24317000 ---p 0000b000 08:05 6820432                    /lib/x86_64-linux-gnu/libnss_files-2.23.so
7fdb24317000-7fdb24318000 r--p 0000a000 08:05 6820432                    /lib/x86_64-linux-gnu/libnss_files-2.23.so
7fdb24318000-7fdb24319000 rw-p 0000b000 08:05 6820432                    /lib/x86_64-linux-gnu/libnss_files-2.23.so
7fdb24319000-7fdb2431f000 rw-p 00000000 00:00 0 
7fdb2431f000-7fdb2432a000 r-xp 00000000 08:05 6820442                    /lib/x86_64-linux-gnu/libnss_nis-2.23.so
7fdb2432a000-7fdb24529000 ---p 0000b000 08:05 6820442                    /lib/x86_64-linux-gnu/libnss_nis-2.23.so
7fdb24529000-7fdb2452a000 r--p 0000a000 08:05 6820442                    /lib/x86_64-linux-gnu/libnss_nis-2.23.so
7fdb2452a000-7fdb2452b000 rw-p 0000b000 08:05 6820442                    /lib/x86_64-linux-gnu/libnss_nis-2.23.so
7fdb2452b000-7fdb24541000 r-xp 00000000 08:05 6820426                    /lib/x86_64-linux-gnu/libnsl-2.23.so
7fdb24541000-7fdb24740000 ---p 00016000 08:05 6820426                    /lib/x86_64-linux-gnu/libnsl-2.23.so
7fdb24740000-7fdb24741000 r--p 00015000 08:05 6820426                    /lib/x86_64-linux-gnu/libnsl-2.23.so
7fdb24741000-7fdb24742000 rw-p 00016000 08:05 6820426                    /lib/x86_64-linux-gnu/libnsl-2.23.so
7fdb24742000-7fdb24744000 rw-p 00000000 00:00 0 
7fdb24744000-7fdb2474c000 r-xp 00000000 08:05 6820428                    /lib/x86_64-linux-gnu/libnss_compat-2.23.so
7fdb2474c000-7fdb2494b000 ---p 00008000 08:05 6820428                    /lib/x86_64-linux-gnu/libnss_compat-2.23.so
7fdb2494b000-7fdb2494c000 r--p 00007000 08:05 6820428                    /lib/x86_64-linux-gnu/libnss_compat-2.23.so
7fdb2494c000-7fdb2494d000 rw-p 00008000 08:05 6820428                    /lib/x86_64-linux-gnu/libnss_compat-2.23.so
7fdb2494d000-7fdb2530c000 r--p 00000000 08:05 793865                     /usr/lib/locale/locale-archive
7fdb2530c000-7fdb2530e000 r-xp 00000000 08:05 1447509                    /usr/lib/jvm/java-8-oracle/jre/lib/amd64/libnpt.so
7fdb2530e000-7fdb2550e000 ---p 00002000 08:05 1447509                    /usr/lib/jvm/java-8-oracle/jre/lib/amd64/libnpt.so
7fdb2550e000-7fdb2550f000 rw-p 00002000 08:05 1447509                    /usr/lib/jvm/java-8-oracle/jre/lib/amd64/libnpt.so
7fdb2550f000-7fdb25548000 r-xp 00000000 08:05 1447477                    /usr/lib/jvm/java-8-oracle/jre/lib/amd64/libjdwp.so
7fdb25548000-7fdb25747000 ---p 00039000 08:05 1447477                    /usr/lib/jvm/java-8-oracle/jre/lib/amd64/libjdwp.so
7fdb25747000-7fdb25749000 rw-p 00038000 08:05 1447477                    /usr/lib/jvm/java-8-oracle/jre/lib/amd64/libjdwp.so
7fdb25749000-7fdb25773000 r-xp 00000000 08:05 1447527                    /usr/lib/jvm/java-8-oracle/jre/lib/amd64/libjava.so
7fdb25773000-7fdb25973000 ---p 0002a000 08:05 1447527                    /usr/lib/jvm/java-8-oracle/jre/lib/amd64/libjava.so
7fdb25973000-7fdb25975000 rw-p 0002a000 08:05 1447527                    /usr/lib/jvm/java-8-oracle/jre/lib/amd64/libjava.so
7fdb25975000-7fdb25982000 r-xp 00000000 08:05 1447481                    /usr/lib/jvm/java-8-oracle/jre/lib/amd64/libverify.so
7fdb25982000-7fdb25b82000 ---p 0000d000 08:05 1447481                    /usr/lib/jvm/java-8-oracle/jre/lib/amd64/libverify.so
7fdb25b82000-7fdb25b84000 rw-p 0000d000 08:05 1447481                    /usr/lib/jvm/java-8-oracle/jre/lib/amd64/libverify.so
7fdb25b84000-7fdb25b8b000 r-xp 00000000 08:05 6820487                    /lib/x86_64-linux-gnu/librt-2.23.so
7fdb25b8b000-7fdb25d8a000 ---p 00007000 08:05 6820487                    /lib/x86_64-linux-gnu/librt-2.23.so
7fdb25d8a000-7fdb25d8b000 r--p 00006000 08:05 6820487                    /lib/x86_64-linux-gnu/librt-2.23.so
7fdb25d8b000-7fdb25d8c000 rw-p 00007000 08:05 6820487                    /lib/x86_64-linux-gnu/librt-2.23.so
7fdb25d8c000-7fdb25e94000 r-xp 00000000 08:05 6820403                    /lib/x86_64-linux-gnu/libm-2.23.so
7fdb25e94000-7fdb26093000 ---p 00108000 08:05 6820403                    /lib/x86_64-linux-gnu/libm-2.23.so
7fdb26093000-7fdb26094000 r--p 00107000 08:05 6820403                    /lib/x86_64-linux-gnu/libm-2.23.so
7fdb26094000-7fdb26095000 rw-p 00108000 08:05 6820403                    /lib/x86_64-linux-gnu/libm-2.23.so
7fdb26095000-7fdb26d60000 r-xp 00000000 08:05 1447531                    /usr/lib/jvm/java-8-oracle/jre/lib/amd64/server/libjvm.so
7fdb26d60000-7fdb26f5f000 ---p 00ccb000 08:05 1447531                    /usr/lib/jvm/java-8-oracle/jre/lib/amd64/server/libjvm.so
7fdb26f5f000-7fdb27038000 rw-p 00cca000 08:05 1447531                    /usr/lib/jvm/java-8-oracle/jre/lib/amd64/server/libjvm.so
7fdb27038000-7fdb27083000 rw-p 00000000 00:00 0 
7fdb27083000-7fdb27243000 r-xp 00000000 08:05 6820333                    /lib/x86_64-linux-gnu/libc-2.23.so
7fdb27243000-7fdb27442000 ---p 001c0000 08:05 6820333                    /lib/x86_64-linux-gnu/libc-2.23.so
7fdb27442000-7fdb27446000 r--p 001bf000 08:05 6820333                    /lib/x86_64-linux-gnu/libc-2.23.so
7fdb27446000-7fdb27448000 rw-p 001c3000 08:05 6820333                    /lib/x86_64-linux-gnu/libc-2.23.so
7fdb27448000-7fdb2744c000 rw-p 00000000 00:00 0 
7fdb2744c000-7fdb2744f000 r-xp 00000000 08:05 6820357                    /lib/x86_64-linux-gnu/libdl-2.23.so
7fdb2744f000-7fdb2764e000 ---p 00003000 08:05 6820357                    /lib/x86_64-linux-gnu/libdl-2.23.so
7fdb2764e000-7fdb2764f000 r--p 00002000 08:05 6820357                    /lib/x86_64-linux-gnu/libdl-2.23.so
7fdb2764f000-7fdb27650000 rw-p 00003000 08:05 6820357                    /lib/x86_64-linux-gnu/libdl-2.23.so
7fdb27650000-7fdb27665000 r-xp 00000000 08:05 1184579                    /usr/lib/jvm/java-8-oracle/lib/amd64/jli/libjli.so
7fdb27665000-7fdb27865000 ---p 00015000 08:05 1184579                    /usr/lib/jvm/java-8-oracle/lib/amd64/jli/libjli.so
7fdb27865000-7fdb27866000 rw-p 00015000 08:05 1184579                    /usr/lib/jvm/java-8-oracle/lib/amd64/jli/libjli.so
7fdb27866000-7fdb2787e000 r-xp 00000000 08:05 6820479                    /lib/x86_64-linux-gnu/libpthread-2.23.so
7fdb2787e000-7fdb27a7d000 ---p 00018000 08:05 6820479                    /lib/x86_64-linux-gnu/libpthread-2.23.so
7fdb27a7d000-7fdb27a7e000 r--p 00017000 08:05 6820479                    /lib/x86_64-linux-gnu/libpthread-2.23.so
7fdb27a7e000-7fdb27a7f000 rw-p 00018000 08:05 6820479                    /lib/x86_64-linux-gnu/libpthread-2.23.so
7fdb27a7f000-7fdb27a83000 rw-p 00000000 00:00 0 
7fdb27a83000-7fdb27aa9000 r-xp 00000000 08:05 6820305                    /lib/x86_64-linux-gnu/ld-2.23.so
7fdb27aa9000-7fdb27ab1000 r--s 00000000 08:05 917744                     /var/cache/fontconfig/52f7bdb7ce746bfd7eaa1985bd9cfa93-le64.cache-6
7fdb27ab1000-7fdb27b7c000 rw-p 00000000 00:00 0 
7fdb27b7c000-7fdb27b7f000 ---p 00000000 00:00 0 
7fdb27b7f000-7fdb27c81000 rw-p 00000000 00:00 0 
7fdb27c81000-7fdb27c82000 r--s 00000000 08:05 917755                     /var/cache/fontconfig/4794a0821666d79190d59a36cb4f44b5-le64.cache-6
7fdb27c82000-7fdb27c83000 r--s 00000000 08:05 917752                     /var/cache/fontconfig/bab58bb527bb656aaa9f116d68a48d89-le64.cache-6
7fdb27c83000-7fdb27c84000 r--s 00000000 08:05 917750                     /var/cache/fontconfig/56cf4f4769d0f4abc89a4895d7bd3ae1-le64.cache-6
7fdb27c84000-7fdb27c85000 r--s 00000000 08:05 917749                     /var/cache/fontconfig/b9d506c9ac06c20b433354fa67a72993-le64.cache-6
7fdb27c85000-7fdb27c86000 r--s 00000000 08:05 917742                     /var/cache/fontconfig/551ecf3b0e8b0bca0f25c0944f561853-le64.cache-6
7fdb27c86000-7fdb27c87000 r--s 00000000 08:05 917740                     /var/cache/fontconfig/30829fa25452a46451e813d634d7f916-le64.cache-6
7fdb27c87000-7fdb27c88000 r--s 00000000 08:05 917739                     /var/cache/fontconfig/0c9eb80ebd1c36541ebe2852d3bb0c49-le64.cache-6
7fdb27c88000-7fdb27c8b000 r--s 00000000 08:05 917737                     /var/cache/fontconfig/75114ca45c98e8a441da0ff356701271-le64.cache-6
7fdb27c8b000-7fdb27c8f000 r--s 00000000 08:05 917728                     /var/cache/fontconfig/7ef2298fde41cc6eeb7af42e48b7d293-le64.cache-6
7fdb27c8f000-7fdb27c96000 r--s 00000000 08:05 1051769                    /usr/lib/x86_64-linux-gnu/gconv/gconv-modules.cache
7fdb27c96000-7fdb27c9b000 r--s 002f9000 08:05 1447380                    /usr/lib/jvm/java-8-oracle/jre/lib/charsets.jar
7fdb27c9b000-7fdb27c9c000 r--s 00000000 08:05 1185931                    /usr/share/java/AbsoluteLayout-8.1.jar
7fdb27c9c000-7fdb27ca4000 rw-s 00000000 08:05 5636143                    /tmp/hsperfdata_thallys/8768
7fdb27ca4000-7fdb27ca5000 rw-p 00000000 00:00 0 
7fdb27ca5000-7fdb27ca6000 r--p 00000000 00:00 0 
7fdb27ca6000-7fdb27ca8000 rw-p 00000000 00:00 0 
7fdb27ca8000-7fdb27ca9000 r--p 00025000 08:05 6820305                    /lib/x86_64-linux-gnu/ld-2.23.so
7fdb27ca9000-7fdb27caa000 rw-p 00026000 08:05 6820305                    /lib/x86_64-linux-gnu/ld-2.23.so
7fdb27caa000-7fdb27cab000 rw-p 00000000 00:00 0 
7ffea2a21000-7ffea2a42000 rw-p 00000000 00:00 0                          [stack]
7ffea2b72000-7ffea2b74000 r--p 00000000 00:00 0                          [vvar]
7ffea2b74000-7ffea2b76000 r-xp 00000000 00:00 0                          [vdso]
ffffffffff600000-ffffffffff601000 r-xp 00000000 00:00 0                  [vsyscall]

VM Arguments:
jvm_args: -Xdebug -Xrunjdwp:transport=dt_socket,address=localhost:35878 -Dfile.encoding=UTF-8 
java_command: prototipotela.TelaLogin
java_class_path (initial): /usr/share/netbeans/8.1/java/modules/ext/AbsoluteLayout.jar:/home/thallys/Área de Trabalho/PrototipoTela/build/classes
Launcher Type: SUN_STANDARD

Environment Variables:
PATH=/home/thallys/netkit-ng/bin:/usr/local/sbin:/usr/local/bin:/usr/sbin:/usr/bin:/sbin:/bin:/usr/games:/usr/local/games:/snap/bin
LD_LIBRARY_PATH=/usr/lib/jvm/java-8-oracle/bin/../jre/lib/amd64:/usr/lib/jvm/java-8-oracle/bin/../jre/lib/i386:
SHELL=/bin/bash
DISPLAY=:0

Signal Handlers:
SIGSEGV: [libjvm.so+0xac4790], sa_mask[0]=11111111011111111101111111111110, sa_flags=SA_RESTART|SA_SIGINFO
SIGBUS: [libjvm.so+0xac4790], sa_mask[0]=11111111011111111101111111111110, sa_flags=SA_RESTART|SA_SIGINFO
SIGFPE: [libjvm.so+0x91f140], sa_mask[0]=11111111011111111101111111111110, sa_flags=SA_RESTART|SA_SIGINFO
SIGPIPE: [libjvm.so+0x91f140], sa_mask[0]=11111111011111111101111111111110, sa_flags=SA_RESTART|SA_SIGINFO
SIGXFSZ: [libjvm.so+0x91f140], sa_mask[0]=11111111011111111101111111111110, sa_flags=SA_RESTART|SA_SIGINFO
SIGILL: [libjvm.so+0x91f140], sa_mask[0]=11111111011111111101111111111110, sa_flags=SA_RESTART|SA_SIGINFO
SIGUSR1: SIG_DFL, sa_mask[0]=00000000000000000000000000000000, sa_flags=none
SIGUSR2: [libjvm.so+0x920770], sa_mask[0]=00100000000000000000000000000000, sa_flags=SA_RESTART|SA_SIGINFO
SIGHUP: [libjvm.so+0x921b70], sa_mask[0]=11111111011111111101111111111110, sa_flags=SA_RESTART|SA_SIGINFO
SIGINT: SIG_IGN, sa_mask[0]=00000000000000000000000000000000, sa_flags=none
SIGTERM: [libjvm.so+0x921b70], sa_mask[0]=11111111011111111101111111111110, sa_flags=SA_RESTART|SA_SIGINFO
SIGQUIT: [libjvm.so+0x921b70], sa_mask[0]=11111111011111111101111111111110, sa_flags=SA_RESTART|SA_SIGINFO


---------------  S Y S T E M  ---------------

OS:DISTRIB_ID=Ubuntu
DISTRIB_RELEASE=16.04
DISTRIB_CODENAME=xenial
DISTRIB_DESCRIPTION="Ubuntu 16.04.1 LTS"

uname:Linux 4.4.0-36-generic #55-Ubuntu SMP Thu Aug 11 18:01:55 UTC 2016 x86_64
libc:glibc 2.23 NPTL 2.23 
rlimit: STACK 8192k, CORE 0k, NPROC 31462, NOFILE 65536, AS infinity
load average:0,29 0,28 0,35

/proc/meminfo:
MemTotal:        8092972 kB
MemFree:         3585848 kB
MemAvailable:    4582560 kB
Buffers:          117396 kB
Cached:          1662236 kB
SwapCached:            0 kB
Active:          3197996 kB
Inactive:        1070060 kB
Active(anon):    2491928 kB
Inactive(anon):   594884 kB
Active(file):     706068 kB
Inactive(file):   475176 kB
Unevictable:         136 kB
Mlocked:             136 kB
SwapTotal:             0 kB
SwapFree:              0 kB
Dirty:               712 kB
Writeback:             0 kB
AnonPages:       2488508 kB
Mapped:           653044 kB
Shmem:            598392 kB
Slab:             120016 kB
SReclaimable:      77896 kB
SUnreclaim:        42120 kB
KernelStack:       10448 kB
PageTables:        43732 kB
NFS_Unstable:          0 kB
Bounce:                0 kB
WritebackTmp:          0 kB
CommitLimit:     4046484 kB
Committed_AS:    8215336 kB
VmallocTotal:   34359738367 kB
VmallocUsed:           0 kB
VmallocChunk:          0 kB
HardwareCorrupted:     0 kB
AnonHugePages:   1548288 kB
CmaTotal:              0 kB
CmaFree:               0 kB
HugePages_Total:       0
HugePages_Free:        0
HugePages_Rsvd:        0
HugePages_Surp:        0
Hugepagesize:       2048 kB
DirectMap4k:      200896 kB
DirectMap2M:     6008832 kB
DirectMap1G:     3145728 kB


CPU:total 4 (2 cores per cpu, 2 threads per core) family 6 model 61 stepping 4, cmov, cx8, fxsr, mmx, sse, sse2, sse3, ssse3, sse4.1, sse4.2, popcnt, avx, avx2, aes, clmul, erms, 3dnowpref, lzcnt, ht, tsc, tscinvbit, bmi1, bmi2, adx

/proc/cpuinfo:
processor	: 0
vendor_id	: GenuineIntel
cpu family	: 6
model		: 61
model name	: Intel(R) Core(TM) i5-5200U CPU @ 2.20GHz
stepping	: 4
microcode	: 0x1f
cpu MHz		: 2499.921
cache size	: 3072 KB
physical id	: 0
siblings	: 4
core id		: 0
cpu cores	: 2
apicid		: 0
initial apicid	: 0
fpu		: yes
fpu_exception	: yes
cpuid level	: 20
wp		: yes
flags		: fpu vme de pse tsc msr pae mce cx8 apic sep mtrr pge mca cmov pat pse36 clflush dts acpi mmx fxsr sse sse2 ss ht tm pbe syscall nx pdpe1gb rdtscp lm constant_tsc arch_perfmon pebs bts rep_good nopl xtopology nonstop_tsc aperfmperf eagerfpu pni pclmulqdq dtes64 monitor ds_cpl vmx est tm2 ssse3 sdbg fma cx16 xtpr pdcm pcid sse4_1 sse4_2 x2apic movbe popcnt tsc_deadline_timer aes xsave avx f16c rdrand lahf_lm abm 3dnowprefetch epb intel_pt tpr_shadow vnmi flexpriority ept vpid fsgsbase tsc_adjust bmi1 avx2 smep bmi2 erms invpcid rdseed adx smap xsaveopt dtherm ida arat pln pts
bugs		:
bogomips	: 4399.86
clflush size	: 64
cache_alignment	: 64
address sizes	: 39 bits physical, 48 bits virtual
power management:

processor	: 1
vendor_id	: GenuineIntel
cpu family	: 6
model		: 61
model name	: Intel(R) Core(TM) i5-5200U CPU @ 2.20GHz
stepping	: 4
microcode	: 0x1f
cpu MHz		: 2499.921
cache size	: 3072 KB
physical id	: 0
siblings	: 4
core id		: 1
cpu cores	: 2
apicid		: 2
initial apicid	: 2
fpu		: yes
fpu_exception	: yes
cpuid level	: 20
wp		: yes
flags		: fpu vme de pse tsc msr pae mce cx8 apic sep mtrr pge mca cmov pat pse36 clflush dts acpi mmx fxsr sse sse2 ss ht tm pbe syscall nx pdpe1gb rdtscp lm constant_tsc arch_perfmon pebs bts rep_good nopl xtopology nonstop_tsc aperfmperf eagerfpu pni pclmulqdq dtes64 monitor ds_cpl vmx est tm2 ssse3 sdbg fma cx16 xtpr pdcm pcid sse4_1 sse4_2 x2apic movbe popcnt tsc_deadline_timer aes xsave avx f16c rdrand lahf_lm abm 3dnowprefetch epb intel_pt tpr_shadow vnmi flexpriority ept vpid fsgsbase tsc_adjust bmi1 avx2 smep bmi2 erms invpcid rdseed adx smap xsaveopt dtherm ida arat pln pts
bugs		:
bogomips	: 4399.86
clflush size	: 64
cache_alignment	: 64
address sizes	: 39 bits physical, 48 bits virtual
power management:

processor	: 2
vendor_id	: GenuineIntel
cpu family	: 6
model		: 61
model name	: Intel(R) Core(TM) i5-5200U CPU @ 2.20GHz
stepping	: 4
microcode	: 0x1f
cpu MHz		: 2499.921
cache size	: 3072 KB
physical id	: 0
siblings	: 4
core id		: 0
cpu cores	: 2
apicid		: 1
initial apicid	: 1
fpu		: yes
fpu_exception	: yes
cpuid level	: 20
wp		: yes
flags		: fpu vme de pse tsc msr pae mce cx8 apic sep mtrr pge mca cmov pat pse36 clflush dts acpi mmx fxsr sse sse2 ss ht tm pbe syscall nx pdpe1gb rdtscp lm constant_tsc arch_perfmon pebs bts rep_good nopl xtopology nonstop_tsc aperfmperf eagerfpu pni pclmulqdq dtes64 monitor ds_cpl vmx est tm2 ssse3 sdbg fma cx16 xtpr pdcm pcid sse4_1 sse4_2 x2apic movbe popcnt tsc_deadline_timer aes xsave avx f16c rdrand lahf_lm abm 3dnowprefetch epb intel_pt tpr_shadow vnmi flexpriority ept vpid fsgsbase tsc_adjust bmi1 avx2 smep bmi2 erms invpcid rdseed adx smap xsaveopt dtherm ida arat pln pts
bugs		:
bogomips	: 4399.86
clflush size	: 64
cache_alignment	: 64
address sizes	: 39 bits physical, 48 bits virtual
power management:

processor	: 3
vendor_id	: GenuineIntel
cpu family	: 6
model		: 61
model name	: Intel(R) Core(TM) i5-5200U CPU @ 2.20GHz
stepping	: 4
microcode	: 0x1f
cpu MHz		: 2499.921
cache size	: 3072 KB
physical id	: 0
siblings	: 4
core id		: 1
cpu cores	: 2
apicid		: 3
initial apicid	: 3
fpu		: yes
fpu_exception	: yes
cpuid level	: 20
wp		: yes
flags		: fpu vme de pse tsc msr pae mce cx8 apic sep mtrr pge mca cmov pat pse36 clflush dts acpi mmx fxsr sse sse2 ss ht tm pbe syscall nx pdpe1gb rdtscp lm constant_tsc arch_perfmon pebs bts rep_good nopl xtopology nonstop_tsc aperfmperf eagerfpu pni pclmulqdq dtes64 monitor ds_cpl vmx est tm2 ssse3 sdbg fma cx16 xtpr pdcm pcid sse4_1 sse4_2 x2apic movbe popcnt tsc_deadline_timer aes xsave avx f16c rdrand lahf_lm abm 3dnowprefetch epb intel_pt tpr_shadow vnmi flexpriority ept vpid fsgsbase tsc_adjust bmi1 avx2 smep bmi2 erms invpcid rdseed adx smap xsaveopt dtherm ida arat pln pts
bugs		:
bogomips	: 4399.86
clflush size	: 64
cache_alignment	: 64
address sizes	: 39 bits physical, 48 bits virtual
power management:



Memory: 4k page, physical 8092972k(3585848k free), swap 0k(0k free)

vm_info: Java HotSpot(TM) 64-Bit Server VM (25.101-b13) for linux-amd64 JRE (1.8.0_101-b13), built on Jun 22 2016 02:59:44 by "java_re" with gcc 4.3.0 20080428 (Red Hat 4.3.0-8)

time: Tue Sep 20 09:54:29 2016
elapsed time: 2 seconds (0d 0h 0m 2s)

